#
# There is insufficient memory for the Java Runtime Environment to continue.
# Native memory allocation (mmap) failed to map 93323264 bytes. Error detail: G1 virtual space
# Possible reasons:
#   The system is out of physical RAM or swap space
#   This process is running with CompressedOops enabled, and the Java Heap may be blocking the growth of the native heap
# Possible solutions:
#   Reduce memory load on the system
#   Increase physical memory or swap space
#   Check if swap backing store is full
#   Decrease Java heap size (-Xmx/-Xms)
#   Decrease number of Java threads
#   Decrease Java thread stack sizes (-Xss)
#   Set larger code cache with -XX:ReservedCodeCacheSize=
#   JVM is running with Unscaled Compressed Oops mode in which the Java heap is
#     placed in the first 4GB address space. The Java Heap base address is the
#     maximum limit for the native heap growth. Please use -XX:HeapBaseMinAddress
#     to set the Java Heap base and to place the Java Heap above 4GB virtual address.
# This output file may be truncated or incomplete.
#
#  Out of Memory Error (os_windows.cpp:3825), pid=4264, tid=3916
#
# JRE version: OpenJDK Runtime Environment (17.0.11) (build 17.0.11+0--11852314)
# Java VM: OpenJDK 64-Bit Server VM (17.0.11+0--11852314, mixed mode, tiered, compressed oops, compressed class ptrs, g1 gc, windows-amd64)
# No core dump will be written. Minidumps are not enabled by default on client versions of Windows
#

---------------  S U M M A R Y ------------

Command Line: --add-opens=java.base/java.util=ALL-UNNAMED --add-opens=java.base/java.lang=ALL-UNNAMED --add-opens=java.base/java.lang.invoke=ALL-UNNAMED --add-opens=java.prefs/java.util.prefs=ALL-UNNAMED --add-opens=java.base/java.nio.charset=ALL-UNNAMED --add-opens=java.base/java.net=ALL-UNNAMED --add-opens=java.base/java.util.concurrent.atomic=ALL-UNNAMED -Xmx2048m -Dfile.encoding=UTF-8 -Duser.country=ES -Duser.language=es -Duser.variant -javaagent:C:\Users\VICTORHERNANIALBIOL\.gradle\wrapper\dists\gradle-8.7-bin\bhs2wmbdwecv87pi65oeuq5iu\gradle-8.7\lib\agents\gradle-instrumentation-agent-8.7.jar org.gradle.launcher.daemon.bootstrap.GradleDaemon 8.7

Host: 11th Gen Intel(R) Core(TM) i5-11400 @ 2.60GHz, 12 cores, 15G,  Windows 10 , 64 bit Build 19041 (10.0.19041.5198)
Time: Fri Feb  7 13:12:26 2025 Hora estándar romance elapsed time: 3.749727 seconds (0d 0h 0m 3s)

---------------  T H R E A D  ---------------

Current thread (0x000001aef0014220):  VMThread "VM Thread" [stack: 0x0000000bce700000,0x0000000bce800000] [id=3916]

Stack: [0x0000000bce700000,0x0000000bce800000]
Native frames: (J=compiled Java code, j=interpreted, Vv=VM code, C=native code)
V  [jvm.dll+0x687bb9]
V  [jvm.dll+0x84142a]
V  [jvm.dll+0x8430ae]
V  [jvm.dll+0x843713]
V  [jvm.dll+0x24a35f]
V  [jvm.dll+0x684989]
V  [jvm.dll+0x67923a]
V  [jvm.dll+0x30af0b]
V  [jvm.dll+0x3123b6]
V  [jvm.dll+0x361dfe]
V  [jvm.dll+0x36202f]
V  [jvm.dll+0x2e0d38]
V  [jvm.dll+0x2df144]
V  [jvm.dll+0x2de74c]
V  [jvm.dll+0x32305b]
V  [jvm.dll+0x847e0b]
V  [jvm.dll+0x848b42]
V  [jvm.dll+0x84905d]
V  [jvm.dll+0x849434]
V  [jvm.dll+0x849500]
V  [jvm.dll+0x7efa4a]
V  [jvm.dll+0x686a35]
C  [ucrtbase.dll+0x21bb2]
C  [KERNEL32.DLL+0x17374]
C  [ntdll.dll+0x4cc91]

VM_Operation (0x0000000bd01f24f0): G1CollectForAllocation, mode: safepoint, requested by thread 0x000001aef11d3ae0


---------------  P R O C E S S  ---------------

Threads class SMR info:
_java_thread_list=0x000001aef4284c70, length=59, elements={
0x000001aecfb0e9b0, 0x000001aef0060970, 0x000001aef0061380, 0x000001aef00a2020,
0x000001aef00a4ff0, 0x000001aef00a5bb0, 0x000001aef00a6770, 0x000001aef00bf440,
0x000001aef00bfef0, 0x000001aef00c8900, 0x000001aeeba68c00, 0x000001aef03973c0,
0x000001aef05f5420, 0x000001aef1307d30, 0x000001aef29c39b0, 0x000001aef15957a0,
0x000001aef1295890, 0x000001aef3d25b50, 0x000001aef3a01470, 0x000001aef117e5a0,
0x000001aef11d3ae0, 0x000001aef0a46690, 0x000001aef0a43e10, 0x000001aef0a42ee0,
0x000001aef0a44830, 0x000001aef0a44d40, 0x000001aef32d2400, 0x000001aef32d2e20,
0x000001aef32d3840, 0x000001aef32d5bb0, 0x000001aef32d3d50, 0x000001aef32d4260,
0x000001aef32d4770, 0x000001aef39eb3b0, 0x000001aef39eeb60, 0x000001aef39e9f70,
0x000001aef39e9550, 0x000001aef39ef070, 0x000001aef39ee650, 0x000001aef39efa90,
0x000001aef39e9a60, 0x000001aef39effa0, 0x000001aef39ed210, 0x000001aef39ec2e0,
0x000001aef39ed720, 0x000001aef39edc30, 0x000001aef39ef580, 0x000001aef39f04b0,
0x000001aef39ea990, 0x000001aef39ea480, 0x000001aef39e9040, 0x000001aef39f09c0,
0x000001aef39eb8c0, 0x000001aef0a43900, 0x000001aef0a45c70, 0x000001aef0a46180,
0x000001aef3610e90, 0x000001aef3613c20, 0x000001aef36127e0
}

Java Threads: ( => current thread )
  0x000001aecfb0e9b0 JavaThread "main" [_thread_blocked, id=7124, stack(0x0000000bce100000,0x0000000bce200000)]
  0x000001aef0060970 JavaThread "Reference Handler" daemon [_thread_blocked, id=12832, stack(0x0000000bce800000,0x0000000bce900000)]
  0x000001aef0061380 JavaThread "Finalizer" daemon [_thread_blocked, id=13636, stack(0x0000000bce900000,0x0000000bcea00000)]
  0x000001aef00a2020 JavaThread "Signal Dispatcher" daemon [_thread_blocked, id=11904, stack(0x0000000bcea00000,0x0000000bceb00000)]
  0x000001aef00a4ff0 JavaThread "Attach Listener" daemon [_thread_blocked, id=12880, stack(0x0000000bceb00000,0x0000000bcec00000)]
  0x000001aef00a5bb0 JavaThread "Service Thread" daemon [_thread_blocked, id=5076, stack(0x0000000bcec00000,0x0000000bced00000)]
  0x000001aef00a6770 JavaThread "Monitor Deflation Thread" daemon [_thread_blocked, id=3032, stack(0x0000000bced00000,0x0000000bcee00000)]
  0x000001aef00bf440 JavaThread "C2 CompilerThread0" daemon [_thread_blocked, id=8516, stack(0x0000000bcee00000,0x0000000bcef00000)]
  0x000001aef00bfef0 JavaThread "C1 CompilerThread0" daemon [_thread_blocked, id=11212, stack(0x0000000bcef00000,0x0000000bcf000000)]
  0x000001aef00c8900 JavaThread "Sweeper thread" daemon [_thread_blocked, id=1644, stack(0x0000000bcf000000,0x0000000bcf100000)]
  0x000001aeeba68c00 JavaThread "Common-Cleaner" daemon [_thread_blocked, id=10796, stack(0x0000000bcf100000,0x0000000bcf200000)]
  0x000001aef03973c0 JavaThread "Notification Thread" daemon [_thread_blocked, id=7340, stack(0x0000000bcf200000,0x0000000bcf300000)]
  0x000001aef05f5420 JavaThread "C2 CompilerThread1" daemon [_thread_blocked, id=13084, stack(0x0000000bcf400000,0x0000000bcf500000)]
  0x000001aef1307d30 JavaThread "C2 CompilerThread2" daemon [_thread_in_native, id=13124, stack(0x0000000bcfa00000,0x0000000bcfb00000)]
  0x000001aef29c39b0 JavaThread "Daemon health stats" [_thread_blocked, id=3488, stack(0x0000000bcfb00000,0x0000000bcfc00000)]
  0x000001aef15957a0 JavaThread "Incoming local TCP Connector on port 52152" [_thread_in_native, id=9268, stack(0x0000000bcfc00000,0x0000000bcfd00000)]
  0x000001aef1295890 JavaThread "Daemon periodic checks" [_thread_blocked, id=7652, stack(0x0000000bcfd00000,0x0000000bcfe00000)]
  0x000001aef3d25b50 JavaThread "Daemon" [_thread_blocked, id=13348, stack(0x0000000bcfe00000,0x0000000bcff00000)]
  0x000001aef3a01470 JavaThread "Handler for socket connection from /127.0.0.1:52152 to /127.0.0.1:52153" [_thread_in_native, id=828, stack(0x0000000bcff00000,0x0000000bd0000000)]
  0x000001aef117e5a0 JavaThread "Cancel handler" [_thread_blocked, id=6812, stack(0x0000000bd0000000,0x0000000bd0100000)]
  0x000001aef11d3ae0 JavaThread "Daemon worker" [_thread_blocked, id=9896, stack(0x0000000bd0100000,0x0000000bd0200000)]
  0x000001aef0a46690 JavaThread "Asynchronous log dispatcher for DefaultDaemonConnection: socket connection from /127.0.0.1:52152 to /127.0.0.1:52153" [_thread_blocked, id=8072, stack(0x0000000bd0200000,0x0000000bd0300000)]
  0x000001aef0a43e10 JavaThread "Stdin handler" [_thread_blocked, id=3732, stack(0x0000000bd0300000,0x0000000bd0400000)]
  0x000001aef0a42ee0 JavaThread "Daemon client event forwarder" [_thread_blocked, id=12380, stack(0x0000000bd0400000,0x0000000bd0500000)]
  0x000001aef0a44830 JavaThread "Cache worker for journal cache (C:\Users\VICTORHERNANIALBIOL\.gradle\caches\journal-1)" [_thread_blocked, id=13524, stack(0x0000000bd0b00000,0x0000000bd0c00000)]
  0x000001aef0a44d40 JavaThread "File lock request listener" [_thread_in_native, id=12836, stack(0x0000000bd0c00000,0x0000000bd0d00000)]
  0x000001aef32d2400 JavaThread "Cache worker for file hash cache (C:\Users\VICTORHERNANIALBIOL\.gradle\caches\8.7\fileHashes)" [_thread_blocked, id=14328, stack(0x0000000bd0d00000,0x0000000bd0e00000)]
  0x000001aef32d2e20 JavaThread "Cache worker for file hash cache (C:\Users\VICTORHERNANIALBIOL\Documents\GitHub\PMM-Restaurante\.gradle\8.7\fileHashes)" [_thread_blocked, id=8612, stack(0x0000000bd0e00000,0x0000000bd0f00000)]
  0x000001aef32d3840 JavaThread "File watcher server" daemon [_thread_blocked, id=4156, stack(0x0000000bd0f00000,0x0000000bd1000000)]
  0x000001aef32d5bb0 JavaThread "File watcher consumer" daemon [_thread_blocked, id=4304, stack(0x0000000bd1000000,0x0000000bd1100000)]
  0x000001aef32d3d50 JavaThread "Cache worker for checksums cache (C:\Users\VICTORHERNANIALBIOL\Documents\GitHub\PMM-Restaurante\.gradle\8.7\checksums)" [_thread_blocked, id=5936, stack(0x0000000bd1100000,0x0000000bd1200000)]
  0x000001aef32d4260 JavaThread "Cache worker for cache directory md-supplier (C:\Users\VICTORHERNANIALBIOL\.gradle\caches\8.7\md-supplier)" [_thread_blocked, id=3744, stack(0x0000000bd1200000,0x0000000bd1300000)]
  0x000001aef32d4770 JavaThread "Cache worker for cache directory md-rule (C:\Users\VICTORHERNANIALBIOL\.gradle\caches\8.7\md-rule)" [_thread_blocked, id=2128, stack(0x0000000bd1300000,0x0000000bd1400000)]
  0x000001aef39eb3b0 JavaThread "Cache worker for file content cache (C:\Users\VICTORHERNANIALBIOL\.gradle\caches\8.7\fileContent)" [_thread_blocked, id=14268, stack(0x0000000bd1400000,0x0000000bd1500000)]
  0x000001aef39eeb60 JavaThread "Cache worker for Build Output Cleanup Cache (C:\Users\VICTORHERNANIALBIOL\Documents\GitHub\PMM-Restaurante\.gradle\buildOutputCleanup)" [_thread_blocked, id=9704, stack(0x0000000bd1500000,0x0000000bd1600000)]
  0x000001aef39e9f70 JavaThread "Unconstrained build operations" [_thread_blocked, id=7316, stack(0x0000000bd1600000,0x0000000bd1700000)]
  0x000001aef39e9550 JavaThread "Unconstrained build operations Thread 2" [_thread_blocked, id=7152, stack(0x0000000bd1700000,0x0000000bd1800000)]
  0x000001aef39ef070 JavaThread "Unconstrained build operations Thread 3" [_thread_blocked, id=7560, stack(0x0000000bd1800000,0x0000000bd1900000)]
  0x000001aef39ee650 JavaThread "Unconstrained build operations Thread 4" [_thread_blocked, id=12740, stack(0x0000000bd1900000,0x0000000bd1a00000)]
  0x000001aef39efa90 JavaThread "Unconstrained build operations Thread 5" [_thread_blocked, id=13996, stack(0x0000000bd1a00000,0x0000000bd1b00000)]
  0x000001aef39e9a60 JavaThread "Unconstrained build operations Thread 6" [_thread_blocked, id=6624, stack(0x0000000bd1b00000,0x0000000bd1c00000)]
  0x000001aef39effa0 JavaThread "Unconstrained build operations Thread 7" [_thread_blocked, id=3876, stack(0x0000000bd1c00000,0x0000000bd1d00000)]
  0x000001aef39ed210 JavaThread "Unconstrained build operations Thread 8" [_thread_blocked, id=11944, stack(0x0000000bd1d00000,0x0000000bd1e00000)]
  0x000001aef39ec2e0 JavaThread "Unconstrained build operations Thread 9" [_thread_blocked, id=7704, stack(0x0000000bd1e00000,0x0000000bd1f00000)]
  0x000001aef39ed720 JavaThread "Unconstrained build operations Thread 10" [_thread_blocked, id=12840, stack(0x0000000bd1f00000,0x0000000bd2000000)]
  0x000001aef39edc30 JavaThread "Unconstrained build operations Thread 11" [_thread_blocked, id=4212, stack(0x0000000bd2000000,0x0000000bd2100000)]
  0x000001aef39ef580 JavaThread "Unconstrained build operations Thread 12" [_thread_blocked, id=13896, stack(0x0000000bd2100000,0x0000000bd2200000)]
  0x000001aef39f04b0 JavaThread "Unconstrained build operations Thread 13" [_thread_blocked, id=12336, stack(0x0000000bd2200000,0x0000000bd2300000)]
  0x000001aef39ea990 JavaThread "Unconstrained build operations Thread 14" [_thread_blocked, id=2972, stack(0x0000000bd2300000,0x0000000bd2400000)]
  0x000001aef39ea480 JavaThread "Unconstrained build operations Thread 15" [_thread_blocked, id=9876, stack(0x0000000bd2400000,0x0000000bd2500000)]
  0x000001aef39e9040 JavaThread "Unconstrained build operations Thread 16" [_thread_blocked, id=13148, stack(0x0000000bd2500000,0x0000000bd2600000)]
  0x000001aef39f09c0 JavaThread "Unconstrained build operations Thread 17" [_thread_blocked, id=4776, stack(0x0000000bd2600000,0x0000000bd2700000)]
  0x000001aef39eb8c0 JavaThread "Unconstrained build operations Thread 18" [_thread_blocked, id=8456, stack(0x0000000bd2700000,0x0000000bd2800000)]
  0x000001aef0a43900 JavaThread "Unconstrained build operations Thread 19" [_thread_blocked, id=1876, stack(0x0000000bd2800000,0x0000000bd2900000)]
  0x000001aef0a45c70 JavaThread "Unconstrained build operations Thread 20" [_thread_blocked, id=2040, stack(0x0000000bd2900000,0x0000000bd2a00000)]
  0x000001aef0a46180 JavaThread "Unconstrained build operations Thread 21" [_thread_blocked, id=13008, stack(0x0000000bd2a00000,0x0000000bd2b00000)]
  0x000001aef3610e90 JavaThread "Unconstrained build operations Thread 22" [_thread_blocked, id=11820, stack(0x0000000bd2b00000,0x0000000bd2c00000)]
  0x000001aef3613c20 JavaThread "build event listener" [_thread_blocked, id=1288, stack(0x0000000bd2c00000,0x0000000bd2d00000)]
  0x000001aef36127e0 JavaThread "Memory manager" [_thread_blocked, id=13656, stack(0x0000000bd2d00000,0x0000000bd2e00000)]

Other Threads:
=>0x000001aef0014220 VMThread "VM Thread" [stack: 0x0000000bce700000,0x0000000bce800000] [id=3916]
  0x000001aed1be03d0 WatcherThread [stack: 0x0000000bcf300000,0x0000000bcf400000] [id=5672]
  0x000001aed1c3ad60 GCTaskThread "GC Thread#0" [stack: 0x0000000bce200000,0x0000000bce300000] [id=7952]
  0x000001aef11817a0 GCTaskThread "GC Thread#1" [stack: 0x0000000bcf500000,0x0000000bcf600000] [id=7980]
  0x000001aef0a1a460 GCTaskThread "GC Thread#2" [stack: 0x0000000bcf600000,0x0000000bcf700000] [id=12460]
  0x000001aef0a1a720 GCTaskThread "GC Thread#3" [stack: 0x0000000bcf700000,0x0000000bcf800000] [id=11760]
  0x000001aef0a1a9e0 GCTaskThread "GC Thread#4" [stack: 0x0000000bcf800000,0x0000000bcf900000] [id=12976]
  0x000001aef08df070 GCTaskThread "GC Thread#5" [stack: 0x0000000bcf900000,0x0000000bcfa00000] [id=5932]
  0x000001aef12a4420 GCTaskThread "GC Thread#6" [stack: 0x0000000bd0500000,0x0000000bd0600000] [id=5576]
  0x000001aef1abe6c0 GCTaskThread "GC Thread#7" [stack: 0x0000000bd0600000,0x0000000bd0700000] [id=736]
  0x000001aef1350d30 GCTaskThread "GC Thread#8" [stack: 0x0000000bd0700000,0x0000000bd0800000] [id=11520]
  0x000001aef1c132c0 GCTaskThread "GC Thread#9" [stack: 0x0000000bd0800000,0x0000000bd0900000] [id=14020]
  0x000001aed1c4bcb0 ConcurrentGCThread "G1 Main Marker" [stack: 0x0000000bce300000,0x0000000bce400000] [id=2808]
  0x000001aed1c4c6d0 ConcurrentGCThread "G1 Conc#0" [stack: 0x0000000bce400000,0x0000000bce500000] [id=13172]
  0x000001aef1c13b00 ConcurrentGCThread "G1 Conc#1" [stack: 0x0000000bd0900000,0x0000000bd0a00000] [id=7104]
  0x000001aef1c13580 ConcurrentGCThread "G1 Conc#2" [stack: 0x0000000bd0a00000,0x0000000bd0b00000] [id=8204]
  0x000001aeeb936090 ConcurrentGCThread "G1 Refine#0" [stack: 0x0000000bce500000,0x0000000bce600000] [id=8156]
  0x000001aeeb9369d0 ConcurrentGCThread "G1 Service" [stack: 0x0000000bce600000,0x0000000bce700000] [id=13164]

Threads with active compile tasks:
C2 CompilerThread2     3763 7070   !   4       com.google.common.reflect.TypeVisitor::visit (225 bytes)

VM state: at safepoint (normal execution)

VM Mutex/Monitor currently owned by a thread:  ([mutex/lock_event])
[0x000001aed1bda550] Threads_lock - owner thread: 0x000001aef0014220
[0x000001aed1bdbe10] Heap_lock - owner thread: 0x000001aef11d3ae0

Heap address: 0x0000000080000000, size: 2048 MB, Compressed Oops mode: 32-bit

CDS archive(s) not mapped
Compressed class space mapped at: 0x0000000100000000-0x0000000140000000, reserved size: 1073741824
Narrow klass base: 0x0000000000000000, Narrow klass shift: 3, Narrow klass range: 0x140000000

GC Precious Log:
 CPUs: 12 total, 12 available
 Memory: 16193M
 Large Page Support: Disabled
 NUMA Support: Disabled
 Compressed Oops: Enabled (32-bit)
 Heap Region Size: 1M
 Heap Min Capacity: 8M
 Heap Initial Capacity: 254M
 Heap Max Capacity: 2G
 Pre-touch: Disabled
 Parallel Workers: 10
 Concurrent Workers: 3
 Concurrent Refinement Workers: 10
 Periodic GC: Disabled

Heap:
 garbage-first heap   total 116736K, used 66708K [0x0000000080000000, 0x0000000100000000)
  region size 1024K, 2 young (2048K), 2 survivors (2048K)
 Metaspace       used 65767K, committed 66368K, reserved 1114112K
  class space    used 9008K, committed 9280K, reserved 1048576K

Heap Regions: E=young(eden), S=young(survivor), O=old, HS=humongous(starts), HC=humongous(continues), CS=collection set, F=free, OA=open archive, CA=closed archive, TAMS=top-at-mark-start (previous, next)
|   0|0x0000000080000000, 0x0000000080100000, 0x0000000080100000|100%|HS|  |TAMS 0x0000000080100000, 0x0000000080100000| Complete 
|   1|0x0000000080100000, 0x0000000080200000, 0x0000000080200000|100%|HC|  |TAMS 0x0000000080200000, 0x0000000080200000| Complete 
|   2|0x0000000080200000, 0x0000000080300000, 0x0000000080300000|100%|HC|  |TAMS 0x0000000080300000, 0x0000000080300000| Complete 
|   3|0x0000000080300000, 0x0000000080400000, 0x0000000080400000|100%|HC|  |TAMS 0x0000000080400000, 0x0000000080400000| Complete 
|   4|0x0000000080400000, 0x0000000080500000, 0x0000000080500000|100%| O|  |TAMS 0x0000000080500000, 0x0000000080500000| Untracked 
|   5|0x0000000080500000, 0x0000000080600000, 0x0000000080600000|100%| O|  |TAMS 0x0000000080600000, 0x0000000080600000| Untracked 
|   6|0x0000000080600000, 0x0000000080700000, 0x0000000080700000|100%| O|  |TAMS 0x0000000080700000, 0x0000000080700000| Untracked 
|   7|0x0000000080700000, 0x0000000080800000, 0x0000000080800000|100%| O|  |TAMS 0x0000000080800000, 0x0000000080800000| Untracked 
|   8|0x0000000080800000, 0x0000000080900000, 0x0000000080900000|100%| O|  |TAMS 0x0000000080900000, 0x0000000080900000| Untracked 
|   9|0x0000000080900000, 0x0000000080a00000, 0x0000000080a00000|100%| O|  |TAMS 0x0000000080a00000, 0x0000000080a00000| Untracked 
|  10|0x0000000080a00000, 0x0000000080a00000, 0x0000000080b00000|  0%| F|  |TAMS 0x0000000080a00000, 0x0000000080a00000| Untracked 
|  11|0x0000000080b00000, 0x0000000080c00000, 0x0000000080c00000|100%| O|  |TAMS 0x0000000080c00000, 0x0000000080c00000| Untracked 
|  12|0x0000000080c00000, 0x0000000080d00000, 0x0000000080d00000|100%| O|  |TAMS 0x0000000080d00000, 0x0000000080d00000| Untracked 
|  13|0x0000000080d00000, 0x0000000080e00000, 0x0000000080e00000|100%| O|  |TAMS 0x0000000080e00000, 0x0000000080e00000| Untracked 
|  14|0x0000000080e00000, 0x0000000080f00000, 0x0000000080f00000|100%| O|  |TAMS 0x0000000080e00000, 0x0000000080f00000| Untracked 
|  15|0x0000000080f00000, 0x0000000081000000, 0x0000000081000000|100%| O|  |TAMS 0x0000000081000000, 0x0000000081000000| Untracked 
|  16|0x0000000081000000, 0x0000000081100000, 0x0000000081100000|100%| O|  |TAMS 0x0000000081100000, 0x0000000081100000| Untracked 
|  17|0x0000000081100000, 0x0000000081200000, 0x0000000081200000|100%| O|  |TAMS 0x0000000081200000, 0x0000000081200000| Untracked 
|  18|0x0000000081200000, 0x0000000081300000, 0x0000000081300000|100%| O|  |TAMS 0x0000000081300000, 0x0000000081300000| Untracked 
|  19|0x0000000081300000, 0x0000000081400000, 0x0000000081400000|100%| O|  |TAMS 0x0000000081400000, 0x0000000081400000| Untracked 
|  20|0x0000000081400000, 0x0000000081500000, 0x0000000081500000|100%| O|  |TAMS 0x0000000081500000, 0x0000000081500000| Untracked 
|  21|0x0000000081500000, 0x0000000081600000, 0x0000000081600000|100%| O|  |TAMS 0x0000000081600000, 0x0000000081600000| Untracked 
|  22|0x0000000081600000, 0x0000000081700000, 0x0000000081700000|100%| O|  |TAMS 0x0000000081700000, 0x0000000081700000| Untracked 
|  23|0x0000000081700000, 0x0000000081800000, 0x0000000081800000|100%| O|  |TAMS 0x0000000081800000, 0x0000000081800000| Untracked 
|  24|0x0000000081800000, 0x0000000081900000, 0x0000000081900000|100%| O|  |TAMS 0x0000000081900000, 0x0000000081900000| Untracked 
|  25|0x0000000081900000, 0x0000000081a00000, 0x0000000081a00000|100%| O|  |TAMS 0x0000000081a00000, 0x0000000081a00000| Untracked 
|  26|0x0000000081a00000, 0x0000000081b00000, 0x0000000081b00000|100%| O|  |TAMS 0x0000000081b00000, 0x0000000081b00000| Untracked 
|  27|0x0000000081b00000, 0x0000000081c00000, 0x0000000081c00000|100%| O|  |TAMS 0x0000000081c00000, 0x0000000081c00000| Untracked 
|  28|0x0000000081c00000, 0x0000000081d00000, 0x0000000081d00000|100%| O|  |TAMS 0x0000000081d00000, 0x0000000081d00000| Untracked 
|  29|0x0000000081d00000, 0x0000000081e00000, 0x0000000081e00000|100%| O|  |TAMS 0x0000000081e00000, 0x0000000081e00000| Untracked 
|  30|0x0000000081e00000, 0x0000000081f00000, 0x0000000081f00000|100%| O|  |TAMS 0x0000000081f00000, 0x0000000081f00000| Untracked 
|  31|0x0000000081f00000, 0x0000000082000000, 0x0000000082000000|100%| O|  |TAMS 0x0000000082000000, 0x0000000082000000| Untracked 
|  32|0x0000000082000000, 0x0000000082100000, 0x0000000082100000|100%| O|  |TAMS 0x0000000082100000, 0x0000000082100000| Untracked 
|  33|0x0000000082100000, 0x0000000082100000, 0x0000000082200000|  0%| F|  |TAMS 0x0000000082100000, 0x0000000082100000| Untracked 
|  34|0x0000000082200000, 0x0000000082300000, 0x0000000082300000|100%| O|  |TAMS 0x0000000082300000, 0x0000000082300000| Untracked 
|  35|0x0000000082300000, 0x0000000082400000, 0x0000000082400000|100%| O|  |TAMS 0x0000000082400000, 0x0000000082400000| Untracked 
|  36|0x0000000082400000, 0x0000000082500000, 0x0000000082500000|100%|HS|  |TAMS 0x0000000082500000, 0x0000000082500000| Complete 
|  37|0x0000000082500000, 0x0000000082600000, 0x0000000082600000|100%|HS|  |TAMS 0x0000000082600000, 0x0000000082600000| Complete 
|  38|0x0000000082600000, 0x0000000082700000, 0x0000000082700000|100%|HS|  |TAMS 0x0000000082700000, 0x0000000082700000| Complete 
|  39|0x0000000082700000, 0x0000000082800000, 0x0000000082800000|100%|HC|  |TAMS 0x0000000082800000, 0x0000000082800000| Complete 
|  40|0x0000000082800000, 0x0000000082900000, 0x0000000082900000|100%|HS|  |TAMS 0x0000000082900000, 0x0000000082900000| Complete 
|  41|0x0000000082900000, 0x0000000082a00000, 0x0000000082a00000|100%|HC|  |TAMS 0x0000000082a00000, 0x0000000082a00000| Complete 
|  42|0x0000000082a00000, 0x0000000082b00000, 0x0000000082b00000|100%| O|  |TAMS 0x0000000082b00000, 0x0000000082b00000| Untracked 
|  43|0x0000000082b00000, 0x0000000082c00000, 0x0000000082c00000|100%| O|  |TAMS 0x0000000082c00000, 0x0000000082c00000| Untracked 
|  44|0x0000000082c00000, 0x0000000082d00000, 0x0000000082d00000|100%|HS|  |TAMS 0x0000000082d00000, 0x0000000082d00000| Complete 
|  45|0x0000000082d00000, 0x0000000082e00000, 0x0000000082e00000|100%|HS|  |TAMS 0x0000000082e00000, 0x0000000082e00000| Complete 
|  46|0x0000000082e00000, 0x0000000082f00000, 0x0000000082f00000|100%|HS|  |TAMS 0x0000000082f00000, 0x0000000082f00000| Complete 
|  47|0x0000000082f00000, 0x0000000083000000, 0x0000000083000000|100%| O|  |TAMS 0x0000000083000000, 0x0000000083000000| Untracked 
|  48|0x0000000083000000, 0x0000000083100000, 0x0000000083100000|100%| O|  |TAMS 0x0000000083100000, 0x0000000083100000| Untracked 
|  49|0x0000000083100000, 0x0000000083200000, 0x0000000083200000|100%|HS|  |TAMS 0x0000000083200000, 0x0000000083200000| Complete 
|  50|0x0000000083200000, 0x0000000083300000, 0x0000000083300000|100%|HC|  |TAMS 0x0000000083300000, 0x0000000083300000| Complete 
|  51|0x0000000083300000, 0x0000000083400000, 0x0000000083400000|100%|HC|  |TAMS 0x0000000083400000, 0x0000000083400000| Complete 
|  52|0x0000000083400000, 0x0000000083500000, 0x0000000083500000|100%|HC|  |TAMS 0x0000000083500000, 0x0000000083500000| Complete 
|  53|0x0000000083500000, 0x0000000083600000, 0x0000000083600000|100%|HS|  |TAMS 0x0000000083600000, 0x0000000083600000| Complete 
|  54|0x0000000083600000, 0x0000000083700000, 0x0000000083700000|100%| O|  |TAMS 0x0000000083700000, 0x0000000083700000| Untracked 
|  55|0x0000000083700000, 0x0000000083800000, 0x0000000083800000|100%| O|  |TAMS 0x0000000083800000, 0x0000000083800000| Untracked 
|  56|0x0000000083800000, 0x0000000083900000, 0x0000000083900000|100%| O|  |TAMS 0x0000000083900000, 0x0000000083900000| Untracked 
|  57|0x0000000083900000, 0x0000000083a00000, 0x0000000083a00000|100%| O|  |TAMS 0x0000000083a00000, 0x0000000083a00000| Untracked 
|  58|0x0000000083a00000, 0x0000000083b00000, 0x0000000083b00000|100%| O|  |TAMS 0x0000000083b00000, 0x0000000083b00000| Untracked 
|  59|0x0000000083b00000, 0x0000000083c00000, 0x0000000083c00000|100%| O|  |TAMS 0x0000000083c00000, 0x0000000083c00000| Untracked 
|  60|0x0000000083c00000, 0x0000000083d00000, 0x0000000083d00000|100%| O|  |TAMS 0x0000000083d00000, 0x0000000083d00000| Untracked 
|  61|0x0000000083d00000, 0x0000000083e00000, 0x0000000083e00000|100%| O|  |TAMS 0x0000000083e00000, 0x0000000083e00000| Untracked 
|  62|0x0000000083e00000, 0x0000000083f00000, 0x0000000083f00000|100%| O|  |TAMS 0x0000000083ed9a00, 0x0000000083f00000| Untracked 
|  63|0x0000000083f00000, 0x0000000084000000, 0x0000000084000000|100%| O|  |TAMS 0x0000000083f00000, 0x0000000084000000| Untracked 
|  64|0x0000000084000000, 0x0000000084100000, 0x0000000084100000|100%| O|  |TAMS 0x0000000084100000, 0x0000000084100000| Untracked 
|  65|0x0000000084100000, 0x0000000084200000, 0x0000000084200000|100%| O|  |TAMS 0x0000000084200000, 0x0000000084200000| Untracked 
|  66|0x0000000084200000, 0x0000000084213000, 0x0000000084300000|  7%| O|  |TAMS 0x0000000084200000, 0x0000000084213000| Untracked 
|  67|0x0000000084300000, 0x0000000084300000, 0x0000000084400000|  0%| F|  |TAMS 0x0000000084300000, 0x0000000084300000| Untracked 
|  68|0x0000000084400000, 0x0000000084400000, 0x0000000084500000|  0%| F|  |TAMS 0x0000000084400000, 0x0000000084400000| Untracked 
|  69|0x0000000084500000, 0x0000000084500000, 0x0000000084600000|  0%| F|  |TAMS 0x0000000084500000, 0x0000000084500000| Untracked 
|  70|0x0000000084600000, 0x0000000084600000, 0x0000000084700000|  0%| F|  |TAMS 0x0000000084600000, 0x0000000084600000| Untracked 
|  71|0x0000000084700000, 0x0000000084700000, 0x0000000084800000|  0%| F|  |TAMS 0x0000000084700000, 0x0000000084700000| Untracked 
|  72|0x0000000084800000, 0x0000000084800000, 0x0000000084900000|  0%| F|  |TAMS 0x0000000084800000, 0x0000000084800000| Untracked 
|  73|0x0000000084900000, 0x0000000084900000, 0x0000000084a00000|  0%| F|  |TAMS 0x0000000084900000, 0x0000000084900000| Untracked 
|  74|0x0000000084a00000, 0x0000000084a00000, 0x0000000084b00000|  0%| F|  |TAMS 0x0000000084a00000, 0x0000000084a00000| Untracked 
|  75|0x0000000084b00000, 0x0000000084b00000, 0x0000000084c00000|  0%| F|  |TAMS 0x0000000084b00000, 0x0000000084b00000| Untracked 
|  76|0x0000000084c00000, 0x0000000084c00000, 0x0000000084d00000|  0%| F|  |TAMS 0x0000000084c00000, 0x0000000084c00000| Untracked 
|  77|0x0000000084d00000, 0x0000000084d00000, 0x0000000084e00000|  0%| F|  |TAMS 0x0000000084d00000, 0x0000000084d00000| Untracked 
|  78|0x0000000084e00000, 0x0000000084e00000, 0x0000000084f00000|  0%| F|  |TAMS 0x0000000084e00000, 0x0000000084e00000| Untracked 
|  79|0x0000000084f00000, 0x0000000084f00000, 0x0000000085000000|  0%| F|  |TAMS 0x0000000084f00000, 0x0000000084f00000| Untracked 
|  80|0x0000000085000000, 0x0000000085000000, 0x0000000085100000|  0%| F|  |TAMS 0x0000000085000000, 0x0000000085000000| Untracked 
|  81|0x0000000085100000, 0x0000000085100000, 0x0000000085200000|  0%| F|  |TAMS 0x0000000085100000, 0x0000000085100000| Untracked 
|  82|0x0000000085200000, 0x0000000085200000, 0x0000000085300000|  0%| F|  |TAMS 0x0000000085200000, 0x0000000085200000| Untracked 
|  83|0x0000000085300000, 0x0000000085300000, 0x0000000085400000|  0%| F|  |TAMS 0x0000000085300000, 0x0000000085300000| Untracked 
|  84|0x0000000085400000, 0x0000000085400000, 0x0000000085500000|  0%| F|  |TAMS 0x0000000085400000, 0x0000000085400000| Untracked 
|  85|0x0000000085500000, 0x0000000085512090, 0x0000000085600000|  7%| S|CS|TAMS 0x0000000085500000, 0x0000000085500000| Complete 
|  86|0x0000000085600000, 0x0000000085700000, 0x0000000085700000|100%| S|CS|TAMS 0x0000000085600000, 0x0000000085600000| Complete 
|  87|0x0000000085700000, 0x0000000085700000, 0x0000000085800000|  0%| F|  |TAMS 0x0000000085700000, 0x0000000085700000| Untracked 
|  88|0x0000000085800000, 0x0000000085800000, 0x0000000085900000|  0%| F|  |TAMS 0x0000000085800000, 0x0000000085800000| Untracked 
|  89|0x0000000085900000, 0x0000000085900000, 0x0000000085a00000|  0%| F|  |TAMS 0x0000000085900000, 0x0000000085900000| Untracked 
|  90|0x0000000085a00000, 0x0000000085a00000, 0x0000000085b00000|  0%| F|  |TAMS 0x0000000085a00000, 0x0000000085a00000| Untracked 
|  91|0x0000000085b00000, 0x0000000085b00000, 0x0000000085c00000|  0%| F|  |TAMS 0x0000000085b00000, 0x0000000085b00000| Untracked 
|  92|0x0000000085c00000, 0x0000000085c00000, 0x0000000085d00000|  0%| F|  |TAMS 0x0000000085c00000, 0x0000000085c00000| Untracked 
|  93|0x0000000085d00000, 0x0000000085d00000, 0x0000000085e00000|  0%| F|  |TAMS 0x0000000085d00000, 0x0000000085d00000| Untracked 
|  94|0x0000000085e00000, 0x0000000085e00000, 0x0000000085f00000|  0%| F|  |TAMS 0x0000000085e00000, 0x0000000085e00000| Untracked 
|  95|0x0000000085f00000, 0x0000000085f00000, 0x0000000086000000|  0%| F|  |TAMS 0x0000000085f00000, 0x0000000085f00000| Untracked 
|  96|0x0000000086000000, 0x0000000086000000, 0x0000000086100000|  0%| F|  |TAMS 0x0000000086000000, 0x0000000086000000| Untracked 
|  97|0x0000000086100000, 0x0000000086100000, 0x0000000086200000|  0%| F|  |TAMS 0x0000000086100000, 0x0000000086100000| Untracked 
|  98|0x0000000086200000, 0x0000000086200000, 0x0000000086300000|  0%| F|  |TAMS 0x0000000086200000, 0x0000000086200000| Untracked 
|  99|0x0000000086300000, 0x0000000086300000, 0x0000000086400000|  0%| F|  |TAMS 0x0000000086300000, 0x0000000086300000| Untracked 
| 100|0x0000000086400000, 0x0000000086400000, 0x0000000086500000|  0%| F|  |TAMS 0x0000000086400000, 0x0000000086400000| Untracked 
| 101|0x0000000086500000, 0x0000000086500000, 0x0000000086600000|  0%| F|  |TAMS 0x0000000086500000, 0x0000000086500000| Untracked 
| 102|0x0000000086600000, 0x0000000086600000, 0x0000000086700000|  0%| F|  |TAMS 0x0000000086600000, 0x0000000086600000| Untracked 
| 103|0x0000000086700000, 0x0000000086700000, 0x0000000086800000|  0%| F|  |TAMS 0x0000000086700000, 0x0000000086700000| Untracked 
| 193|0x000000008c100000, 0x000000008c100000, 0x000000008c200000|  0%| F|  |TAMS 0x000000008c100000, 0x000000008c100000| Untracked 
| 194|0x000000008c200000, 0x000000008c200000, 0x000000008c300000|  0%| F|  |TAMS 0x000000008c200000, 0x000000008c200000| Untracked 
| 195|0x000000008c300000, 0x000000008c300000, 0x000000008c400000|  0%| F|  |TAMS 0x000000008c300000, 0x000000008c300000| Untracked 
| 196|0x000000008c400000, 0x000000008c400000, 0x000000008c500000|  0%| F|  |TAMS 0x000000008c400000, 0x000000008c400000| Untracked 
| 197|0x000000008c500000, 0x000000008c500000, 0x000000008c600000|  0%| F|  |TAMS 0x000000008c500000, 0x000000008c500000| Untracked 
| 198|0x000000008c600000, 0x000000008c600000, 0x000000008c700000|  0%| F|  |TAMS 0x000000008c600000, 0x000000008c600000| Untracked 
| 199|0x000000008c700000, 0x000000008c700000, 0x000000008c800000|  0%| F|  |TAMS 0x000000008c700000, 0x000000008c700000| Untracked 
| 200|0x000000008c800000, 0x000000008c800000, 0x000000008c900000|  0%| F|  |TAMS 0x000000008c800000, 0x000000008c800000| Untracked 
| 201|0x000000008c900000, 0x000000008c900000, 0x000000008ca00000|  0%| F|  |TAMS 0x000000008c900000, 0x000000008c900000| Untracked 
| 253|0x000000008fd00000, 0x000000008fd00000, 0x000000008fe00000|  0%| F|  |TAMS 0x000000008fd00000, 0x000000008fd00000| Untracked 

Card table byte_map: [0x000001aee4a10000,0x000001aee4e10000] _byte_map_base: 0x000001aee4610000

Marking Bits (Prev, Next): (CMBitMap*) 0x000001aed1c3b380, (CMBitMap*) 0x000001aed1c3b3c0
 Prev Bits: [0x000001aee5210000, 0x000001aee7210000)
 Next Bits: [0x000001aee7210000, 0x000001aee9210000)

Polling page: 0x000001aecfb40000

Metaspace:

Usage:
  Non-class:     55.43 MB used.
      Class:      8.80 MB used.
       Both:     64.23 MB used.

Virtual space:
  Non-class space:       64.00 MB reserved,      55.75 MB ( 87%) committed,  1 nodes.
      Class space:        1.00 GB reserved,       9.06 MB ( <1%) committed,  1 nodes.
             Both:        1.06 GB reserved,      64.81 MB (  6%) committed. 

Chunk freelists:
   Non-Class:  8.23 MB
       Class:  6.88 MB
        Both:  15.11 MB

MaxMetaspaceSize: unlimited
CompressedClassSpaceSize: 1.00 GB
Initial GC threshold: 21.00 MB
Current GC threshold: 99.50 MB
CDS: off
MetaspaceReclaimPolicy: balanced
 - commit_granule_bytes: 65536.
 - commit_granule_words: 8192.
 - virtual_space_node_default_size: 8388608.
 - enlarge_chunks_in_place: 1.
 - new_chunks_are_fully_committed: 0.
 - uncommit_free_chunks: 1.
 - use_allocation_guard: 0.
 - handle_deallocations: 1.


Internal statistics:

num_allocs_failed_limit: 6.
num_arena_births: 768.
num_arena_deaths: 0.
num_vsnodes_births: 2.
num_vsnodes_deaths: 0.
num_space_committed: 1037.
num_space_uncommitted: 0.
num_chunks_returned_to_freelist: 6.
num_chunks_taken_from_freelist: 3093.
num_chunk_merges: 6.
num_chunk_splits: 2023.
num_chunks_enlarged: 1344.
num_inconsistent_stats: 0.

CodeHeap 'non-profiled nmethods': size=120000Kb used=3585Kb max_used=3585Kb free=116414Kb
 bounds [0x000001aedcb90000, 0x000001aedcf20000, 0x000001aee40c0000]
CodeHeap 'profiled nmethods': size=120000Kb used=11769Kb max_used=11769Kb free=108230Kb
 bounds [0x000001aed50c0000, 0x000001aed5c40000, 0x000001aedc5f0000]
CodeHeap 'non-nmethods': size=5760Kb used=1662Kb max_used=1701Kb free=4097Kb
 bounds [0x000001aedc5f0000, 0x000001aedc860000, 0x000001aedcb90000]
 total_blobs=7121 nmethods=6394 adapters=639
 compilation: enabled
              stopped_count=0, restarted_count=0
 full_count=0

Compilation events (20 events):
Event: 3.712 Thread 0x000001aef00bfef0 nmethod 7107 0x000001aed5c3aa10 code [0x000001aed5c3ac60, 0x000001aed5c3b648]
Event: 3.713 Thread 0x000001aef00bf440 7108   !   4       java.util.concurrent.ConcurrentHashMap::replaceNode (437 bytes)
Event: 3.719 Thread 0x000001aef00bf440 nmethod 7108 0x000001aedcf05f10 code [0x000001aedcf060c0, 0x000001aedcf06bf8]
Event: 3.724 Thread 0x000001aef00bf440 7109       4       org.gradle.internal.instantiation.generator.AbstractClassGenerator$PropertyMetadata::getType (34 bytes)
Event: 3.724 Thread 0x000001aef00bfef0 7110       3       com.google.common.collect.AbstractSetMultimap::put (7 bytes)
Event: 3.725 Thread 0x000001aef00bfef0 nmethod 7110 0x000001aed5c3ba10 code [0x000001aed5c3bba0, 0x000001aed5c3bce8]
Event: 3.725 Thread 0x000001aef00bfef0 7112       3       com.google.common.collect.LinkedHashMultimap::put (7 bytes)
Event: 3.725 Thread 0x000001aef00bfef0 nmethod 7112 0x000001aed5c3bd90 code [0x000001aed5c3bf40, 0x000001aed5c3c0e8]
Event: 3.725 Thread 0x000001aef00bfef0 7111       3       java.lang.reflect.Method::hashCode (19 bytes)
Event: 3.725 Thread 0x000001aef00bfef0 nmethod 7111 0x000001aed5c3c210 code [0x000001aed5c3c3e0, 0x000001aed5c3c688]
Event: 3.725 Thread 0x000001aef00bfef0 7113       3       com.google.common.collect.AbstractMapBasedMultimap$WrappedCollection$WrappedIterator::validateIterator (30 bytes)
Event: 3.725 Thread 0x000001aef00bfef0 nmethod 7113 0x000001aed5c3c810 code [0x000001aed5c3c9c0, 0x000001aed5c3cc98]
Event: 3.725 Thread 0x000001aef00bfef0 7114       3       com.google.common.collect.LinkedHashMultimap$ValueSet::iterator (9 bytes)
Event: 3.725 Thread 0x000001aef00bfef0 nmethod 7114 0x000001aed5c3ce10 code [0x000001aed5c3cfc0, 0x000001aed5c3d2d8]
Event: 3.725 Thread 0x000001aef00bfef0 7116       3       sun.reflect.generics.repository.ConstructorRepository::<init> (7 bytes)
Event: 3.725 Thread 0x000001aef00bfef0 nmethod 7116 0x000001aed5c3d410 code [0x000001aed5c3d600, 0x000001aed5c3dd68]
Event: 3.725 Thread 0x000001aef00bfef0 7115       3       com.google.common.collect.LinkedHashMultimap$ValueSet$1::<init> (32 bytes)
Event: 3.725 Thread 0x000001aef00bfef0 nmethod 7115 0x000001aed5c3e010 code [0x000001aed5c3e1c0, 0x000001aed5c3e418]
Event: 3.726 Thread 0x000001aef00bf440 nmethod 7109 0x000001aedcf07110 code [0x000001aedcf072a0, 0x000001aedcf074f8]
Event: 3.736 Thread 0x000001aef05f5420 nmethod 6992 0x000001aedcf07790 code [0x000001aedcf07ce0, 0x000001aedcf0dd80]

GC Heap History (20 events):
Event: 2.243 GC heap after
{Heap after GC invocations=11 (full 0):
 garbage-first heap   total 95232K, used 31780K [0x0000000080000000, 0x0000000100000000)
  region size 1024K, 6 young (6144K), 6 survivors (6144K)
 Metaspace       used 44172K, committed 44608K, reserved 1114112K
  class space    used 5937K, committed 6144K, reserved 1048576K
}
Event: 2.517 GC heap before
{Heap before GC invocations=11 (full 0):
 garbage-first heap   total 95232K, used 72740K [0x0000000080000000, 0x0000000100000000)
  region size 1024K, 46 young (47104K), 6 survivors (6144K)
 Metaspace       used 49533K, committed 49984K, reserved 1114112K
  class space    used 6800K, committed 7040K, reserved 1048576K
}
Event: 2.520 GC heap after
{Heap after GC invocations=12 (full 0):
 garbage-first heap   total 95232K, used 34246K [0x0000000080000000, 0x0000000100000000)
  region size 1024K, 6 young (6144K), 6 survivors (6144K)
 Metaspace       used 49533K, committed 49984K, reserved 1114112K
  class space    used 6800K, committed 7040K, reserved 1048576K
}
Event: 2.816 GC heap before
{Heap before GC invocations=12 (full 0):
 garbage-first heap   total 95232K, used 75206K [0x0000000080000000, 0x0000000100000000)
  region size 1024K, 45 young (46080K), 6 survivors (6144K)
 Metaspace       used 54692K, committed 55296K, reserved 1114112K
  class space    used 7521K, committed 7808K, reserved 1048576K
}
Event: 2.819 GC heap after
{Heap after GC invocations=13 (full 0):
 garbage-first heap   total 95232K, used 36627K [0x0000000080000000, 0x0000000100000000)
  region size 1024K, 5 young (5120K), 5 survivors (5120K)
 Metaspace       used 54692K, committed 55296K, reserved 1114112K
  class space    used 7521K, committed 7808K, reserved 1048576K
}
Event: 3.078 GC heap before
{Heap before GC invocations=13 (full 0):
 garbage-first heap   total 95232K, used 75539K [0x0000000080000000, 0x0000000100000000)
  region size 1024K, 43 young (44032K), 5 survivors (5120K)
 Metaspace       used 56431K, committed 56960K, reserved 1114112K
  class space    used 7770K, committed 8064K, reserved 1048576K
}
Event: 3.081 GC heap after
{Heap after GC invocations=14 (full 0):
 garbage-first heap   total 95232K, used 41355K [0x0000000080000000, 0x0000000100000000)
  region size 1024K, 6 young (6144K), 6 survivors (6144K)
 Metaspace       used 56431K, committed 56960K, reserved 1114112K
  class space    used 7770K, committed 8064K, reserved 1048576K
}
Event: 3.190 GC heap before
{Heap before GC invocations=14 (full 0):
 garbage-first heap   total 95232K, used 75147K [0x0000000080000000, 0x0000000100000000)
  region size 1024K, 35 young (35840K), 6 survivors (6144K)
 Metaspace       used 57209K, committed 57728K, reserved 1114112K
  class space    used 7876K, committed 8128K, reserved 1048576K
}
Event: 3.192 GC heap after
{Heap after GC invocations=15 (full 0):
 garbage-first heap   total 95232K, used 51538K [0x0000000080000000, 0x0000000100000000)
  region size 1024K, 5 young (5120K), 5 survivors (5120K)
 Metaspace       used 57209K, committed 57728K, reserved 1114112K
  class space    used 7876K, committed 8128K, reserved 1048576K
}
Event: 3.295 GC heap before
{Heap before GC invocations=16 (full 0):
 garbage-first heap   total 95232K, used 82258K [0x0000000080000000, 0x0000000100000000)
  region size 1024K, 28 young (28672K), 5 survivors (5120K)
 Metaspace       used 58371K, committed 58880K, reserved 1114112K
  class space    used 8033K, committed 8320K, reserved 1048576K
}
Event: 3.297 GC heap after
{Heap after GC invocations=17 (full 0):
 garbage-first heap   total 95232K, used 64371K [0x0000000080000000, 0x0000000100000000)
  region size 1024K, 4 young (4096K), 4 survivors (4096K)
 Metaspace       used 58371K, committed 58880K, reserved 1114112K
  class space    used 8033K, committed 8320K, reserved 1048576K
}
Event: 3.302 GC heap before
{Heap before GC invocations=17 (full 0):
 garbage-first heap   total 95232K, used 66419K [0x0000000080000000, 0x0000000100000000)
  region size 1024K, 5 young (5120K), 4 survivors (4096K)
 Metaspace       used 58423K, committed 58944K, reserved 1114112K
  class space    used 8040K, committed 8320K, reserved 1048576K
}
Event: 3.303 GC heap after
{Heap after GC invocations=18 (full 0):
 garbage-first heap   total 114688K, used 65198K [0x0000000080000000, 0x0000000100000000)
  region size 1024K, 1 young (1024K), 1 survivors (1024K)
 Metaspace       used 58423K, committed 58944K, reserved 1114112K
  class space    used 8040K, committed 8320K, reserved 1048576K
}
Event: 3.418 GC heap before
{Heap before GC invocations=18 (full 0):
 garbage-first heap   total 114688K, used 88750K [0x0000000080000000, 0x0000000100000000)
  region size 1024K, 24 young (24576K), 1 survivors (1024K)
 Metaspace       used 60308K, committed 60864K, reserved 1114112K
  class space    used 8300K, committed 8576K, reserved 1048576K
}
Event: 3.419 GC heap after
{Heap after GC invocations=19 (full 0):
 garbage-first heap   total 114688K, used 65418K [0x0000000080000000, 0x0000000100000000)
  region size 1024K, 1 young (1024K), 1 survivors (1024K)
 Metaspace       used 60308K, committed 60864K, reserved 1114112K
  class space    used 8300K, committed 8576K, reserved 1048576K
}
Event: 3.547 GC heap before
{Heap before GC invocations=20 (full 0):
 garbage-first heap   total 116736K, used 88970K [0x0000000080000000, 0x0000000100000000)
  region size 1024K, 25 young (25600K), 1 survivors (1024K)
 Metaspace       used 62657K, committed 63232K, reserved 1114112K
  class space    used 8551K, committed 8832K, reserved 1048576K
}
Event: 3.548 GC heap after
{Heap after GC invocations=21 (full 0):
 garbage-first heap   total 116736K, used 65962K [0x0000000080000000, 0x0000000100000000)
  region size 1024K, 2 young (2048K), 2 survivors (2048K)
 Metaspace       used 62657K, committed 63232K, reserved 1114112K
  class space    used 8551K, committed 8832K, reserved 1048576K
}
Event: 3.568 GC heap before
{Heap before GC invocations=21 (full 0):
 garbage-first heap   total 116736K, used 69034K [0x0000000080000000, 0x0000000100000000)
  region size 1024K, 5 young (5120K), 2 survivors (2048K)
 Metaspace       used 63151K, committed 63680K, reserved 1114112K
  class space    used 8606K, committed 8832K, reserved 1048576K
}
Event: 3.569 GC heap after
{Heap after GC invocations=22 (full 0):
 garbage-first heap   total 116736K, used 65836K [0x0000000080000000, 0x0000000100000000)
  region size 1024K, 1 young (1024K), 1 survivors (1024K)
 Metaspace       used 63151K, committed 63680K, reserved 1114112K
  class space    used 8606K, committed 8832K, reserved 1048576K
}
Event: 3.738 GC heap before
{Heap before GC invocations=22 (full 0):
 garbage-first heap   total 116736K, used 91436K [0x0000000080000000, 0x0000000100000000)
  region size 1024K, 27 young (27648K), 1 survivors (1024K)
 Metaspace       used 65767K, committed 66368K, reserved 1114112K
  class space    used 9008K, committed 9280K, reserved 1048576K
}

Dll operation events (3 events):
Event: 0.004 Loaded shared library C:\Program Files\Android\Android Studio\jbr\bin\java.dll
Event: 0.075 Loaded shared library C:\Program Files\Android\Android Studio\jbr\bin\zip.dll
Event: 0.230 Loaded shared library C:\Program Files\Android\Android Studio\jbr\bin\verify.dll

Deoptimization events (20 events):
Event: 3.466 Thread 0x000001aef11d3ae0 Uncommon trap: trap_request=0xffffffde fr.pc=0x000001aedce45644 relative=0x0000000000000364
Event: 3.466 Thread 0x000001aef11d3ae0 Uncommon trap: reason=class_check action=maybe_recompile pc=0x000001aedce45644 method=java.util.stream.AbstractPipeline.copyIntoWithCancel(Ljava/util/stream/Sink;Ljava/util/Spliterator;)Z @ 32 c2
Event: 3.466 Thread 0x000001aef11d3ae0 DEOPT PACKING pc=0x000001aedce45644 sp=0x0000000bd01f6250
Event: 3.466 Thread 0x000001aef11d3ae0 DEOPT UNPACKING pc=0x000001aedc64a1a3 sp=0x0000000bd01f6110 mode 2
Event: 3.466 Thread 0x000001aef11d3ae0 Uncommon trap: trap_request=0xffffffde fr.pc=0x000001aedce45644 relative=0x0000000000000364
Event: 3.466 Thread 0x000001aef11d3ae0 Uncommon trap: reason=class_check action=maybe_recompile pc=0x000001aedce45644 method=java.util.stream.AbstractPipeline.copyIntoWithCancel(Ljava/util/stream/Sink;Ljava/util/Spliterator;)Z @ 32 c2
Event: 3.466 Thread 0x000001aef11d3ae0 DEOPT PACKING pc=0x000001aedce45644 sp=0x0000000bd01f6250
Event: 3.466 Thread 0x000001aef11d3ae0 DEOPT UNPACKING pc=0x000001aedc64a1a3 sp=0x0000000bd01f6110 mode 2
Event: 3.474 Thread 0x000001aef11d3ae0 Uncommon trap: trap_request=0xffffff45 fr.pc=0x000001aedcd874d8 relative=0x0000000000000458
Event: 3.475 Thread 0x000001aef11d3ae0 Uncommon trap: reason=unstable_if action=reinterpret pc=0x000001aedcd874d8 method=org.gradle.internal.service.DefaultServiceRegistry$OwnServices.getService(Ljava/lang/reflect/Type;)Lorg/gradle/internal/service/Service; @ 27 c2
Event: 3.475 Thread 0x000001aef11d3ae0 DEOPT PACKING pc=0x000001aedcd874d8 sp=0x0000000bd01f73a0
Event: 3.475 Thread 0x000001aef11d3ae0 DEOPT UNPACKING pc=0x000001aedc64a1a3 sp=0x0000000bd01f7318 mode 2
Event: 3.549 Thread 0x000001aeeba68c00 Uncommon trap: trap_request=0xffffffde fr.pc=0x000001aedcebf8a8 relative=0x0000000000000488
Event: 3.549 Thread 0x000001aeeba68c00 Uncommon trap: reason=class_check action=maybe_recompile pc=0x000001aedcebf8a8 method=jdk.internal.ref.PhantomCleanable.clean()V @ 12 c2
Event: 3.549 Thread 0x000001aeeba68c00 DEOPT PACKING pc=0x000001aedcebf8a8 sp=0x0000000bcf1fefe0
Event: 3.549 Thread 0x000001aeeba68c00 DEOPT UNPACKING pc=0x000001aedc64a1a3 sp=0x0000000bcf1fefc0 mode 2
Event: 3.737 Thread 0x000001aef11d3ae0 Uncommon trap: trap_request=0xffffff45 fr.pc=0x000001aedcea48e0 relative=0x0000000000005e20
Event: 3.737 Thread 0x000001aef11d3ae0 Uncommon trap: reason=unstable_if action=reinterpret pc=0x000001aedcea48e0 method=java.util.jar.JarFile.maybeInstantiateVerifier()V @ 27 c2
Event: 3.737 Thread 0x000001aef11d3ae0 DEOPT PACKING pc=0x000001aedcea48e0 sp=0x0000000bd01f2b70
Event: 3.737 Thread 0x000001aef11d3ae0 DEOPT UNPACKING pc=0x000001aedc64a1a3 sp=0x0000000bd01f2a58 mode 2

Classes unloaded (0 events):
No events

Classes redefined (0 events):
No events

Internal exceptions (20 events):
Event: 2.840 Thread 0x000001aef11d3ae0 Exception <a 'java/lang/NoSuchMethodError'{0x000000008c8d1a48}: 'java.lang.Object java.lang.invoke.DirectMethodHandle$Holder.invokeSpecial(java.lang.Object, java.lang.Object, java.lang.Object, java.lang.Object, java.lang.Object, long)'> (0x000000008c8d1a48) 
thrown [s\src\hotspot\share\interpreter\linkResolver.cpp, line 771]
Event: 2.841 Thread 0x000001aef11d3ae0 Exception <a 'java/lang/NoSuchMethodError'{0x000000008c8f4ea0}: 'void java.lang.invoke.DirectMethodHandle$Holder.invokeStatic(java.lang.Object, java.lang.Object, java.lang.Object, int, java.lang.Object)'> (0x000000008c8f4ea0) 
thrown [s\src\hotspot\share\interpreter\linkResolver.cpp, line 771]
Event: 3.032 Thread 0x000001aef11d3ae0 Exception <a 'java/lang/NoSuchMethodError'{0x0000000084567f20}: 'java.lang.Object java.lang.invoke.DirectMethodHandle$Holder.newInvokeSpecial(java.lang.Object, java.lang.Object, java.lang.Object, java.lang.Object, int, java.lang.Object)'> (0x0000000084567f20) 
thrown [s\src\hotspot\share\interpreter\linkResolver.cpp, line 771]
Event: 3.032 Thread 0x000001aef11d3ae0 Exception <a 'java/lang/NoSuchMethodError'{0x000000008456d278}: 'java.lang.Object java.lang.invoke.Invokers$Holder.linkToTargetMethod(java.lang.Object, java.lang.Object, java.lang.Object, int, java.lang.Object, java.lang.Object)'> (0x000000008456d278) 
thrown [s\src\hotspot\share\interpreter\linkResolver.cpp, line 771]
Event: 3.125 Thread 0x000001aef11d3ae0 Exception <a 'java/lang/NoSuchMethodError'{0x0000000084bca860}: 'long java.lang.invoke.DirectMethodHandle$Holder.invokeVirtual(java.lang.Object, java.lang.Object)'> (0x0000000084bca860) 
thrown [s\src\hotspot\share\interpreter\linkResolver.cpp, line 771]
Event: 3.127 Thread 0x000001aef0a42ee0 Exception <a 'java/lang/NoSuchMethodError'{0x0000000084a07698}: static Lorg/gradle/internal/build/event/types/DefaultOperationFinishedProgressEvent;.<clinit>()V> (0x0000000084a07698) 
thrown [s\src\hotspot\share\prims\jni.cpp, line 1127]
Event: 3.128 Thread 0x000001aef0a42ee0 Exception <a 'java/lang/NoSuchMethodError'{0x0000000084a2da00}: static Lorg/gradle/internal/build/event/types/DefaultProjectConfigurationSuccessResult;.<clinit>()V> (0x0000000084a2da00) 
thrown [s\src\hotspot\share\prims\jni.cpp, line 1127]
Event: 3.128 Thread 0x000001aef0a42ee0 Exception <a 'java/lang/NoSuchMethodError'{0x0000000084a31d10}: static Lorg/gradle/internal/build/event/types/AbstractProjectConfigurationResult;.<clinit>()V> (0x0000000084a31d10) 
thrown [s\src\hotspot\share\prims\jni.cpp, line 1127]
Event: 3.128 Thread 0x000001aef0a42ee0 Exception <a 'java/lang/NoSuchMethodError'{0x0000000084a33200}: static Lorg/gradle/internal/build/event/types/AbstractOperationResult;.<clinit>()V> (0x0000000084a33200) 
thrown [s\src\hotspot\share\prims\jni.cpp, line 1127]
Event: 3.128 Thread 0x000001aef0a42ee0 Exception <a 'java/lang/NoSuchMethodError'{0x0000000084a341c0}: static Lorg/gradle/internal/build/event/types/AbstractResult;.<clinit>()V> (0x0000000084a341c0) 
thrown [s\src\hotspot\share\prims\jni.cpp, line 1127]
Event: 3.129 Thread 0x000001aef0a42ee0 Exception <a 'java/lang/NoSuchMethodError'{0x0000000084ac5f70}: static Lorg/gradle/internal/build/event/types/DefaultPluginApplicationResult;.<clinit>()V> (0x0000000084ac5f70) 
thrown [s\src\hotspot\share\prims\jni.cpp, line 1127]
Event: 3.129 Thread 0x000001aef0a42ee0 Exception <a 'java/lang/NoSuchMethodError'{0x0000000084ad1738}: static Lorg/gradle/internal/build/event/types/DefaultBinaryPluginIdentifier;.<clinit>()V> (0x0000000084ad1738) 
thrown [s\src\hotspot\share\prims\jni.cpp, line 1127]
Event: 3.130 Thread 0x000001aef0a42ee0 Exception <a 'java/lang/NoSuchMethodError'{0x0000000084ae8a40}: static Lorg/gradle/internal/build/event/types/DefaultScriptPluginIdentifier;.<clinit>()V> (0x0000000084ae8a40) 
thrown [s\src\hotspot\share\prims\jni.cpp, line 1127]
Event: 3.153 Thread 0x000001aef11d3ae0 Implicit null exception at 0x000001aedcbe2092 to 0x000001aedcbe2774
Event: 3.153 Thread 0x000001aef11d3ae0 Implicit null exception at 0x000001aedcbe3094 to 0x000001aedcbe3704
Event: 3.173 Thread 0x000001aef11d3ae0 Exception <a 'java/lang/NoSuchMethodError'{0x0000000084206a10}: 'void java.lang.invoke.Invokers$Holder.invoke_MT(java.lang.Object, java.lang.Object, java.lang.Object, java.lang.Object)'> (0x0000000084206a10) 
thrown [s\src\hotspot\share\interpreter\linkResolver.cpp, line 771]
Event: 3.177 Thread 0x000001aef11d3ae0 Exception <a 'java/lang/NoSuchMethodError'{0x00000000842861f8}: 'java.lang.Object java.lang.invoke.DirectMethodHandle$Holder.invokeSpecial(java.lang.Object, java.lang.Object, java.lang.Object, int, java.lang.Object, java.lang.Object)'> (0x00000000842861f8) 
thrown [s\src\hotspot\share\interpreter\linkResolver.cpp, line 771]
Event: 3.220 Thread 0x000001aef11d3ae0 Exception <a 'java/lang/ClassNotFoundException'{0x000000008c4d2da8}: sun/misc/SharedSecrets> (0x000000008c4d2da8) 
thrown [s\src\hotspot\share\classfile\systemDictionary.cpp, line 256]
Event: 3.221 Thread 0x000001aef11d3ae0 Exception <a 'java/lang/ClassNotFoundException'{0x000000008c4d4380}: org/gradle/api/internal/plugins/DefaultObjectConfigurationActionBeanInfo> (0x000000008c4d4380) 
thrown [s\src\hotspot\share\classfile\systemDictionary.cpp, line 256]
Event: 3.221 Thread 0x000001aef11d3ae0 Exception <a 'java/lang/ClassNotFoundException'{0x000000008c4ea878}: org/gradle/api/internal/plugins/DefaultObjectConfigurationActionCustomizer> (0x000000008c4ea878) 
thrown [s\src\hotspot\share\classfile\systemDictionary.cpp, line 256]

VM Operations (20 events):
Event: 3.193 Executing VM operation: G1TryInitiateConcMark done
Event: 3.202 Executing VM operation: G1PauseRemark
Event: 3.203 Executing VM operation: G1PauseRemark done
Event: 3.209 Executing VM operation: G1PauseCleanup
Event: 3.209 Executing VM operation: G1PauseCleanup done
Event: 3.295 Executing VM operation: G1CollectForAllocation
Event: 3.297 Executing VM operation: G1CollectForAllocation done
Event: 3.302 Executing VM operation: G1CollectForAllocation
Event: 3.303 Executing VM operation: G1CollectForAllocation done
Event: 3.417 Executing VM operation: G1CollectForAllocation
Event: 3.419 Executing VM operation: G1CollectForAllocation done
Event: 3.431 Executing VM operation: G1PauseRemark
Event: 3.433 Executing VM operation: G1PauseRemark done
Event: 3.441 Executing VM operation: G1PauseCleanup
Event: 3.441 Executing VM operation: G1PauseCleanup done
Event: 3.547 Executing VM operation: G1CollectForAllocation
Event: 3.548 Executing VM operation: G1CollectForAllocation done
Event: 3.568 Executing VM operation: G1CollectForAllocation
Event: 3.569 Executing VM operation: G1CollectForAllocation done
Event: 3.738 Executing VM operation: G1CollectForAllocation

Events (20 events):
Event: 3.669 loading class javax/xml/parsers/FactoryFinder done
Event: 3.670 loading class javax/xml/parsers/FactoryFinder$1
Event: 3.670 loading class javax/xml/parsers/FactoryFinder$1 done
Event: 3.670 loading class com/sun/org/apache/xerces/internal/jaxp/DocumentBuilderFactoryImpl
Event: 3.670 loading class com/sun/org/apache/xerces/internal/jaxp/DocumentBuilderFactoryImpl done
Event: 3.670 loading class com/sun/org/apache/xerces/internal/utils/XMLSecurityManager
Event: 3.671 loading class com/sun/org/apache/xerces/internal/utils/XMLSecurityManager done
Event: 3.671 loading class com/sun/org/apache/xerces/internal/utils/XMLSecurityManager$Limit
Event: 3.671 loading class com/sun/org/apache/xerces/internal/utils/XMLSecurityManager$Limit done
Event: 3.671 loading class com/sun/org/apache/xerces/internal/utils/XMLSecurityManager$NameMap
Event: 3.671 loading class com/sun/org/apache/xerces/internal/utils/XMLSecurityManager$NameMap done
Event: 3.671 loading class com/sun/org/apache/xerces/internal/utils/XMLSecurityPropertyManager
Event: 3.671 loading class com/sun/org/apache/xerces/internal/utils/XMLSecurityPropertyManager done
Event: 3.671 loading class com/sun/org/apache/xerces/internal/utils/XMLSecurityPropertyManager$State
Event: 3.671 loading class com/sun/org/apache/xerces/internal/utils/XMLSecurityPropertyManager$State done
Event: 3.671 loading class com/sun/org/apache/xerces/internal/utils/XMLSecurityPropertyManager$Property
Event: 3.671 loading class com/sun/org/apache/xerces/internal/utils/XMLSecurityPropertyManager$Property done
Event: 3.684 loading class java/util/regex/Pattern$SliceI
Event: 3.684 loading class java/util/regex/Pattern$SliceI done
Event: 3.693 Thread 0x000001aef36127e0 Thread added: 0x000001aef36127e0


Dynamic libraries:
0x00007ff774c80000 - 0x00007ff774c8a000 	C:\Program Files\Android\Android Studio\jbr\bin\java.exe
0x00007ff943ed0000 - 0x00007ff9440c8000 	C:\Windows\SYSTEM32\ntdll.dll
0x00007ff943970000 - 0x00007ff943a32000 	C:\Windows\System32\KERNEL32.DLL
0x00007ff9419b0000 - 0x00007ff941caf000 	C:\Windows\System32\KERNELBASE.dll
0x00007ff941760000 - 0x00007ff941860000 	C:\Windows\System32\ucrtbase.dll
0x00007ff9251a0000 - 0x00007ff9251bb000 	C:\Program Files\Android\Android Studio\jbr\bin\VCRUNTIME140.dll
0x00007ff928c00000 - 0x00007ff928c17000 	C:\Program Files\Android\Android Studio\jbr\bin\jli.dll
0x00007ff943c10000 - 0x00007ff943dad000 	C:\Windows\System32\USER32.dll
0x00007ff941e60000 - 0x00007ff941e82000 	C:\Windows\System32\win32u.dll
0x00007ff926ef0000 - 0x00007ff92718a000 	C:\Windows\WinSxS\amd64_microsoft.windows.common-controls_6595b64144ccf1df_6.0.19041.4355_none_60b8b9eb71f62e16\COMCTL32.dll
0x00007ff941ee0000 - 0x00007ff941f0b000 	C:\Windows\System32\GDI32.dll
0x00007ff943b10000 - 0x00007ff943bae000 	C:\Windows\System32\msvcrt.dll
0x00007ff941860000 - 0x00007ff941977000 	C:\Windows\System32\gdi32full.dll
0x00007ff9416c0000 - 0x00007ff94175d000 	C:\Windows\System32\msvcp_win.dll
0x00007ff942fc0000 - 0x00007ff942fef000 	C:\Windows\System32\IMM32.DLL
0x00007ff924f50000 - 0x00007ff924f5c000 	C:\Program Files\Android\Android Studio\jbr\bin\vcruntime140_1.dll
0x00007ff91e550000 - 0x00007ff91e5dd000 	C:\Program Files\Android\Android Studio\jbr\bin\msvcp140.dll
0x00007ff8fe9e0000 - 0x00007ff8ff663000 	C:\Program Files\Android\Android Studio\jbr\bin\server\jvm.dll
0x00007ff942e20000 - 0x00007ff942ed1000 	C:\Windows\System32\ADVAPI32.dll
0x00007ff943820000 - 0x00007ff9438bf000 	C:\Windows\System32\sechost.dll
0x00007ff941f10000 - 0x00007ff942033000 	C:\Windows\System32\RPCRT4.dll
0x00007ff941980000 - 0x00007ff9419a7000 	C:\Windows\System32\bcrypt.dll
0x00007ff940af0000 - 0x00007ff940b3b000 	C:\Windows\SYSTEM32\POWRPROF.dll
0x00007ff8f7ee0000 - 0x00007ff8f7ee9000 	C:\Windows\SYSTEM32\WSOCK32.dll
0x00007ff9309e0000 - 0x00007ff930a07000 	C:\Windows\SYSTEM32\WINMM.dll
0x00007ff93c450000 - 0x00007ff93c45a000 	C:\Windows\SYSTEM32\VERSION.dll
0x00007ff943a40000 - 0x00007ff943aab000 	C:\Windows\System32\WS2_32.dll
0x00007ff940960000 - 0x00007ff940972000 	C:\Windows\SYSTEM32\UMPDC.dll
0x00007ff93f110000 - 0x00007ff93f122000 	C:\Windows\SYSTEM32\kernel.appcore.dll
0x00007ff93cf10000 - 0x00007ff93cf1a000 	C:\Program Files\Android\Android Studio\jbr\bin\jimage.dll
0x00007ff92e920000 - 0x00007ff92eb04000 	C:\Windows\SYSTEM32\DBGHELP.DLL
0x00007ff92e340000 - 0x00007ff92e374000 	C:\Windows\SYSTEM32\dbgcore.DLL
0x00007ff941cb0000 - 0x00007ff941d32000 	C:\Windows\System32\bcryptPrimitives.dll
0x00007ff92a8a0000 - 0x00007ff92a8ae000 	C:\Program Files\Android\Android Studio\jbr\bin\instrument.dll
0x00007ff92a870000 - 0x00007ff92a895000 	C:\Program Files\Android\Android Studio\jbr\bin\java.dll
0x00007ff93cef0000 - 0x00007ff93cf08000 	C:\Program Files\Android\Android Studio\jbr\bin\zip.dll
0x00007ff943000000 - 0x00007ff94376e000 	C:\Windows\System32\SHELL32.dll
0x00007ff93f310000 - 0x00007ff93fab4000 	C:\Windows\SYSTEM32\windows.storage.dll
0x00007ff942950000 - 0x00007ff942ca5000 	C:\Windows\System32\combase.dll
0x00007ff940f90000 - 0x00007ff940fbf000 	C:\Windows\SYSTEM32\Wldp.dll
0x00007ff942cb0000 - 0x00007ff942d7d000 	C:\Windows\System32\OLEAUT32.dll
0x00007ff9438c0000 - 0x00007ff94396d000 	C:\Windows\System32\SHCORE.dll
0x00007ff943bb0000 - 0x00007ff943c05000 	C:\Windows\System32\shlwapi.dll
0x00007ff941490000 - 0x00007ff9414b4000 	C:\Windows\SYSTEM32\profapi.dll
0x00007ff928de0000 - 0x00007ff928df9000 	C:\Program Files\Android\Android Studio\jbr\bin\net.dll
0x00007ff940520000 - 0x00007ff94062d000 	C:\Windows\SYSTEM32\WINHTTP.dll
0x00007ff940cf0000 - 0x00007ff940d5a000 	C:\Windows\system32\mswsock.dll
0x00007ff928d10000 - 0x00007ff928d26000 	C:\Program Files\Android\Android Studio\jbr\bin\nio.dll
0x00007ff928c60000 - 0x00007ff928c70000 	C:\Program Files\Android\Android Studio\jbr\bin\verify.dll
0x00007ff923840000 - 0x00007ff923867000 	C:\Users\VICTORHERNANIALBIOL\.gradle\native\c067742578af261105cb4f569cf0c3c89f3d7b1fecec35dd04571415982c5e48\windows-amd64\native-platform.dll
0x00007ff904500000 - 0x00007ff904644000 	C:\Users\VICTORHERNANIALBIOL\.gradle\native\38dada09dfb8b06ba9b0570ebf7e218e3eb74d4ef43ca46872605cf95ebc2f47\windows-amd64\native-platform-file-events.dll
0x00007ff92b1e0000 - 0x00007ff92b1e9000 	C:\Program Files\Android\Android Studio\jbr\bin\management.dll
0x00007ff928c70000 - 0x00007ff928c7b000 	C:\Program Files\Android\Android Studio\jbr\bin\management_ext.dll
0x00007ff942ff0000 - 0x00007ff942ff8000 	C:\Windows\System32\PSAPI.DLL
0x00007ff940ee0000 - 0x00007ff940ef8000 	C:\Windows\SYSTEM32\CRYPTSP.dll
0x00007ff940490000 - 0x00007ff9404c4000 	C:\Windows\system32\rsaenh.dll
0x00007ff941450000 - 0x00007ff94147e000 	C:\Windows\SYSTEM32\USERENV.dll
0x00007ff940f00000 - 0x00007ff940f0c000 	C:\Windows\SYSTEM32\CRYPTBASE.dll
0x00007ff940980000 - 0x00007ff9409bb000 	C:\Windows\SYSTEM32\IPHLPAPI.DLL
0x00007ff942940000 - 0x00007ff942948000 	C:\Windows\System32\NSI.dll
0x00007ff93b320000 - 0x00007ff93b337000 	C:\Windows\SYSTEM32\dhcpcsvc6.DLL
0x00007ff93bfc0000 - 0x00007ff93bfdd000 	C:\Windows\SYSTEM32\dhcpcsvc.DLL
0x00007ff9409c0000 - 0x00007ff940a8a000 	C:\Windows\SYSTEM32\DNSAPI.dll
0x00007ff939700000 - 0x00007ff939709000 	C:\Program Files\Android\Android Studio\jbr\bin\extnet.dll
0x00007ff93c380000 - 0x00007ff93c387000 	C:\Windows\system32\wshunix.dll

dbghelp: loaded successfully - version: 4.0.5 - missing functions: none
symbol engine: initialized successfully - sym options: 0x614 - pdb path: .;C:\Program Files\Android\Android Studio\jbr\bin;C:\Windows\SYSTEM32;C:\Windows\WinSxS\amd64_microsoft.windows.common-controls_6595b64144ccf1df_6.0.19041.4355_none_60b8b9eb71f62e16;C:\Program Files\Android\Android Studio\jbr\bin\server;C:\Users\VICTORHERNANIALBIOL\.gradle\native\c067742578af261105cb4f569cf0c3c89f3d7b1fecec35dd04571415982c5e48\windows-amd64;C:\Users\VICTORHERNANIALBIOL\.gradle\native\38dada09dfb8b06ba9b0570ebf7e218e3eb74d4ef43ca46872605cf95ebc2f47\windows-amd64

VM Arguments:
jvm_args: --add-opens=java.base/java.util=ALL-UNNAMED --add-opens=java.base/java.lang=ALL-UNNAMED --add-opens=java.base/java.lang.invoke=ALL-UNNAMED --add-opens=java.prefs/java.util.prefs=ALL-UNNAMED --add-opens=java.base/java.nio.charset=ALL-UNNAMED --add-opens=java.base/java.net=ALL-UNNAMED --add-opens=java.base/java.util.concurrent.atomic=ALL-UNNAMED -Xmx2048m -Dfile.encoding=UTF-8 -Duser.country=ES -Duser.language=es -Duser.variant -javaagent:C:\Users\VICTORHERNANIALBIOL\.gradle\wrapper\dists\gradle-8.7-bin\bhs2wmbdwecv87pi65oeuq5iu\gradle-8.7\lib\agents\gradle-instrumentation-agent-8.7.jar 
java_command: org.gradle.launcher.daemon.bootstrap.GradleDaemon 8.7
java_class_path (initial): C:\Users\VICTORHERNANIALBIOL\.gradle\wrapper\dists\gradle-8.7-bin\bhs2wmbdwecv87pi65oeuq5iu\gradle-8.7\lib\gradle-launcher-8.7.jar
Launcher Type: SUN_STANDARD

[Global flags]
     intx CICompilerCount                          = 4                                         {product} {ergonomic}
     uint ConcGCThreads                            = 3                                         {product} {ergonomic}
     uint G1ConcRefinementThreads                  = 10                                        {product} {ergonomic}
   size_t G1HeapRegionSize                         = 1048576                                   {product} {ergonomic}
    uintx GCDrainStackTargetSize                   = 64                                        {product} {ergonomic}
   size_t InitialHeapSize                          = 266338304                                 {product} {ergonomic}
   size_t MarkStackSize                            = 4194304                                   {product} {ergonomic}
   size_t MaxHeapSize                              = 2147483648                                {product} {command line}
   size_t MaxNewSize                               = 1287651328                                {product} {ergonomic}
   size_t MinHeapDeltaBytes                        = 1048576                                   {product} {ergonomic}
   size_t MinHeapSize                              = 8388608                                   {product} {ergonomic}
    uintx NonNMethodCodeHeapSize                   = 5839372                                {pd product} {ergonomic}
    uintx NonProfiledCodeHeapSize                  = 122909434                              {pd product} {ergonomic}
    uintx ProfiledCodeHeapSize                     = 122909434                              {pd product} {ergonomic}
    uintx ReservedCodeCacheSize                    = 251658240                              {pd product} {ergonomic}
     bool SegmentedCodeCache                       = true                                      {product} {ergonomic}
   size_t SoftMaxHeapSize                          = 2147483648                             {manageable} {ergonomic}
     bool UseCompressedClassPointers               = true                           {product lp64_product} {ergonomic}
     bool UseCompressedOops                        = true                           {product lp64_product} {ergonomic}
     bool UseG1GC                                  = true                                      {product} {ergonomic}
     bool UseLargePagesIndividualAllocation        = false                                  {pd product} {ergonomic}

Logging:
Log output configuration:
 #0: stdout all=warning uptime,level,tags
 #1: stderr all=off uptime,level,tags

Environment Variables:
PATH=C:\ProgramData\Oracle\Java\javapath;C:\Python312\Scripts\;C:\Python312\;C:\Windows\system32;C:\Windows;C:\Windows\System32\Wbem;C:\Windows\System32\WindowsPowerShell\v1.0\;C:\Windows\System32\OpenSSH\;C:\Program Files\nodejs\;C:\ProgramData\chocolatey\bin;C:\mongodb\bin;C:\Program Files\dotnet\;C:\Program Files (x86)\Windows Kits\10\Windows Performance Toolkit\;C:\Users\VICTORHERNANIALBIOL\AppData\Local\Microsoft\WindowsApps;C:\Users\VICTORHERNANIALBIOL\AppData\Local\Programs\Microsoft VS Code\bin;C:\Users\VICTORHERNANIALBIOL\AppData\Local\GitHubDesktop\bin
USERNAME=VICTORHERNANIALBIOL
OS=Windows_NT
PROCESSOR_IDENTIFIER=Intel64 Family 6 Model 167 Stepping 1, GenuineIntel
TMP=C:\Users\VICTOR~1\AppData\Local\Temp
TEMP=C:\Users\VICTOR~1\AppData\Local\Temp



Periodic native trim disabled

JNI global refs:
JNI global refs: 27, weak refs: 0

JNI global refs memory usage: 843, weak refs: 841

Process memory usage:
Resident Set Size: 339064K (2% of 16582264K total physical memory with 514708K free physical memory)

OOME stack traces (most recent first):
Classloader memory used:
Loader org.gradle.internal.classloader.VisitableURLClassLoader                         : 3622K
Loader bootstrap                                                                       : 2531K
Loader org.gradle.initialization.MixInLegacyTypesClassLoader                           : 1223K
Loader org.gradle.internal.classloader.VisitableURLClassLoader$InstrumentingVisitableURLClassLoader: 705K
Loader jdk.internal.loader.ClassLoaders$PlatformClassLoader                            : 67414B
Loader jdk.internal.reflect.DelegatingClassLoader                                      : 29626B
Loader jdk.internal.loader.ClassLoaders$AppClassLoader                                 : 28714B
Loader org.gradle.internal.classloader.VisitableURLClassLoader                         : 15513B

Classes loaded by more than one classloader:
Class Program                                                                         : loaded 4 times (x 72B)
Class com.google.common.collect.Iterators$MergingIterator                             : loaded 2 times (x 79B)
Class [Lcom.google.common.collect.AbstractMapEntry;                                   : loaded 2 times (x 67B)
Class com.google.common.collect.SingletonImmutableList                                : loaded 2 times (x 167B)
Class com.google.common.cache.CacheLoader$SupplierToCacheLoader                       : loaded 2 times (x 73B)
Class org.gradle.internal.classpath.ClassPath                                         : loaded 2 times (x 68B)
Class com.google.common.cache.RemovalListener                                         : loaded 2 times (x 68B)
Class org.gradle.api.internal.classpath.DefaultModuleRegistry                         : loaded 2 times (x 84B)
Class Settings_gradle$1$1                                                             : loaded 2 times (x 72B)
Class com.google.common.collect.ListMultimap                                          : loaded 2 times (x 68B)
Class com.google.common.base.CharMatcher$JavaDigit                                    : loaded 2 times (x 109B)
Class com.google.common.base.CharMatcher$Digit                                        : loaded 2 times (x 110B)
Class com.google.common.collect.AbstractMultimap                                      : loaded 2 times (x 121B)
Class com.google.common.cache.CacheBuilder$OneWeigher                                 : loaded 2 times (x 80B)
Class org.gradle.api.Action                                                           : loaded 2 times (x 68B)
Class com.google.common.collect.ImmutableEntry                                        : loaded 2 times (x 80B)
Class com.google.common.collect.Lists$StringAsImmutableList                           : loaded 2 times (x 167B)
Class com.google.common.base.CharMatcher                                              : loaded 2 times (x 109B)
Class com.google.common.base.CharMatcher$IsNot                                        : loaded 2 times (x 109B)
Class com.google.common.base.Splitter                                                 : loaded 2 times (x 70B)
Class [Lcom.google.common.cache.Weigher;                                              : loaded 2 times (x 67B)
Class com.google.common.collect.Iterators$ArrayItr                                    : loaded 2 times (x 95B)
Class com.google.common.cache.LocalCache$Segment                                      : loaded 2 times (x 152B)
Class org.gradle.api.internal.DefaultClassPathProvider                                : loaded 2 times (x 74B)
Class org.gradle.internal.installation.GradleInstallation$1                           : loaded 2 times (x 73B)
Class com.google.common.base.CharMatcher$BitSetMatcher                                : loaded 2 times (x 110B)
Class com.google.common.collect.ImmutableMap$IteratorBasedImmutableMap                : loaded 2 times (x 123B)
Class com.google.common.collect.ImmutableMap                                          : loaded 2 times (x 118B)
Class com.google.common.base.Converter                                                : loaded 2 times (x 88B)
Class com.google.common.collect.ImmutableSet$EmptySetBuilderImpl                      : loaded 2 times (x 74B)
Class com.google.common.base.Equivalence                                              : loaded 2 times (x 80B)
Class com.google.common.cache.LocalCache$EntryFactory$1                               : loaded 2 times (x 81B)
Class com.google.common.cache.LocalCache$EntryFactory$2                               : loaded 2 times (x 81B)
Class com.google.common.cache.LocalCache$EntryFactory$3                               : loaded 2 times (x 81B)
Class com.google.common.cache.LocalCache$EntryFactory$4                               : loaded 2 times (x 81B)
Class com.google.common.cache.LocalCache$EntryFactory$5                               : loaded 2 times (x 81B)
Class com.google.common.cache.LocalCache$EntryFactory$6                               : loaded 2 times (x 81B)
Class com.google.common.cache.LocalCache$EntryFactory$7                               : loaded 2 times (x 81B)
Class com.google.common.cache.LocalCache$EntryFactory$8                               : loaded 2 times (x 81B)
Class com.google.common.base.Predicate                                                : loaded 2 times (x 68B)
Class org.gradle.internal.classloader.FilteringClassLoader                            : loaded 2 times (x 103B)
Class com.google.common.collect.RegularImmutableSet                                   : loaded 2 times (x 146B)
Class [Lcom.google.common.cache.LocalCache$Strength;                                  : loaded 2 times (x 67B)
Class org.gradle.internal.classpath.DefaultClassPath$ImmutableUniqueList$Builder      : loaded 2 times (x 73B)
Class com.google.common.collect.Maps$8                                                : loaded 2 times (x 80B)
Class [Lcom.google.common.cache.CacheBuilder$NullListener;                            : loaded 2 times (x 67B)
Class com.google.common.base.PatternCompiler                                          : loaded 2 times (x 68B)
Class com.google.common.base.CharMatcher$InRange                                      : loaded 2 times (x 109B)
Class com.google.common.collect.BiMap                                                 : loaded 2 times (x 68B)
Class com.google.common.collect.Lists                                                 : loaded 2 times (x 69B)
Class com.google.common.math.IntMath$1                                                : loaded 2 times (x 69B)
Class org.gradle.internal.classloader.ClassLoaderVisitor                              : loaded 2 times (x 74B)
Class com.google.common.cache.CacheBuilder$NullListener                               : loaded 2 times (x 80B)
Class com.google.common.math.MathPreconditions                                        : loaded 2 times (x 69B)
Class org.gradle.internal.service.DefaultServiceLocator                               : loaded 2 times (x 81B)
Class org.gradle.internal.service.UnknownServiceException                             : loaded 2 times (x 81B)
Class com.google.common.collect.ArrayListMultimap                                     : loaded 2 times (x 170B)
Class com.google.common.base.Strings                                                  : loaded 2 times (x 69B)
Class com.google.common.cache.CacheLoader$InvalidCacheLoadException                   : loaded 2 times (x 80B)
Class org.gradle.internal.classloader.DefaultClassLoaderFactory                       : loaded 2 times (x 80B)
Class com.google.common.collect.UnmodifiableIterator                                  : loaded 2 times (x 78B)
Class com.google.common.base.Platform$JdkPatternCompiler                              : loaded 2 times (x 73B)
Class com.google.common.cache.LocalCache$LoadingValueReference                        : loaded 2 times (x 94B)
Class com.google.common.base.CharMatcher$SingleWidth                                  : loaded 2 times (x 110B)
Class com.google.common.collect.Hashing                                               : loaded 2 times (x 69B)
Class com.google.common.base.JdkPattern                                               : loaded 2 times (x 73B)
Class com.google.common.collect.Multimap                                              : loaded 2 times (x 68B)
Class com.google.common.base.FunctionalEquivalence                                    : loaded 2 times (x 81B)
Class com.google.common.cache.LocalCache$1                                            : loaded 2 times (x 87B)
Class com.google.common.cache.LocalCache$2                                            : loaded 2 times (x 140B)
Class com.google.common.collect.RegularImmutableBiMap                                 : loaded 2 times (x 146B)
Class org.gradle.internal.classloader.VisitableURLClassLoader$Spec                    : loaded 2 times (x 72B)
Class org.gradle.api.GradleException                                                  : loaded 2 times (x 80B)
Class com.google.common.base.CharMatcher$JavaLetterOrDigit                            : loaded 2 times (x 109B)
Class org.gradle.api.internal.classpath.ModuleRegistry                                : loaded 2 times (x 68B)
Class com.google.common.cache.CacheBuilder                                            : loaded 2 times (x 70B)
Class com.google.common.collect.ImmutableCollection                                   : loaded 2 times (x 123B)
Class com.google.common.base.PairwiseEquivalence                                      : loaded 2 times (x 81B)
Class com.google.common.base.Ticker                                                   : loaded 2 times (x 70B)
Class org.gradle.api.internal.ClassPathProvider                                       : loaded 2 times (x 68B)
Class com.google.common.collect.RegularImmutableMap$Values                            : loaded 2 times (x 167B)
Class org.gradle.internal.classloader.ClasspathUtil$1                                 : loaded 2 times (x 74B)
Class com.google.common.collect.ImmutableEnumMap                                      : loaded 2 times (x 123B)
Class com.google.common.collect.ImmutableList$ReverseImmutableList                    : loaded 2 times (x 168B)
Class com.google.common.cache.AbstractCache$StatsCounter                              : loaded 2 times (x 68B)
Class com.google.common.cache.LocalCache$Strength$1                                   : loaded 2 times (x 79B)
Class com.google.common.cache.LocalCache$Strength$2                                   : loaded 2 times (x 79B)
Class com.google.common.cache.LocalCache$Strength$3                                   : loaded 2 times (x 79B)
Class org.gradle.internal.classloader.ClassLoaderFactory                              : loaded 2 times (x 68B)
Class com.google.common.collect.ObjectArrays                                          : loaded 2 times (x 69B)
Class com.google.common.collect.Iterators$10                                          : loaded 2 times (x 79B)
Class com.google.common.collect.ImmutableList                                         : loaded 2 times (x 166B)
Class org.gradle.api.internal.classpath.ManifestUtil                                  : loaded 2 times (x 69B)
Class org.gradle.api.specs.Spec                                                       : loaded 2 times (x 68B)
Class com.google.common.cache.CacheLoader$UnsupportedLoadingOperationException        : loaded 2 times (x 80B)
Class com.google.common.base.CharMatcher$Whitespace                                   : loaded 2 times (x 110B)
Class com.google.common.collect.Iterators$1                                           : loaded 2 times (x 79B)
Class com.google.common.collect.Iterators$4                                           : loaded 2 times (x 80B)
Class com.google.common.collect.RegularImmutableMap$BucketOverflowException           : loaded 2 times (x 80B)
Class com.google.common.collect.Iterators$5                                           : loaded 2 times (x 80B)
Class com.google.common.base.Equivalence$Equals                                       : loaded 2 times (x 80B)
Class com.google.common.base.Preconditions                                            : loaded 2 times (x 69B)
Class com.google.common.base.Function                                                 : loaded 2 times (x 68B)
Class com.google.common.collect.Iterators$9                                           : loaded 2 times (x 79B)
Class org.gradle.internal.IoActions                                                   : loaded 2 times (x 69B)
Class com.google.common.cache.ReferenceEntry                                          : loaded 2 times (x 68B)
Class com.google.common.collect.RegularImmutableMap$KeySet                            : loaded 2 times (x 148B)
Class com.google.common.collect.CollectPreconditions                                  : loaded 2 times (x 69B)
Class com.google.common.collect.Maps                                                  : loaded 2 times (x 69B)
Class com.google.common.collect.RegularImmutableMap                                   : loaded 2 times (x 119B)
Class com.google.common.collect.AbstractIndexedListIterator                           : loaded 2 times (x 94B)
Class com.google.common.base.CharMatcher$None                                         : loaded 2 times (x 110B)
Class org.gradle.api.internal.classpath.EffectiveClassPath                            : loaded 2 times (x 88B)
Class com.google.common.collect.UnmodifiableListIterator                              : loaded 2 times (x 93B)
Class com.google.common.cache.CacheLoader$FunctionToCacheLoader                       : loaded 2 times (x 73B)
Class com.google.common.cache.CacheBuilder$1                                          : loaded 2 times (x 83B)
Class com.google.common.cache.CacheBuilder$2                                          : loaded 2 times (x 70B)
Class com.google.common.collect.ImmutableList$1                                       : loaded 2 times (x 95B)
Class com.google.common.base.Splitter$Strategy                                        : loaded 2 times (x 68B)
Class com.google.common.collect.ImmutableMapEntrySet$RegularEntrySet                  : loaded 2 times (x 149B)
Class [Lcom.google.common.cache.RemovalListener;                                      : loaded 2 times (x 67B)
Class [Lcom.google.common.collect.ImmutableMapEntry;                                  : loaded 2 times (x 67B)
Class org.gradle.internal.installation.CurrentGradleInstallation                      : loaded 2 times (x 71B)
Class org.gradle.internal.agents.InstrumentingClassLoader                             : loaded 2 times (x 68B)
Class org.gradle.internal.installation.CurrentGradleInstallationLocator               : loaded 2 times (x 69B)
Class [Lcom.google.common.cache.LocalCache$Segment;                                   : loaded 2 times (x 67B)
Class org.gradle.api.internal.classpath.Module                                        : loaded 2 times (x 68B)
Class com.google.common.base.Splitter$1$1                                             : loaded 2 times (x 84B)
Class com.google.common.collect.ImmutableSet$JdkBackedSetBuilderImpl                  : loaded 2 times (x 74B)
Class com.google.common.collect.ImmutableSet$RegularSetBuilderImpl                    : loaded 2 times (x 75B)
Class org.gradle.internal.service.CachingServiceLocator                               : loaded 2 times (x 80B)
Class [Lcom.google.common.collect.ImmutableEntry;                                     : loaded 2 times (x 67B)
Class org.gradle.internal.classpath.DefaultClassPath                                  : loaded 2 times (x 88B)
Class com.google.common.base.Splitter$SplittingIterator                               : loaded 2 times (x 82B)
Class com.google.common.cache.LocalCache$LocalManualCache$1                           : loaded 2 times (x 73B)
Class Build_gradle$1                                                                  : loaded 2 times (x 76B)
Class [Lcom.google.common.cache.LocalCache$EntryFactory;                              : loaded 2 times (x 67B)
Class com.google.common.base.CharMatcher$Is                                           : loaded 2 times (x 109B)
Class com.google.common.base.Platform                                                 : loaded 2 times (x 69B)
Class com.google.common.collect.RegularImmutableAsList                                : loaded 2 times (x 176B)
Class com.google.common.collect.PeekingIterator                                       : loaded 2 times (x 68B)
Class com.google.common.collect.ImmutableMapEntrySet                                  : loaded 2 times (x 149B)
Class com.google.common.cache.CacheLoader                                             : loaded 2 times (x 72B)
Class com.google.common.collect.ImmutableBiMapFauxverideShim                          : loaded 2 times (x 118B)
Class com.google.common.cache.Cache                                                   : loaded 2 times (x 68B)
Class org.gradle.internal.classloader.SystemClassLoaderSpec                           : loaded 2 times (x 69B)
Class com.google.common.collect.SingletonImmutableSet                                 : loaded 2 times (x 144B)
Class [Lcom.google.common.base.AbstractIterator$State;                                : loaded 2 times (x 67B)
Class com.google.common.collect.ImmutableMap$Builder                                  : loaded 2 times (x 80B)
Class com.google.common.base.AbstractIterator                                         : loaded 2 times (x 78B)
Class com.google.common.base.AbstractIterator$1                                       : loaded 2 times (x 69B)
Class [Lcom.google.common.cache.CacheBuilder$OneWeigher;                              : loaded 2 times (x 67B)
Class com.google.common.collect.Iterators                                             : loaded 2 times (x 69B)
Class com.google.common.base.CharMatcher$1                                            : loaded 2 times (x 111B)
Class com.google.common.base.CharMatcher$Ascii                                        : loaded 2 times (x 110B)
Class com.google.common.cache.LocalCache$ComputingValueReference                      : loaded 2 times (x 94B)
Class org.gradle.api.UncheckedIOException                                             : loaded 2 times (x 80B)
Class com.google.common.base.CharMatcher$And                                          : loaded 2 times (x 110B)
Class com.google.common.collect.IndexedImmutableSet                                   : loaded 2 times (x 148B)
Class com.google.common.collect.AbstractListMultimap                                  : loaded 2 times (x 170B)
Class com.google.common.base.CharMatcher$Any                                          : loaded 2 times (x 110B)
Class org.gradle.internal.installation.GradleInstallation                             : loaded 2 times (x 73B)
Class com.google.common.cache.LocalCache$Strength                                     : loaded 2 times (x 79B)
Class com.google.common.collect.ArrayListMultimapGwtSerializationDependencies         : loaded 2 times (x 170B)
Class com.google.common.base.CharMatcher$RangesMatcher                                : loaded 2 times (x 110B)
Class com.google.common.collect.ImmutableList$SubList                                 : loaded 2 times (x 168B)
Class com.google.common.cache.LocalCache$ValueReference                               : loaded 2 times (x 68B)
Class org.gradle.internal.classloader.ClasspathUtil                                   : loaded 2 times (x 69B)
Class com.google.common.base.Splitter$1                                               : loaded 2 times (x 75B)
Class com.google.common.base.Ticker$1                                                 : loaded 2 times (x 70B)
Class com.google.common.collect.Maps$BiMapConverter                                   : loaded 2 times (x 88B)
Class org.gradle.api.internal.DefaultClassPathRegistry                                : loaded 2 times (x 74B)
Class com.google.common.collect.ImmutableSet$SetBuilderImpl                           : loaded 2 times (x 74B)
Class org.gradle.api.internal.classpath.DefaultModuleRegistry$DefaultModule           : loaded 2 times (x 84B)
Class com.google.common.base.CharMatcher$JavaIsoControl                               : loaded 2 times (x 110B)
Class com.google.common.collect.ImmutableMap$1                                        : loaded 2 times (x 79B)
Class com.google.common.base.CharMatcher$Or                                           : loaded 2 times (x 110B)
Class org.gradle.kotlin.dsl.VersionCatalogAccessorsKt                                 : loaded 2 times (x 69B)
Class com.google.common.base.Suppliers$SupplierOfInstance                             : loaded 2 times (x 77B)
Class com.google.common.collect.Iterables                                             : loaded 2 times (x 69B)
Class com.google.common.base.CharMatcher$JavaLowerCase                                : loaded 2 times (x 109B)
Class org.gradle.api.internal.classpath.UnknownModuleException                        : loaded 2 times (x 80B)
Class com.google.common.collect.Maps$EntryTransformer                                 : loaded 2 times (x 68B)
Class com.google.common.collect.ImmutableCollection$Builder                           : loaded 2 times (x 74B)
Class com.google.common.collect.SingletonImmutableBiMap                               : loaded 2 times (x 141B)
Class com.google.common.base.CommonPattern                                            : loaded 2 times (x 72B)
Class com.google.common.base.Suppliers                                                : loaded 2 times (x 69B)
Class com.google.common.cache.LoadingCache                                            : loaded 2 times (x 68B)
Class org.gradle.internal.service.ServiceLookupException                              : loaded 2 times (x 80B)
Class org.gradle.cache.GlobalCache                                                    : loaded 2 times (x 68B)
Class com.google.common.base.CharMatcher$NegatedFastMatcher                           : loaded 2 times (x 111B)
Class [Lorg.gradle.api.internal.ClassPathProvider;                                    : loaded 2 times (x 67B)
Class org.gradle.util.internal.GUtil                                                  : loaded 2 times (x 69B)
Class com.google.common.math.IntMath                                                  : loaded 2 times (x 69B)
Class com.google.common.collect.AbstractIterator                                      : loaded 2 times (x 80B)
Class org.gradle.internal.classloader.ClassLoaderSpec                                 : loaded 2 times (x 69B)
Class com.google.common.base.NullnessCasts                                            : loaded 2 times (x 69B)
Class com.google.common.cache.LocalCache$LocalManualCache                             : loaded 2 times (x 97B)
Class com.google.common.collect.AbstractMapEntry                                      : loaded 2 times (x 79B)
Class com.google.common.base.CharMatcher$Negated                                      : loaded 2 times (x 111B)
Class com.google.common.cache.CacheLoader$1                                           : loaded 2 times (x 73B)
Class com.google.common.collect.ImmutableSet$Builder                                  : loaded 2 times (x 83B)
Class com.google.common.base.CharMatcher$ForPredicate                                 : loaded 2 times (x 110B)
Class com.google.common.collect.ImmutableMap$MapViewOfValuesAsSingletonSets           : loaded 2 times (x 123B)
Class com.google.common.base.MoreObjects                                              : loaded 2 times (x 69B)
Class com.google.common.collect.SortedMapDifference                                   : loaded 2 times (x 68B)
Class com.google.common.cache.CacheStats                                              : loaded 2 times (x 69B)
Class org.gradle.internal.classloader.VisitableURLClassLoader                         : loaded 2 times (x 115B)
Class com.google.common.cache.LocalCache$LocalLoadingCache                            : loaded 2 times (x 132B)
Class com.google.common.base.Supplier                                                 : loaded 2 times (x 68B)
Class com.google.common.collect.ImmutableBiMap                                        : loaded 2 times (x 141B)
Class org.gradle.internal.Cast                                                        : loaded 2 times (x 69B)
Class Build_gradle                                                                    : loaded 2 times (x 70B)
Class org.gradle.api.internal.ClassPathRegistry                                       : loaded 2 times (x 68B)
Class com.google.common.cache.LocalCache$EntryFactory                                 : loaded 2 times (x 81B)
Class com.google.common.util.concurrent.UncheckedExecutionException                   : loaded 2 times (x 80B)
Class com.google.common.collect.ImmutableSet                                          : loaded 2 times (x 143B)
Class org.gradle.internal.classloader.VisitableURLClassLoader$InstrumentingVisitableURLClassLoader: loaded 2 times (x 121B)
Class org.gradle.internal.classloader.ClassLoaderHierarchy                            : loaded 2 times (x 68B)
Class com.google.common.base.AbstractIterator$State                                   : loaded 2 times (x 77B)
Class com.google.common.cache.Weigher                                                 : loaded 2 times (x 68B)
Class com.google.common.base.CharMatcher$NamedFastMatcher                             : loaded 2 times (x 110B)
Class org.gradle.internal.InternalTransformer                                         : loaded 2 times (x 68B)
Class org.gradle.internal.service.ServiceLocator                                      : loaded 2 times (x 68B)
Class Settings_gradle$1                                                               : loaded 2 times (x 72B)
Class com.google.common.collect.ImmutableMapEntry                                     : loaded 2 times (x 83B)
Class com.google.common.base.CharMatcher$Invisible                                    : loaded 2 times (x 110B)
Class com.google.common.base.CharMatcher$FastMatcher                                  : loaded 2 times (x 109B)
Class org.gradle.internal.classpath.DefaultClassPath$ImmutableUniqueList              : loaded 2 times (x 159B)
Class com.google.common.base.CharMatcher$JavaLetter                                   : loaded 2 times (x 109B)
Class org.gradle.internal.classpath.TransformedClassPath                              : loaded 2 times (x 94B)
Class com.google.common.collect.MapDifference                                         : loaded 2 times (x 68B)
Class Settings_gradle                                                                 : loaded 2 times (x 126B)
Class com.google.common.collect.Platform                                              : loaded 2 times (x 69B)
Class com.google.common.collect.ImmutableAsList                                       : loaded 2 times (x 169B)
Class com.google.common.util.concurrent.ExecutionError                                : loaded 2 times (x 80B)
Class com.google.common.base.Equivalence$Identity                                     : loaded 2 times (x 80B)
Class com.google.common.base.CharMatcher$AnyOf                                        : loaded 2 times (x 110B)
Class com.google.common.base.CharMatcher$IsEither                                     : loaded 2 times (x 109B)
Class com.google.common.cache.LocalCache                                              : loaded 2 times (x 185B)
Class com.google.common.collect.RegularImmutableList                                  : loaded 2 times (x 172B)
Class com.google.common.base.CharMatcher$JavaUpperCase                                : loaded 2 times (x 109B)
Class com.google.common.collect.Multiset                                              : loaded 2 times (x 68B)
Class com.google.common.collect.ImmutableSet$CachingAsList                            : loaded 2 times (x 145B)
Class com.google.common.collect.ImmutableMapEntry$NonTerminalImmutableMapEntry        : loaded 2 times (x 83B)
Class com.google.common.collect.AbstractMapBasedMultimap                              : loaded 2 times (x 137B)


---------------  S Y S T E M  ---------------

OS:
 Windows 10 , 64 bit Build 19041 (10.0.19041.5198)
OS uptime: 0 days 1:33 hours

CPU: total 12 (initial active 12) (6 cores per cpu, 2 threads per core) family 6 model 167 stepping 1 microcode 0x5e, cx8, cmov, fxsr, ht, mmx, 3dnowpref, sse, sse2, sse3, ssse3, sse4.1, sse4.2, popcnt, lzcnt, tsc, tscinvbit, avx, avx2, aes, erms, clmul, bmi1, bmi2, adx, avx512f, avx512dq, avx512cd, avx512bw, avx512vl, sha, fma, vzeroupper, avx512_vpopcntdq, avx512_vpclmulqdq, avx512_vaes, avx512_vnni, clflush, clflushopt, avx512_vbmi2, avx512_vbmi
Processor Information for all 12 processors :
  Max Mhz: 2592, Current Mhz: 2592, Mhz Limit: 2592

Memory: 4k page, system-wide physical 16193M (503M free)
TotalPageFile size 16193M (AvailPageFile size 74M)
current process WorkingSet (physical memory assigned to process): 331M, peak: 332M
current process commit charge ("private bytes"): 372M, peak: 459M

vm_info: OpenJDK 64-Bit Server VM (17.0.11+0--11852314) for windows-amd64 JRE (17.0.11+0--11852314), built on May 16 2024 21:29:20 by "androidbuild" with MS VC++ 16.10 / 16.11 (VS2019)

END.
