#
# There is insufficient memory for the Java Runtime Environment to continue.
# Native memory allocation (mmap) failed to map 92274688 bytes. Error detail: G1 virtual space
# Possible reasons:
#   The system is out of physical RAM or swap space
#   This process is running with CompressedOops enabled, and the Java Heap may be blocking the growth of the native heap
# Possible solutions:
#   Reduce memory load on the system
#   Increase physical memory or swap space
#   Check if swap backing store is full
#   Decrease Java heap size (-Xmx/-Xms)
#   Decrease number of Java threads
#   Decrease Java thread stack sizes (-Xss)
#   Set larger code cache with -XX:ReservedCodeCacheSize=
#   JVM is running with Unscaled Compressed Oops mode in which the Java heap is
#     placed in the first 4GB address space. The Java Heap base address is the
#     maximum limit for the native heap growth. Please use -XX:HeapBaseMinAddress
#     to set the Java Heap base and to place the Java Heap above 4GB virtual address.
# This output file may be truncated or incomplete.
#
#  Out of Memory Error (os_windows.cpp:3825), pid=9192, tid=13060
#
# JRE version: OpenJDK Runtime Environment (17.0.11) (build 17.0.11+0--11852314)
# Java VM: OpenJDK 64-Bit Server VM (17.0.11+0--11852314, mixed mode, tiered, compressed oops, compressed class ptrs, g1 gc, windows-amd64)
# No core dump will be written. Minidumps are not enabled by default on client versions of Windows
#

---------------  S U M M A R Y ------------

Command Line: --add-opens=java.base/java.util=ALL-UNNAMED --add-opens=java.base/java.lang=ALL-UNNAMED --add-opens=java.base/java.lang.invoke=ALL-UNNAMED --add-opens=java.prefs/java.util.prefs=ALL-UNNAMED --add-opens=java.base/java.nio.charset=ALL-UNNAMED --add-opens=java.base/java.net=ALL-UNNAMED --add-opens=java.base/java.util.concurrent.atomic=ALL-UNNAMED -Xmx2048m -Dfile.encoding=UTF-8 -Duser.country=ES -Duser.language=es -Duser.variant -javaagent:C:\Users\VICTORHERNANIALBIOL\.gradle\wrapper\dists\gradle-8.7-bin\bhs2wmbdwecv87pi65oeuq5iu\gradle-8.7\lib\agents\gradle-instrumentation-agent-8.7.jar org.gradle.launcher.daemon.bootstrap.GradleDaemon 8.7

Host: 11th Gen Intel(R) Core(TM) i5-11400 @ 2.60GHz, 12 cores, 15G,  Windows 10 , 64 bit Build 19041 (10.0.19041.5198)
Time: Fri Feb  7 13:12:44 2025 Hora estándar romance elapsed time: 3.419079 seconds (0d 0h 0m 3s)

---------------  T H R E A D  ---------------

Current thread (0x000001d7f56bbb20):  VMThread "VM Thread" [stack: 0x0000000c2a800000,0x0000000c2a900000] [id=13060]

Stack: [0x0000000c2a800000,0x0000000c2a900000]
Native frames: (J=compiled Java code, j=interpreted, Vv=VM code, C=native code)
V  [jvm.dll+0x687bb9]
V  [jvm.dll+0x84142a]
V  [jvm.dll+0x8430ae]
V  [jvm.dll+0x843713]
V  [jvm.dll+0x24a35f]
V  [jvm.dll+0x684989]
V  [jvm.dll+0x67923a]
V  [jvm.dll+0x30af0b]
V  [jvm.dll+0x3123b6]
V  [jvm.dll+0x361dfe]
V  [jvm.dll+0x36202f]
V  [jvm.dll+0x2e0d38]
V  [jvm.dll+0x2df144]
V  [jvm.dll+0x2de74c]
V  [jvm.dll+0x32305b]
V  [jvm.dll+0x847e0b]
V  [jvm.dll+0x848b42]
V  [jvm.dll+0x84905d]
V  [jvm.dll+0x849434]
V  [jvm.dll+0x849500]
V  [jvm.dll+0x7efa4a]
V  [jvm.dll+0x686a35]
C  [ucrtbase.dll+0x21bb2]
C  [KERNEL32.DLL+0x17374]
C  [ntdll.dll+0x4cc91]

VM_Operation (0x0000000c2c2f59d0): G1CollectForAllocation, mode: safepoint, requested by thread 0x000001d7fbb6ddc0


---------------  P R O C E S S  ---------------

Threads class SMR info:
_java_thread_list=0x000001d7fa086d90, length=57, elements={
0x000001d7db22f7b0, 0x000001d7f5693af0, 0x000001d7f56955d0, 0x000001d7f57047b0,
0x000001d7f5707190, 0x000001d7f5709a70, 0x000001d7f570a340, 0x000001d7f570af40,
0x000001d7f570be60, 0x000001d7f570cd80, 0x000001d7f57f7fe0, 0x000001d7f5924f30,
0x000001d7fa2589a0, 0x000001d7fa30fb60, 0x000001d7fc159cc0, 0x000001d7fc43b030,
0x000001d7fc4b7e40, 0x000001d7fb579450, 0x000001d7fb9a3150, 0x000001d7fbb6d8e0,
0x000001d7fbb6ddc0, 0x000001d7fa5e0620, 0x000001d7fa5e0b30, 0x000001d7fa5e1040,
0x000001d7fa5e0110, 0x000001d7fa5dfc00, 0x000001d7fc791690, 0x000001d7fc7925c0,
0x000001d7fc792fe0, 0x000001d7fc7920b0, 0x000001d7fc7934f0, 0x000001d7fc795d70,
0x000001d7fc78fd40, 0x000001d7fc793a00, 0x000001d7fc78f320, 0x000001d7fc794420,
0x000001d7fc790760, 0x000001d7fc791ba0, 0x000001d7fc794930, 0x000001d7fc790250,
0x000001d7fc790c70, 0x000001d7fc794e40, 0x000001d7fc78f830, 0x000001d7fc78e900,
0x000001d7fc795350, 0x000001d7fc795860, 0x000001d7fc796280, 0x000001d7fc78ee10,
0x000001d7fc791180, 0x000001d7ff04f170, 0x000001d7ff04d820, 0x000001d7ff04f680,
0x000001d7ff04d310, 0x000001d7ff04dd30, 0x000001d7ff04e750, 0x000001d7ff050ac0,
0x000001d7ff04fb90
}

Java Threads: ( => current thread )
  0x000001d7db22f7b0 JavaThread "main" [_thread_blocked, id=1500, stack(0x0000000c2a200000,0x0000000c2a300000)]
  0x000001d7f5693af0 JavaThread "Reference Handler" daemon [_thread_blocked, id=13132, stack(0x0000000c2a900000,0x0000000c2aa00000)]
  0x000001d7f56955d0 JavaThread "Finalizer" daemon [_thread_blocked, id=1324, stack(0x0000000c2aa00000,0x0000000c2ab00000)]
  0x000001d7f57047b0 JavaThread "Signal Dispatcher" daemon [_thread_blocked, id=7060, stack(0x0000000c2ab00000,0x0000000c2ac00000)]
  0x000001d7f5707190 JavaThread "Attach Listener" daemon [_thread_blocked, id=8048, stack(0x0000000c2ac00000,0x0000000c2ad00000)]
  0x000001d7f5709a70 JavaThread "Service Thread" daemon [_thread_blocked, id=13980, stack(0x0000000c2ad00000,0x0000000c2ae00000)]
  0x000001d7f570a340 JavaThread "Monitor Deflation Thread" daemon [_thread_blocked, id=3764, stack(0x0000000c2ae00000,0x0000000c2af00000)]
  0x000001d7f570af40 JavaThread "C2 CompilerThread0" daemon [_thread_blocked, id=756, stack(0x0000000c2af00000,0x0000000c2b000000)]
  0x000001d7f570be60 JavaThread "C1 CompilerThread0" daemon [_thread_blocked, id=12608, stack(0x0000000c2b000000,0x0000000c2b100000)]
  0x000001d7f570cd80 JavaThread "Sweeper thread" daemon [_thread_blocked, id=9444, stack(0x0000000c2b100000,0x0000000c2b200000)]
  0x000001d7f57f7fe0 JavaThread "Common-Cleaner" daemon [_thread_blocked, id=10524, stack(0x0000000c2b200000,0x0000000c2b300000)]
  0x000001d7f5924f30 JavaThread "Notification Thread" daemon [_thread_blocked, id=6036, stack(0x0000000c2b300000,0x0000000c2b400000)]
  0x000001d7fa2589a0 JavaThread "C2 CompilerThread1" daemon [_thread_blocked, id=8240, stack(0x0000000c2b500000,0x0000000c2b600000)]
  0x000001d7fa30fb60 JavaThread "C2 CompilerThread2" daemon [_thread_blocked, id=1008, stack(0x0000000c2b600000,0x0000000c2b700000)]
  0x000001d7fc159cc0 JavaThread "Daemon health stats" [_thread_blocked, id=8168, stack(0x0000000c2bc00000,0x0000000c2bd00000)]
  0x000001d7fc43b030 JavaThread "Incoming local TCP Connector on port 52165" [_thread_in_native, id=12776, stack(0x0000000c2bd00000,0x0000000c2be00000)]
  0x000001d7fc4b7e40 JavaThread "Daemon periodic checks" [_thread_blocked, id=13012, stack(0x0000000c2be00000,0x0000000c2bf00000)]
  0x000001d7fb579450 JavaThread "Daemon" [_thread_blocked, id=12392, stack(0x0000000c2bf00000,0x0000000c2c000000)]
  0x000001d7fb9a3150 JavaThread "Handler for socket connection from /127.0.0.1:52165 to /127.0.0.1:52166" [_thread_in_native, id=9572, stack(0x0000000c2c000000,0x0000000c2c100000)]
  0x000001d7fbb6d8e0 JavaThread "Cancel handler" [_thread_blocked, id=11792, stack(0x0000000c2c100000,0x0000000c2c200000)]
  0x000001d7fbb6ddc0 JavaThread "Daemon worker" [_thread_blocked, id=580, stack(0x0000000c2c200000,0x0000000c2c300000)]
  0x000001d7fa5e0620 JavaThread "Asynchronous log dispatcher for DefaultDaemonConnection: socket connection from /127.0.0.1:52165 to /127.0.0.1:52166" [_thread_blocked, id=13504, stack(0x0000000c2c300000,0x0000000c2c400000)]
  0x000001d7fa5e0b30 JavaThread "Stdin handler" [_thread_blocked, id=5732, stack(0x0000000c2c400000,0x0000000c2c500000)]
  0x000001d7fa5e1040 JavaThread "Daemon client event forwarder" [_thread_blocked, id=9532, stack(0x0000000c2c500000,0x0000000c2c600000)]
  0x000001d7fa5e0110 JavaThread "Cache worker for journal cache (C:\Users\VICTORHERNANIALBIOL\.gradle\caches\journal-1)" [_thread_blocked, id=3912, stack(0x0000000c2cc00000,0x0000000c2cd00000)]
  0x000001d7fa5dfc00 JavaThread "File lock request listener" [_thread_in_native, id=7196, stack(0x0000000c2cd00000,0x0000000c2ce00000)]
  0x000001d7fc791690 JavaThread "Cache worker for file hash cache (C:\Users\VICTORHERNANIALBIOL\.gradle\caches\8.7\fileHashes)" [_thread_blocked, id=10008, stack(0x0000000c2ce00000,0x0000000c2cf00000)]
  0x000001d7fc7925c0 JavaThread "Cache worker for file hash cache (C:\Users\VICTORHERNANIALBIOL\Documents\GitHub\PMM-Restaurante\.gradle\8.7\fileHashes)" [_thread_blocked, id=1532, stack(0x0000000c2cf00000,0x0000000c2d000000)]
  0x000001d7fc792fe0 JavaThread "File watcher server" daemon [_thread_blocked, id=964, stack(0x0000000c2d000000,0x0000000c2d100000)]
  0x000001d7fc7920b0 JavaThread "File watcher consumer" daemon [_thread_blocked, id=13336, stack(0x0000000c2d100000,0x0000000c2d200000)]
  0x000001d7fc7934f0 JavaThread "Cache worker for checksums cache (C:\Users\VICTORHERNANIALBIOL\Documents\GitHub\PMM-Restaurante\.gradle\8.7\checksums)" [_thread_blocked, id=5524, stack(0x0000000c2d200000,0x0000000c2d300000)]
  0x000001d7fc795d70 JavaThread "Cache worker for cache directory md-supplier (C:\Users\VICTORHERNANIALBIOL\.gradle\caches\8.7\md-supplier)" [_thread_blocked, id=11604, stack(0x0000000c2d300000,0x0000000c2d400000)]
  0x000001d7fc78fd40 JavaThread "Cache worker for cache directory md-rule (C:\Users\VICTORHERNANIALBIOL\.gradle\caches\8.7\md-rule)" [_thread_blocked, id=13644, stack(0x0000000c2d400000,0x0000000c2d500000)]
  0x000001d7fc793a00 JavaThread "Cache worker for file content cache (C:\Users\VICTORHERNANIALBIOL\.gradle\caches\8.7\fileContent)" [_thread_blocked, id=13292, stack(0x0000000c2d500000,0x0000000c2d600000)]
  0x000001d7fc78f320 JavaThread "Cache worker for Build Output Cleanup Cache (C:\Users\VICTORHERNANIALBIOL\Documents\GitHub\PMM-Restaurante\.gradle\buildOutputCleanup)" [_thread_blocked, id=11596, stack(0x0000000c2d600000,0x0000000c2d700000)]
  0x000001d7fc794420 JavaThread "Unconstrained build operations" [_thread_blocked, id=7116, stack(0x0000000c2d700000,0x0000000c2d800000)]
  0x000001d7fc790760 JavaThread "Unconstrained build operations Thread 2" [_thread_blocked, id=11544, stack(0x0000000c2d800000,0x0000000c2d900000)]
  0x000001d7fc791ba0 JavaThread "Unconstrained build operations Thread 3" [_thread_blocked, id=1628, stack(0x0000000c2d900000,0x0000000c2da00000)]
  0x000001d7fc794930 JavaThread "Unconstrained build operations Thread 4" [_thread_blocked, id=5284, stack(0x0000000c2da00000,0x0000000c2db00000)]
  0x000001d7fc790250 JavaThread "Unconstrained build operations Thread 5" [_thread_blocked, id=12820, stack(0x0000000c2db00000,0x0000000c2dc00000)]
  0x000001d7fc790c70 JavaThread "Unconstrained build operations Thread 6" [_thread_blocked, id=11252, stack(0x0000000c2dc00000,0x0000000c2dd00000)]
  0x000001d7fc794e40 JavaThread "Unconstrained build operations Thread 7" [_thread_blocked, id=7192, stack(0x0000000c2dd00000,0x0000000c2de00000)]
  0x000001d7fc78f830 JavaThread "Unconstrained build operations Thread 8" [_thread_blocked, id=5680, stack(0x0000000c2de00000,0x0000000c2df00000)]
  0x000001d7fc78e900 JavaThread "Unconstrained build operations Thread 9" [_thread_blocked, id=10136, stack(0x0000000c2df00000,0x0000000c2e000000)]
  0x000001d7fc795350 JavaThread "Unconstrained build operations Thread 10" [_thread_blocked, id=8988, stack(0x0000000c2e000000,0x0000000c2e100000)]
  0x000001d7fc795860 JavaThread "Unconstrained build operations Thread 11" [_thread_blocked, id=4180, stack(0x0000000c2e100000,0x0000000c2e200000)]
  0x000001d7fc796280 JavaThread "Unconstrained build operations Thread 12" [_thread_blocked, id=12024, stack(0x0000000c2e200000,0x0000000c2e300000)]
  0x000001d7fc78ee10 JavaThread "Unconstrained build operations Thread 13" [_thread_blocked, id=11912, stack(0x0000000c2e300000,0x0000000c2e400000)]
  0x000001d7fc791180 JavaThread "Unconstrained build operations Thread 14" [_thread_blocked, id=11828, stack(0x0000000c2e400000,0x0000000c2e500000)]
  0x000001d7ff04f170 JavaThread "Unconstrained build operations Thread 15" [_thread_blocked, id=6476, stack(0x0000000c2e500000,0x0000000c2e600000)]
  0x000001d7ff04d820 JavaThread "Unconstrained build operations Thread 16" [_thread_blocked, id=4640, stack(0x0000000c2e600000,0x0000000c2e700000)]
  0x000001d7ff04f680 JavaThread "Unconstrained build operations Thread 17" [_thread_blocked, id=9648, stack(0x0000000c2e700000,0x0000000c2e800000)]
  0x000001d7ff04d310 JavaThread "Unconstrained build operations Thread 18" [_thread_blocked, id=8900, stack(0x0000000c2e800000,0x0000000c2e900000)]
  0x000001d7ff04dd30 JavaThread "Unconstrained build operations Thread 19" [_thread_blocked, id=9064, stack(0x0000000c2e900000,0x0000000c2ea00000)]
  0x000001d7ff04e750 JavaThread "Unconstrained build operations Thread 20" [_thread_blocked, id=7540, stack(0x0000000c2ea00000,0x0000000c2eb00000)]
  0x000001d7ff050ac0 JavaThread "Unconstrained build operations Thread 21" [_thread_blocked, id=9564, stack(0x0000000c2eb00000,0x0000000c2ec00000)]
  0x000001d7ff04fb90 JavaThread "Unconstrained build operations Thread 22" [_thread_blocked, id=9428, stack(0x0000000c2ec00000,0x0000000c2ed00000)]

Other Threads:
=>0x000001d7f56bbb20 VMThread "VM Thread" [stack: 0x0000000c2a800000,0x0000000c2a900000] [id=13060]
  0x000001d7f594dd90 WatcherThread [stack: 0x0000000c2b400000,0x0000000c2b500000] [id=3316]
  0x000001d7db28e350 GCTaskThread "GC Thread#0" [stack: 0x0000000c2a300000,0x0000000c2a400000] [id=13180]
  0x000001d7fa7b7050 GCTaskThread "GC Thread#1" [stack: 0x0000000c2b700000,0x0000000c2b800000] [id=1940]
  0x000001d7fa7b7310 GCTaskThread "GC Thread#2" [stack: 0x0000000c2b800000,0x0000000c2b900000] [id=2968]
  0x000001d7fa7b75d0 GCTaskThread "GC Thread#3" [stack: 0x0000000c2b900000,0x0000000c2ba00000] [id=4024]
  0x000001d7faec3940 GCTaskThread "GC Thread#4" [stack: 0x0000000c2ba00000,0x0000000c2bb00000] [id=9384]
  0x000001d7faec3c00 GCTaskThread "GC Thread#5" [stack: 0x0000000c2bb00000,0x0000000c2bc00000] [id=6328]
  0x000001d7fc7f7170 GCTaskThread "GC Thread#6" [stack: 0x0000000c2c600000,0x0000000c2c700000] [id=6104]
  0x000001d7fb7c7c70 GCTaskThread "GC Thread#7" [stack: 0x0000000c2c700000,0x0000000c2c800000] [id=5520]
  0x000001d7fb8f2c60 GCTaskThread "GC Thread#8" [stack: 0x0000000c2c800000,0x0000000c2c900000] [id=2752]
  0x000001d7fb40b840 GCTaskThread "GC Thread#9" [stack: 0x0000000c2c900000,0x0000000c2ca00000] [id=10660]
  0x000001d7db29f1b0 ConcurrentGCThread "G1 Main Marker" [stack: 0x0000000c2a400000,0x0000000c2a500000] [id=7140]
  0x000001d7db29fae0 ConcurrentGCThread "G1 Conc#0" [stack: 0x0000000c2a500000,0x0000000c2a600000] [id=12356]
  0x000001d7fb409f80 ConcurrentGCThread "G1 Conc#1" [stack: 0x0000000c2ca00000,0x0000000c2cb00000] [id=13956]
  0x000001d7fb409cc0 ConcurrentGCThread "G1 Conc#2" [stack: 0x0000000c2cb00000,0x0000000c2cc00000] [id=2260]
  0x000001d7f4c5b950 ConcurrentGCThread "G1 Refine#0" [stack: 0x0000000c2a600000,0x0000000c2a700000] [id=9880]
  0x000001d7f4c5c190 ConcurrentGCThread "G1 Service" [stack: 0x0000000c2a700000,0x0000000c2a800000] [id=6972]

Threads with active compile tasks:
C2 CompilerThread0     3431 6723   !   4       java.util.concurrent.ConcurrentHashMap::computeIfAbsent (576 bytes)
C1 CompilerThread0     3431 6731       3       java.lang.invoke.InvokerBytecodeGenerator::classData (170 bytes)
C2 CompilerThread1     3431 6721       4       org.objectweb.asm.SymbolTable::addConstantUtf8 (98 bytes)

VM state: at safepoint (normal execution)

VM Mutex/Monitor currently owned by a thread:  ([mutex/lock_event])
[0x000001d7db22b7d0] Threads_lock - owner thread: 0x000001d7f56bbb20
[0x000001d7db22b2c0] Heap_lock - owner thread: 0x000001d7fbb6ddc0

Heap address: 0x0000000080000000, size: 2048 MB, Compressed Oops mode: 32-bit

CDS archive(s) not mapped
Compressed class space mapped at: 0x0000000100000000-0x0000000140000000, reserved size: 1073741824
Narrow klass base: 0x0000000000000000, Narrow klass shift: 3, Narrow klass range: 0x140000000

GC Precious Log:
 CPUs: 12 total, 12 available
 Memory: 16193M
 Large Page Support: Disabled
 NUMA Support: Disabled
 Compressed Oops: Enabled (32-bit)
 Heap Region Size: 1M
 Heap Min Capacity: 8M
 Heap Initial Capacity: 254M
 Heap Max Capacity: 2G
 Pre-touch: Disabled
 Parallel Workers: 10
 Concurrent Workers: 3
 Concurrent Refinement Workers: 10
 Periodic GC: Disabled

Heap:
 garbage-first heap   total 117760K, used 64706K [0x0000000080000000, 0x0000000100000000)
  region size 1024K, 1 young (1024K), 1 survivors (1024K)
 Metaspace       used 59687K, committed 60288K, reserved 1114112K
  class space    used 8215K, committed 8512K, reserved 1048576K

Heap Regions: E=young(eden), S=young(survivor), O=old, HS=humongous(starts), HC=humongous(continues), CS=collection set, F=free, OA=open archive, CA=closed archive, TAMS=top-at-mark-start (previous, next)
|   0|0x0000000080000000, 0x0000000080100000, 0x0000000080100000|100%|HS|  |TAMS 0x0000000080100000, 0x0000000080000000| Complete 
|   1|0x0000000080100000, 0x0000000080200000, 0x0000000080200000|100%|HC|  |TAMS 0x0000000080200000, 0x0000000080100000| Complete 
|   2|0x0000000080200000, 0x0000000080300000, 0x0000000080300000|100%|HC|  |TAMS 0x0000000080300000, 0x0000000080200000| Complete 
|   3|0x0000000080300000, 0x0000000080400000, 0x0000000080400000|100%|HC|  |TAMS 0x0000000080400000, 0x0000000080300000| Complete 
|   4|0x0000000080400000, 0x0000000080500000, 0x0000000080500000|100%| O|  |TAMS 0x0000000080500000, 0x0000000080400000| Untracked 
|   5|0x0000000080500000, 0x0000000080600000, 0x0000000080600000|100%| O|  |TAMS 0x0000000080600000, 0x0000000080500000| Untracked 
|   6|0x0000000080600000, 0x0000000080700000, 0x0000000080700000|100%| O|  |TAMS 0x0000000080700000, 0x0000000080600000| Untracked 
|   7|0x0000000080700000, 0x0000000080800000, 0x0000000080800000|100%| O|  |TAMS 0x0000000080800000, 0x0000000080700000| Untracked 
|   8|0x0000000080800000, 0x0000000080900000, 0x0000000080900000|100%| O|  |TAMS 0x0000000080900000, 0x0000000080800000| Untracked 
|   9|0x0000000080900000, 0x0000000080900000, 0x0000000080a00000|  0%| F|  |TAMS 0x0000000080900000, 0x0000000080900000| Untracked 
|  10|0x0000000080a00000, 0x0000000080a9d200, 0x0000000080b00000| 61%| O|  |TAMS 0x0000000080a9d200, 0x0000000080a00000| Untracked 
|  11|0x0000000080b00000, 0x0000000080c00000, 0x0000000080c00000|100%| O|  |TAMS 0x0000000080c00000, 0x0000000080b00000| Untracked 
|  12|0x0000000080c00000, 0x0000000080d00000, 0x0000000080d00000|100%| O|  |TAMS 0x0000000080d00000, 0x0000000080c00000| Untracked 
|  13|0x0000000080d00000, 0x0000000080e00000, 0x0000000080e00000|100%| O|  |TAMS 0x0000000080e00000, 0x0000000080d00000| Untracked 
|  14|0x0000000080e00000, 0x0000000080f00000, 0x0000000080f00000|100%| O|  |TAMS 0x0000000080f00000, 0x0000000080e00000| Untracked 
|  15|0x0000000080f00000, 0x0000000081000000, 0x0000000081000000|100%| O|  |TAMS 0x0000000081000000, 0x0000000080f00000| Untracked 
|  16|0x0000000081000000, 0x0000000081100000, 0x0000000081100000|100%|HS|  |TAMS 0x0000000081000000, 0x0000000081000000| Complete 
|  17|0x0000000081100000, 0x0000000081200000, 0x0000000081200000|100%| O|  |TAMS 0x0000000081200000, 0x0000000081100000| Untracked 
|  18|0x0000000081200000, 0x0000000081300000, 0x0000000081300000|100%| O|  |TAMS 0x0000000081300000, 0x0000000081200000| Untracked 
|  19|0x0000000081300000, 0x0000000081400000, 0x0000000081400000|100%| O|  |TAMS 0x0000000081400000, 0x0000000081300000| Untracked 
|  20|0x0000000081400000, 0x0000000081500000, 0x0000000081500000|100%| O|  |TAMS 0x0000000081500000, 0x0000000081400000| Untracked 
|  21|0x0000000081500000, 0x0000000081600000, 0x0000000081600000|100%| O|  |TAMS 0x0000000081600000, 0x0000000081500000| Untracked 
|  22|0x0000000081600000, 0x0000000081700000, 0x0000000081700000|100%| O|  |TAMS 0x0000000081700000, 0x0000000081600000| Untracked 
|  23|0x0000000081700000, 0x0000000081800000, 0x0000000081800000|100%| O|  |TAMS 0x0000000081800000, 0x0000000081700000| Untracked 
|  24|0x0000000081800000, 0x0000000081900000, 0x0000000081900000|100%| O|  |TAMS 0x0000000081900000, 0x0000000081800000| Untracked 
|  25|0x0000000081900000, 0x0000000081a00000, 0x0000000081a00000|100%| O|  |TAMS 0x0000000081a00000, 0x0000000081900000| Untracked 
|  26|0x0000000081a00000, 0x0000000081b00000, 0x0000000081b00000|100%| O|  |TAMS 0x0000000081b00000, 0x0000000081a00000| Untracked 
|  27|0x0000000081b00000, 0x0000000081c00000, 0x0000000081c00000|100%| O|  |TAMS 0x0000000081c00000, 0x0000000081b00000| Untracked 
|  28|0x0000000081c00000, 0x0000000081d00000, 0x0000000081d00000|100%| O|  |TAMS 0x0000000081d00000, 0x0000000081c00000| Untracked 
|  29|0x0000000081d00000, 0x0000000081e00000, 0x0000000081e00000|100%| O|  |TAMS 0x0000000081e00000, 0x0000000081d00000| Untracked 
|  30|0x0000000081e00000, 0x0000000081f00000, 0x0000000081f00000|100%| O|  |TAMS 0x0000000081f00000, 0x0000000081e00000| Untracked 
|  31|0x0000000081f00000, 0x0000000082000000, 0x0000000082000000|100%| O|  |TAMS 0x0000000082000000, 0x0000000081f00000| Untracked 
|  32|0x0000000082000000, 0x0000000082100000, 0x0000000082100000|100%| O|  |TAMS 0x0000000082100000, 0x0000000082000000| Untracked 
|  33|0x0000000082100000, 0x0000000082100000, 0x0000000082200000|  0%| F|  |TAMS 0x0000000082100000, 0x0000000082100000| Untracked 
|  34|0x0000000082200000, 0x0000000082300000, 0x0000000082300000|100%| O|  |TAMS 0x0000000082300000, 0x0000000082200000| Untracked 
|  35|0x0000000082300000, 0x0000000082400000, 0x0000000082400000|100%| O|  |TAMS 0x0000000082400000, 0x0000000082300000| Untracked 
|  36|0x0000000082400000, 0x0000000082500000, 0x0000000082500000|100%|HS|  |TAMS 0x0000000082500000, 0x0000000082400000| Complete 
|  37|0x0000000082500000, 0x0000000082600000, 0x0000000082600000|100%|HS|  |TAMS 0x0000000082600000, 0x0000000082500000| Complete 
|  38|0x0000000082600000, 0x0000000082700000, 0x0000000082700000|100%|HS|  |TAMS 0x0000000082700000, 0x0000000082600000| Complete 
|  39|0x0000000082700000, 0x0000000082800000, 0x0000000082800000|100%|HC|  |TAMS 0x0000000082800000, 0x0000000082700000| Complete 
|  40|0x0000000082800000, 0x0000000082900000, 0x0000000082900000|100%|HS|  |TAMS 0x0000000082900000, 0x0000000082800000| Complete 
|  41|0x0000000082900000, 0x0000000082a00000, 0x0000000082a00000|100%|HC|  |TAMS 0x0000000082a00000, 0x0000000082900000| Complete 
|  42|0x0000000082a00000, 0x0000000082b00000, 0x0000000082b00000|100%| O|  |TAMS 0x0000000082b00000, 0x0000000082a00000| Untracked 
|  43|0x0000000082b00000, 0x0000000082c00000, 0x0000000082c00000|100%| O|  |TAMS 0x0000000082c00000, 0x0000000082b00000| Untracked 
|  44|0x0000000082c00000, 0x0000000082d00000, 0x0000000082d00000|100%| O|  |TAMS 0x0000000082d00000, 0x0000000082c00000| Untracked 
|  45|0x0000000082d00000, 0x0000000082e00000, 0x0000000082e00000|100%| O|  |TAMS 0x0000000082e00000, 0x0000000082d00000| Untracked 
|  46|0x0000000082e00000, 0x0000000082f00000, 0x0000000082f00000|100%|HS|  |TAMS 0x0000000082f00000, 0x0000000082e00000| Complete 
|  47|0x0000000082f00000, 0x0000000083000000, 0x0000000083000000|100%|HS|  |TAMS 0x0000000083000000, 0x0000000082f00000| Complete 
|  48|0x0000000083000000, 0x0000000083100000, 0x0000000083100000|100%|HC|  |TAMS 0x0000000083100000, 0x0000000083000000| Complete 
|  49|0x0000000083100000, 0x0000000083200000, 0x0000000083200000|100%|HC|  |TAMS 0x0000000083200000, 0x0000000083100000| Complete 
|  50|0x0000000083200000, 0x0000000083300000, 0x0000000083300000|100%|HC|  |TAMS 0x0000000083300000, 0x0000000083200000| Complete 
|  51|0x0000000083300000, 0x0000000083400000, 0x0000000083400000|100%|HS|  |TAMS 0x0000000083400000, 0x0000000083300000| Complete 
|  52|0x0000000083400000, 0x0000000083500000, 0x0000000083500000|100%| O|  |TAMS 0x0000000083500000, 0x0000000083400000| Untracked 
|  53|0x0000000083500000, 0x0000000083600000, 0x0000000083600000|100%|HS|  |TAMS 0x0000000083600000, 0x0000000083500000| Complete 
|  54|0x0000000083600000, 0x0000000083700000, 0x0000000083700000|100%| O|  |TAMS 0x0000000083700000, 0x0000000083600000| Untracked 
|  55|0x0000000083700000, 0x0000000083800000, 0x0000000083800000|100%| O|  |TAMS 0x0000000083800000, 0x0000000083700000| Untracked 
|  56|0x0000000083800000, 0x0000000083900000, 0x0000000083900000|100%| O|  |TAMS 0x0000000083900000, 0x0000000083800000| Untracked 
|  57|0x0000000083900000, 0x0000000083a00000, 0x0000000083a00000|100%| O|  |TAMS 0x0000000083a00000, 0x0000000083900000| Untracked 
|  58|0x0000000083a00000, 0x0000000083b00000, 0x0000000083b00000|100%| O|  |TAMS 0x0000000083b00000, 0x0000000083a00000| Untracked 
|  59|0x0000000083b00000, 0x0000000083c00000, 0x0000000083c00000|100%| O|  |TAMS 0x0000000083c00000, 0x0000000083b00000| Untracked 
|  60|0x0000000083c00000, 0x0000000083d00000, 0x0000000083d00000|100%| O|  |TAMS 0x0000000083d00000, 0x0000000083c00000| Untracked 
|  61|0x0000000083d00000, 0x0000000083e00000, 0x0000000083e00000|100%| O|  |TAMS 0x0000000083e00000, 0x0000000083d00000| Untracked 
|  62|0x0000000083e00000, 0x0000000083f00000, 0x0000000083f00000|100%| O|  |TAMS 0x0000000083f00000, 0x0000000083e00000| Untracked 
|  63|0x0000000083f00000, 0x0000000084000000, 0x0000000084000000|100%| O|  |TAMS 0x0000000083f13c00, 0x0000000083f00000| Untracked 
|  64|0x0000000084000000, 0x000000008400b800, 0x0000000084100000|  4%| O|  |TAMS 0x0000000084000000, 0x0000000084000000| Untracked 
|  65|0x0000000084100000, 0x0000000084200000, 0x0000000084200000|100%| O|  |TAMS 0x0000000084200000, 0x0000000084100000| Untracked 
|  66|0x0000000084200000, 0x0000000084200000, 0x0000000084300000|  0%| F|  |TAMS 0x0000000084200000, 0x0000000084200000| Untracked 
|  67|0x0000000084300000, 0x0000000084300000, 0x0000000084400000|  0%| F|  |TAMS 0x0000000084300000, 0x0000000084300000| Untracked 
|  68|0x0000000084400000, 0x0000000084400000, 0x0000000084500000|  0%| F|  |TAMS 0x0000000084400000, 0x0000000084400000| Untracked 
|  69|0x0000000084500000, 0x0000000084500000, 0x0000000084600000|  0%| F|  |TAMS 0x0000000084500000, 0x0000000084500000| Untracked 
|  70|0x0000000084600000, 0x0000000084600000, 0x0000000084700000|  0%| F|  |TAMS 0x0000000084600000, 0x0000000084600000| Untracked 
|  71|0x0000000084700000, 0x0000000084700000, 0x0000000084800000|  0%| F|  |TAMS 0x0000000084700000, 0x0000000084700000| Untracked 
|  72|0x0000000084800000, 0x0000000084800000, 0x0000000084900000|  0%| F|  |TAMS 0x0000000084800000, 0x0000000084800000| Untracked 
|  73|0x0000000084900000, 0x0000000084900000, 0x0000000084a00000|  0%| F|  |TAMS 0x0000000084900000, 0x0000000084900000| Untracked 
|  74|0x0000000084a00000, 0x0000000084a00000, 0x0000000084b00000|  0%| F|  |TAMS 0x0000000084a00000, 0x0000000084a00000| Untracked 
|  75|0x0000000084b00000, 0x0000000084b00000, 0x0000000084c00000|  0%| F|  |TAMS 0x0000000084b00000, 0x0000000084b00000| Untracked 
|  76|0x0000000084c00000, 0x0000000084c00000, 0x0000000084d00000|  0%| F|  |TAMS 0x0000000084c00000, 0x0000000084c00000| Untracked 
|  77|0x0000000084d00000, 0x0000000084d00000, 0x0000000084e00000|  0%| F|  |TAMS 0x0000000084d00000, 0x0000000084d00000| Untracked 
|  78|0x0000000084e00000, 0x0000000084e00000, 0x0000000084f00000|  0%| F|  |TAMS 0x0000000084e00000, 0x0000000084e00000| Untracked 
|  79|0x0000000084f00000, 0x0000000084f00000, 0x0000000085000000|  0%| F|  |TAMS 0x0000000084f00000, 0x0000000084f00000| Untracked 
|  80|0x0000000085000000, 0x0000000085000000, 0x0000000085100000|  0%| F|  |TAMS 0x0000000085000000, 0x0000000085000000| Untracked 
|  81|0x0000000085100000, 0x0000000085100000, 0x0000000085200000|  0%| F|  |TAMS 0x0000000085100000, 0x0000000085100000| Untracked 
|  82|0x0000000085200000, 0x0000000085200000, 0x0000000085300000|  0%| F|  |TAMS 0x0000000085200000, 0x0000000085200000| Untracked 
|  83|0x0000000085300000, 0x0000000085300000, 0x0000000085400000|  0%| F|  |TAMS 0x0000000085300000, 0x0000000085300000| Untracked 
|  84|0x0000000085400000, 0x0000000085400000, 0x0000000085500000|  0%| F|  |TAMS 0x0000000085400000, 0x0000000085400000| Untracked 
|  85|0x0000000085500000, 0x0000000085500000, 0x0000000085600000|  0%| F|  |TAMS 0x0000000085500000, 0x0000000085500000| Untracked 
|  86|0x0000000085600000, 0x0000000085600000, 0x0000000085700000|  0%| F|  |TAMS 0x0000000085600000, 0x0000000085600000| Untracked 
|  87|0x0000000085700000, 0x0000000085700000, 0x0000000085800000|  0%| F|  |TAMS 0x0000000085700000, 0x0000000085700000| Untracked 
|  88|0x0000000085800000, 0x0000000085800000, 0x0000000085900000|  0%| F|  |TAMS 0x0000000085800000, 0x0000000085800000| Untracked 
|  89|0x0000000085900000, 0x0000000085900000, 0x0000000085a00000|  0%| F|  |TAMS 0x0000000085900000, 0x0000000085900000| Untracked 
|  90|0x0000000085a00000, 0x0000000085a00000, 0x0000000085b00000|  0%| F|  |TAMS 0x0000000085a00000, 0x0000000085a00000| Untracked 
|  91|0x0000000085b00000, 0x0000000085b00000, 0x0000000085c00000|  0%| F|  |TAMS 0x0000000085b00000, 0x0000000085b00000| Untracked 
|  92|0x0000000085c00000, 0x0000000085c00000, 0x0000000085d00000|  0%| F|  |TAMS 0x0000000085c00000, 0x0000000085c00000| Untracked 
|  93|0x0000000085d00000, 0x0000000085d00000, 0x0000000085e00000|  0%| F|  |TAMS 0x0000000085d00000, 0x0000000085d00000| Untracked 
|  94|0x0000000085e00000, 0x0000000085e00000, 0x0000000085f00000|  0%| F|  |TAMS 0x0000000085e00000, 0x0000000085e00000| Untracked 
|  95|0x0000000085f00000, 0x0000000085f00000, 0x0000000086000000|  0%| F|  |TAMS 0x0000000085f00000, 0x0000000085f00000| Untracked 
|  96|0x0000000086000000, 0x0000000086000000, 0x0000000086100000|  0%| F|  |TAMS 0x0000000086000000, 0x0000000086000000| Untracked 
|  97|0x0000000086100000, 0x0000000086100000, 0x0000000086200000|  0%| F|  |TAMS 0x0000000086100000, 0x0000000086100000| Untracked 
|  98|0x0000000086200000, 0x0000000086200000, 0x0000000086300000|  0%| F|  |TAMS 0x0000000086200000, 0x0000000086200000| Untracked 
|  99|0x0000000086300000, 0x0000000086300000, 0x0000000086400000|  0%| F|  |TAMS 0x0000000086300000, 0x0000000086300000| Untracked 
| 100|0x0000000086400000, 0x0000000086400000, 0x0000000086500000|  0%| F|  |TAMS 0x0000000086400000, 0x0000000086400000| Untracked 
| 101|0x0000000086500000, 0x0000000086500000, 0x0000000086600000|  0%| F|  |TAMS 0x0000000086500000, 0x0000000086500000| Untracked 
| 102|0x0000000086600000, 0x0000000086600000, 0x0000000086700000|  0%| F|  |TAMS 0x0000000086600000, 0x0000000086600000| Untracked 
| 103|0x0000000086700000, 0x0000000086700000, 0x0000000086800000|  0%| F|  |TAMS 0x0000000086700000, 0x0000000086700000| Untracked 
| 104|0x0000000086800000, 0x0000000086800000, 0x0000000086900000|  0%| F|  |TAMS 0x0000000086800000, 0x0000000086800000| Untracked 
| 193|0x000000008c100000, 0x000000008c100000, 0x000000008c200000|  0%| F|  |TAMS 0x000000008c100000, 0x000000008c100000| Untracked 
| 194|0x000000008c200000, 0x000000008c200000, 0x000000008c300000|  0%| F|  |TAMS 0x000000008c200000, 0x000000008c200000| Untracked 
| 195|0x000000008c300000, 0x000000008c300000, 0x000000008c400000|  0%| F|  |TAMS 0x000000008c300000, 0x000000008c300000| Untracked 
| 196|0x000000008c400000, 0x000000008c400000, 0x000000008c500000|  0%| F|  |TAMS 0x000000008c400000, 0x000000008c400000| Untracked 
| 197|0x000000008c500000, 0x000000008c500000, 0x000000008c600000|  0%| F|  |TAMS 0x000000008c500000, 0x000000008c500000| Untracked 
| 198|0x000000008c600000, 0x000000008c6880d0, 0x000000008c700000| 53%| S|CS|TAMS 0x000000008c600000, 0x000000008c600000| Complete 
| 199|0x000000008c700000, 0x000000008c700000, 0x000000008c800000|  0%| F|  |TAMS 0x000000008c700000, 0x000000008c700000| Untracked 
| 200|0x000000008c800000, 0x000000008c800000, 0x000000008c900000|  0%| F|  |TAMS 0x000000008c800000, 0x000000008c800000| Untracked 
| 201|0x000000008c900000, 0x000000008c900000, 0x000000008ca00000|  0%| F|  |TAMS 0x000000008c900000, 0x000000008c900000| Untracked 
| 253|0x000000008fd00000, 0x000000008fd00000, 0x000000008fe00000|  0%| F|  |TAMS 0x000000008fd00000, 0x000000008fd00000| Untracked 

Card table byte_map: [0x000001d7ee060000,0x000001d7ee460000] _byte_map_base: 0x000001d7edc60000

Marking Bits (Prev, Next): (CMBitMap*) 0x000001d7db28e880, (CMBitMap*) 0x000001d7db28e8c0
 Prev Bits: [0x000001d7ee860000, 0x000001d7f0860000)
 Next Bits: [0x000001d7f0860000, 0x000001d7f2860000)

Polling page: 0x000001d7da9f0000

Metaspace:

Usage:
  Non-class:     50.27 MB used.
      Class:      8.02 MB used.
       Both:     58.29 MB used.

Virtual space:
  Non-class space:       64.00 MB reserved,      50.56 MB ( 79%) committed,  1 nodes.
      Class space:        1.00 GB reserved,       8.31 MB ( <1%) committed,  1 nodes.
             Both:        1.06 GB reserved,      58.88 MB (  5%) committed. 

Chunk freelists:
   Non-Class:  13.47 MB
       Class:  7.72 MB
        Both:  21.19 MB

MaxMetaspaceSize: unlimited
CompressedClassSpaceSize: 1.00 GB
Initial GC threshold: 21.00 MB
Current GC threshold: 96.38 MB
CDS: off
MetaspaceReclaimPolicy: balanced
 - commit_granule_bytes: 65536.
 - commit_granule_words: 8192.
 - virtual_space_node_default_size: 8388608.
 - enlarge_chunks_in_place: 1.
 - new_chunks_are_fully_committed: 0.
 - uncommit_free_chunks: 1.
 - use_allocation_guard: 0.
 - handle_deallocations: 1.


Internal statistics:

num_allocs_failed_limit: 6.
num_arena_births: 710.
num_arena_deaths: 0.
num_vsnodes_births: 2.
num_vsnodes_deaths: 0.
num_space_committed: 942.
num_space_uncommitted: 0.
num_chunks_returned_to_freelist: 6.
num_chunks_taken_from_freelist: 2773.
num_chunk_merges: 6.
num_chunk_splits: 1809.
num_chunks_enlarged: 1204.
num_inconsistent_stats: 0.

CodeHeap 'non-profiled nmethods': size=120000Kb used=3146Kb max_used=3146Kb free=116853Kb
 bounds [0x000001d7e61e0000, 0x000001d7e6500000, 0x000001d7ed710000]
CodeHeap 'profiled nmethods': size=120000Kb used=10800Kb max_used=10800Kb free=109199Kb
 bounds [0x000001d7de710000, 0x000001d7df1a0000, 0x000001d7e5c40000]
CodeHeap 'non-nmethods': size=5760Kb used=1645Kb max_used=1699Kb free=4114Kb
 bounds [0x000001d7e5c40000, 0x000001d7e5eb0000, 0x000001d7e61e0000]
 total_blobs=6677 nmethods=5971 adapters=618
 compilation: enabled
              stopped_count=0, restarted_count=0
 full_count=0

Compilation events (20 events):
Event: 3.405 Thread 0x000001d7fa2589a0 6721       4       org.objectweb.asm.SymbolTable::addConstantUtf8 (98 bytes)
Event: 3.405 Thread 0x000001d7f570be60 nmethod 6720 0x000001d7df196010 code [0x000001d7df196200, 0x000001d7df196a48]
Event: 3.405 Thread 0x000001d7fa30fb60 6722       4       org.objectweb.asm.MethodWriter::visitMethodInsn (191 bytes)
Event: 3.407 Thread 0x000001d7f570af40 6723   !   4       java.util.concurrent.ConcurrentHashMap::computeIfAbsent (576 bytes)
Event: 3.407 Thread 0x000001d7f570be60 6724       3       org.gradle.internal.service.DefaultServiceRegistry::get (44 bytes)
Event: 3.408 Thread 0x000001d7f570be60 nmethod 6724 0x000001d7df196d10 code [0x000001d7df197020, 0x000001d7df1981a8]
Event: 3.408 Thread 0x000001d7f570be60 6727       3       org.gradle.internal.event.DefaultListenerManager$EventBroadcast::doStartNotification (48 bytes)
Event: 3.408 Thread 0x000001d7f570be60 nmethod 6727 0x000001d7df198810 code [0x000001d7df198a40, 0x000001d7df199448]
Event: 3.408 Thread 0x000001d7f570be60 6728   !   3       org.gradle.internal.event.DefaultListenerManager$EventBroadcast::endNotification (145 bytes)
Event: 3.408 Thread 0x000001d7f570be60 nmethod 6728 0x000001d7df199710 code [0x000001d7df199a40, 0x000001d7df19b118]
Event: 3.408 Thread 0x000001d7f570be60 6725       3       org.gradle.internal.event.DefaultListenerManager$EventBroadcast::startNotification (50 bytes)
Event: 3.408 Thread 0x000001d7f570be60 nmethod 6725 0x000001d7df19b910 code [0x000001d7df19bae0, 0x000001d7df19bda8]
Event: 3.408 Thread 0x000001d7f570be60 6726       3       org.gradle.internal.event.DefaultListenerManager$EventBroadcast::takeOwnership (45 bytes)
Event: 3.409 Thread 0x000001d7f570be60 nmethod 6726 0x000001d7df19bf10 code [0x000001d7df19c1e0, 0x000001d7df19d188]
Event: 3.409 Thread 0x000001d7f570be60 6729       3       org.gradle.internal.service.DefaultServiceRegistry$ManagedObjectServiceProvider::setInstance (18 bytes)
Event: 3.409 Thread 0x000001d7f570be60 nmethod 6729 0x000001d7df19d710 code [0x000001d7df19d8c0, 0x000001d7df19da88]
Event: 3.409 Thread 0x000001d7f570be60 6730       1       java.util.Collections$EmptyList::size (2 bytes)
Event: 3.409 Thread 0x000001d7f570be60 nmethod 6730 0x000001d7e64f0790 code [0x000001d7e64f0920, 0x000001d7e64f09f8]
Event: 3.413 Thread 0x000001d7fa30fb60 nmethod 6722 0x000001d7e64f0a90 code [0x000001d7e64f0ce0, 0x000001d7e64f1be0]
Event: 3.416 Thread 0x000001d7f570be60 6731       3       java.lang.invoke.InvokerBytecodeGenerator::classData (170 bytes)

GC Heap History (20 events):
Event: 2.121 GC heap after
{Heap after GC invocations=11 (full 0):
 garbage-first heap   total 71680K, used 30868K [0x0000000080000000, 0x0000000100000000)
  region size 1024K, 2 young (2048K), 2 survivors (2048K)
 Metaspace       used 42425K, committed 42880K, reserved 1114112K
  class space    used 5659K, committed 5888K, reserved 1048576K
}
Event: 2.315 GC heap before
{Heap before GC invocations=11 (full 0):
 garbage-first heap   total 71680K, used 55444K [0x0000000080000000, 0x0000000100000000)
  region size 1024K, 26 young (26624K), 2 survivors (2048K)
 Metaspace       used 45180K, committed 45632K, reserved 1114112K
  class space    used 6104K, committed 6336K, reserved 1048576K
}
Event: 2.317 GC heap after
{Heap after GC invocations=12 (full 0):
 garbage-first heap   total 94208K, used 32603K [0x0000000080000000, 0x0000000100000000)
  region size 1024K, 4 young (4096K), 4 survivors (4096K)
 Metaspace       used 45180K, committed 45632K, reserved 1114112K
  class space    used 6104K, committed 6336K, reserved 1048576K
}
Event: 2.594 GC heap before
{Heap before GC invocations=12 (full 0):
 garbage-first heap   total 94208K, used 72539K [0x0000000080000000, 0x0000000100000000)
  region size 1024K, 43 young (44032K), 4 survivors (4096K)
 Metaspace       used 50323K, committed 50752K, reserved 1114112K
  class space    used 6934K, committed 7104K, reserved 1048576K
}
Event: 2.596 GC heap after
{Heap after GC invocations=13 (full 0):
 garbage-first heap   total 94208K, used 35126K [0x0000000080000000, 0x0000000100000000)
  region size 1024K, 5 young (5120K), 5 survivors (5120K)
 Metaspace       used 50323K, committed 50752K, reserved 1114112K
  class space    used 6934K, committed 7104K, reserved 1048576K
}
Event: 2.858 GC heap before
{Heap before GC invocations=13 (full 0):
 garbage-first heap   total 94208K, used 75062K [0x0000000080000000, 0x0000000100000000)
  region size 1024K, 42 young (43008K), 5 survivors (5120K)
 Metaspace       used 55191K, committed 55744K, reserved 1114112K
  class space    used 7607K, committed 7872K, reserved 1048576K
}
Event: 2.861 GC heap after
{Heap after GC invocations=14 (full 0):
 garbage-first heap   total 94208K, used 37107K [0x0000000080000000, 0x0000000100000000)
  region size 1024K, 5 young (5120K), 5 survivors (5120K)
 Metaspace       used 55191K, committed 55744K, reserved 1114112K
  class space    used 7607K, committed 7872K, reserved 1048576K
}
Event: 3.100 GC heap before
{Heap before GC invocations=14 (full 0):
 garbage-first heap   total 94208K, used 73971K [0x0000000080000000, 0x0000000100000000)
  region size 1024K, 41 young (41984K), 5 survivors (5120K)
 Metaspace       used 56483K, committed 57088K, reserved 1114112K
  class space    used 7777K, committed 8064K, reserved 1048576K
}
Event: 3.103 GC heap after
{Heap after GC invocations=15 (full 0):
 garbage-first heap   total 94208K, used 41780K [0x0000000080000000, 0x0000000100000000)
  region size 1024K, 6 young (6144K), 6 survivors (6144K)
 Metaspace       used 56483K, committed 57088K, reserved 1114112K
  class space    used 7777K, committed 8064K, reserved 1048576K
}
Event: 3.214 GC heap before
{Heap before GC invocations=15 (full 0):
 garbage-first heap   total 94208K, used 74548K [0x0000000080000000, 0x0000000100000000)
  region size 1024K, 33 young (33792K), 6 survivors (6144K)
 Metaspace       used 57244K, committed 57728K, reserved 1114112K
  class space    used 7884K, committed 8128K, reserved 1048576K
}
Event: 3.216 GC heap after
{Heap after GC invocations=16 (full 0):
 garbage-first heap   total 94208K, used 51654K [0x0000000080000000, 0x0000000100000000)
  region size 1024K, 5 young (5120K), 5 survivors (5120K)
 Metaspace       used 57244K, committed 57728K, reserved 1114112K
  class space    used 7884K, committed 8128K, reserved 1048576K
}
Event: 3.318 GC heap before
{Heap before GC invocations=17 (full 0):
 garbage-first heap   total 94208K, used 81350K [0x0000000080000000, 0x0000000100000000)
  region size 1024K, 27 young (27648K), 5 survivors (5120K)
 Metaspace       used 58312K, committed 58880K, reserved 1114112K
  class space    used 8035K, committed 8320K, reserved 1048576K
}
Event: 3.321 GC heap after
{Heap after GC invocations=18 (full 0):
 garbage-first heap   total 94208K, used 64788K [0x0000000080000000, 0x0000000100000000)
  region size 1024K, 4 young (4096K), 4 survivors (4096K)
 Metaspace       used 58312K, committed 58880K, reserved 1114112K
  class space    used 8035K, committed 8320K, reserved 1048576K
}
Event: 3.325 GC heap before
{Heap before GC invocations=18 (full 0):
 garbage-first heap   total 94208K, used 65812K [0x0000000080000000, 0x0000000100000000)
  region size 1024K, 5 young (5120K), 4 survivors (4096K)
 Metaspace       used 58395K, committed 58944K, reserved 1114112K
  class space    used 8041K, committed 8320K, reserved 1048576K
}
Event: 3.326 GC heap after
{Heap after GC invocations=19 (full 0):
 garbage-first heap   total 94208K, used 64545K [0x0000000080000000, 0x0000000100000000)
  region size 1024K, 1 young (1024K), 1 survivors (1024K)
 Metaspace       used 58395K, committed 58944K, reserved 1114112K
  class space    used 8041K, committed 8320K, reserved 1048576K
}
Event: 3.328 GC heap before
{Heap before GC invocations=19 (full 0):
 garbage-first heap   total 94208K, used 64545K [0x0000000080000000, 0x0000000100000000)
  region size 1024K, 2 young (2048K), 1 survivors (1024K)
 Metaspace       used 58420K, committed 58944K, reserved 1114112K
  class space    used 8042K, committed 8320K, reserved 1048576K
}
Event: 3.329 GC heap after
{Heap after GC invocations=20 (full 0):
 garbage-first heap   total 94208K, used 64331K [0x0000000080000000, 0x0000000100000000)
  region size 1024K, 1 young (1024K), 1 survivors (1024K)
 Metaspace       used 58420K, committed 58944K, reserved 1114112K
  class space    used 8042K, committed 8320K, reserved 1048576K
}
Event: 3.395 GC heap before
{Heap before GC invocations=21 (full 0):
 garbage-first heap   total 117760K, used 77643K [0x0000000080000000, 0x0000000100000000)
  region size 1024K, 13 young (13312K), 1 survivors (1024K)
 Metaspace       used 59369K, committed 59968K, reserved 1114112K
  class space    used 8164K, committed 8448K, reserved 1048576K
}
Event: 3.396 GC heap after
{Heap after GC invocations=22 (full 0):
 garbage-first heap   total 117760K, used 65699K [0x0000000080000000, 0x0000000100000000)
  region size 1024K, 1 young (1024K), 1 survivors (1024K)
 Metaspace       used 59369K, committed 59968K, reserved 1114112K
  class space    used 8164K, committed 8448K, reserved 1048576K
}
Event: 3.416 GC heap before
{Heap before GC invocations=22 (full 0):
 garbage-first heap   total 117760K, used 68771K [0x0000000080000000, 0x0000000100000000)
  region size 1024K, 5 young (5120K), 1 survivors (1024K)
 Metaspace       used 59687K, committed 60288K, reserved 1114112K
  class space    used 8215K, committed 8512K, reserved 1048576K
}

Dll operation events (3 events):
Event: 0.004 Loaded shared library C:\Program Files\Android\Android Studio\jbr\bin\java.dll
Event: 0.075 Loaded shared library C:\Program Files\Android\Android Studio\jbr\bin\zip.dll
Event: 0.238 Loaded shared library C:\Program Files\Android\Android Studio\jbr\bin\verify.dll

Deoptimization events (20 events):
Event: 3.288 Thread 0x000001d7fbb6ddc0 Uncommon trap: trap_request=0xffffffde fr.pc=0x000001d7e64b0094 relative=0x0000000000002874
Event: 3.288 Thread 0x000001d7fbb6ddc0 Uncommon trap: reason=class_check action=maybe_recompile pc=0x000001d7e64b0094 method=java.util.jar.JarFile.getManifestFromReference()Ljava/util/jar/Manifest; @ 152 c2
Event: 3.288 Thread 0x000001d7fbb6ddc0 DEOPT PACKING pc=0x000001d7e64b0094 sp=0x0000000c2c2f7070
Event: 3.288 Thread 0x000001d7fbb6ddc0 DEOPT UNPACKING pc=0x000001d7e5c9a1a3 sp=0x0000000c2c2f6ff0 mode 2
Event: 3.289 Thread 0x000001d7fbb6ddc0 Uncommon trap: trap_request=0xffffffde fr.pc=0x000001d7e6425934 relative=0x00000000000008b4
Event: 3.289 Thread 0x000001d7fbb6ddc0 Uncommon trap: reason=class_check action=maybe_recompile pc=0x000001d7e6425934 method=java.io.BufferedInputStream.read1([BII)I @ 39 c2
Event: 3.289 Thread 0x000001d7fbb6ddc0 DEOPT PACKING pc=0x000001d7e6425934 sp=0x0000000c2c2f71e0
Event: 3.289 Thread 0x000001d7fbb6ddc0 DEOPT UNPACKING pc=0x000001d7e5c9a1a3 sp=0x0000000c2c2f70f8 mode 2
Event: 3.289 Thread 0x000001d7fbb6ddc0 Uncommon trap: trap_request=0xffffffde fr.pc=0x000001d7e6425934 relative=0x00000000000008b4
Event: 3.289 Thread 0x000001d7fbb6ddc0 Uncommon trap: reason=class_check action=maybe_recompile pc=0x000001d7e6425934 method=java.io.BufferedInputStream.read1([BII)I @ 39 c2
Event: 3.289 Thread 0x000001d7fbb6ddc0 DEOPT PACKING pc=0x000001d7e6425934 sp=0x0000000c2c2f71e0
Event: 3.289 Thread 0x000001d7fbb6ddc0 DEOPT UNPACKING pc=0x000001d7e5c9a1a3 sp=0x0000000c2c2f70f8 mode 2
Event: 3.289 Thread 0x000001d7fbb6ddc0 Uncommon trap: trap_request=0xffffffde fr.pc=0x000001d7e6425934 relative=0x00000000000008b4
Event: 3.289 Thread 0x000001d7fbb6ddc0 Uncommon trap: reason=class_check action=maybe_recompile pc=0x000001d7e6425934 method=java.io.BufferedInputStream.read1([BII)I @ 39 c2
Event: 3.289 Thread 0x000001d7fbb6ddc0 DEOPT PACKING pc=0x000001d7e6425934 sp=0x0000000c2c2f71e0
Event: 3.289 Thread 0x000001d7fbb6ddc0 DEOPT UNPACKING pc=0x000001d7e5c9a1a3 sp=0x0000000c2c2f70f8 mode 2
Event: 3.315 Thread 0x000001d7fbb6ddc0 Uncommon trap: trap_request=0xffffffde fr.pc=0x000001d7e64b0094 relative=0x0000000000002874
Event: 3.315 Thread 0x000001d7fbb6ddc0 Uncommon trap: reason=class_check action=maybe_recompile pc=0x000001d7e64b0094 method=java.util.jar.JarFile.getManifestFromReference()Ljava/util/jar/Manifest; @ 152 c2
Event: 3.315 Thread 0x000001d7fbb6ddc0 DEOPT PACKING pc=0x000001d7e64b0094 sp=0x0000000c2c2f6940
Event: 3.315 Thread 0x000001d7fbb6ddc0 DEOPT UNPACKING pc=0x000001d7e5c9a1a3 sp=0x0000000c2c2f68c0 mode 2

Classes unloaded (0 events):
No events

Classes redefined (0 events):
No events

Internal exceptions (20 events):
Event: 2.845 Thread 0x000001d7fbb6ddc0 Exception <a 'java/lang/NoSuchMethodError'{0x00000000838a12f8}: 'java.lang.Object java.lang.invoke.Invokers$Holder.linkToTargetMethod(java.lang.Object, java.lang.Object, java.lang.Object, java.lang.Object, int, java.lang.Object)'> (0x00000000838a12f8) 
thrown [s\src\hotspot\share\interpreter\linkResolver.cpp, line 771]
Event: 2.846 Thread 0x000001d7fbb6ddc0 Exception <a 'java/lang/NoSuchMethodError'{0x00000000838d40b8}: 'java.lang.Object java.lang.invoke.DirectMethodHandle$Holder.invokeSpecial(java.lang.Object, java.lang.Object, java.lang.Object, java.lang.Object, java.lang.Object, long)'> (0x00000000838d40b8) 
thrown [s\src\hotspot\share\interpreter\linkResolver.cpp, line 771]
Event: 2.847 Thread 0x000001d7fbb6ddc0 Exception <a 'java/lang/NoSuchMethodError'{0x00000000838f7510}: 'void java.lang.invoke.DirectMethodHandle$Holder.invokeStatic(java.lang.Object, java.lang.Object, java.lang.Object, int, java.lang.Object)'> (0x00000000838f7510) 
thrown [s\src\hotspot\share\interpreter\linkResolver.cpp, line 771]
Event: 3.051 Thread 0x000001d7fbb6ddc0 Exception <a 'java/lang/NoSuchMethodError'{0x00000000848b0888}: 'java.lang.Object java.lang.invoke.DirectMethodHandle$Holder.newInvokeSpecial(java.lang.Object, java.lang.Object, java.lang.Object, java.lang.Object, int, java.lang.Object)'> (0x00000000848b0888) 
thrown [s\src\hotspot\share\interpreter\linkResolver.cpp, line 771]
Event: 3.051 Thread 0x000001d7fbb6ddc0 Exception <a 'java/lang/NoSuchMethodError'{0x00000000848b5be0}: 'java.lang.Object java.lang.invoke.Invokers$Holder.linkToTargetMethod(java.lang.Object, java.lang.Object, java.lang.Object, int, java.lang.Object, java.lang.Object)'> (0x00000000848b5be0) 
thrown [s\src\hotspot\share\interpreter\linkResolver.cpp, line 771]
Event: 3.143 Thread 0x000001d7fbb6ddc0 Exception <a 'java/lang/NoSuchMethodError'{0x0000000084ce3f58}: 'long java.lang.invoke.DirectMethodHandle$Holder.invokeVirtual(java.lang.Object, java.lang.Object)'> (0x0000000084ce3f58) 
thrown [s\src\hotspot\share\interpreter\linkResolver.cpp, line 771]
Event: 3.144 Thread 0x000001d7fa5e1040 Exception <a 'java/lang/NoSuchMethodError'{0x0000000084b807d0}: static Lorg/gradle/internal/build/event/types/DefaultOperationFinishedProgressEvent;.<clinit>()V> (0x0000000084b807d0) 
thrown [s\src\hotspot\share\prims\jni.cpp, line 1127]
Event: 3.146 Thread 0x000001d7fa5e1040 Exception <a 'java/lang/NoSuchMethodError'{0x0000000084ba84d8}: static Lorg/gradle/internal/build/event/types/DefaultProjectConfigurationSuccessResult;.<clinit>()V> (0x0000000084ba84d8) 
thrown [s\src\hotspot\share\prims\jni.cpp, line 1127]
Event: 3.146 Thread 0x000001d7fa5e1040 Exception <a 'java/lang/NoSuchMethodError'{0x0000000084bac7e0}: static Lorg/gradle/internal/build/event/types/AbstractProjectConfigurationResult;.<clinit>()V> (0x0000000084bac7e0) 
thrown [s\src\hotspot\share\prims\jni.cpp, line 1127]
Event: 3.146 Thread 0x000001d7fa5e1040 Exception <a 'java/lang/NoSuchMethodError'{0x0000000084badbe8}: static Lorg/gradle/internal/build/event/types/AbstractOperationResult;.<clinit>()V> (0x0000000084badbe8) 
thrown [s\src\hotspot\share\prims\jni.cpp, line 1127]
Event: 3.146 Thread 0x000001d7fa5e1040 Exception <a 'java/lang/NoSuchMethodError'{0x0000000084baf158}: static Lorg/gradle/internal/build/event/types/AbstractResult;.<clinit>()V> (0x0000000084baf158) 
thrown [s\src\hotspot\share\prims\jni.cpp, line 1127]
Event: 3.146 Thread 0x000001d7fa5e1040 Exception <a 'java/lang/NoSuchMethodError'{0x0000000084bc5e90}: static Lorg/gradle/internal/build/event/types/DefaultPluginApplicationResult;.<clinit>()V> (0x0000000084bc5e90) 
thrown [s\src\hotspot\share\prims\jni.cpp, line 1127]
Event: 3.147 Thread 0x000001d7fa5e1040 Exception <a 'java/lang/NoSuchMethodError'{0x0000000084bd1cd0}: static Lorg/gradle/internal/build/event/types/DefaultBinaryPluginIdentifier;.<clinit>()V> (0x0000000084bd1cd0) 
thrown [s\src\hotspot\share\prims\jni.cpp, line 1127]
Event: 3.148 Thread 0x000001d7fa5e1040 Exception <a 'java/lang/NoSuchMethodError'{0x0000000084be9e10}: static Lorg/gradle/internal/build/event/types/DefaultScriptPluginIdentifier;.<clinit>()V> (0x0000000084be9e10) 
thrown [s\src\hotspot\share\prims\jni.cpp, line 1127]
Event: 3.174 Thread 0x000001d7fbb6ddc0 Implicit null exception at 0x000001d7e6292712 to 0x000001d7e6292d74
Event: 3.198 Thread 0x000001d7fbb6ddc0 Exception <a 'java/lang/NoSuchMethodError'{0x0000000084319c20}: 'void java.lang.invoke.Invokers$Holder.invoke_MT(java.lang.Object, java.lang.Object, java.lang.Object, java.lang.Object)'> (0x0000000084319c20) 
thrown [s\src\hotspot\share\interpreter\linkResolver.cpp, line 771]
Event: 3.201 Thread 0x000001d7fbb6ddc0 Exception <a 'java/lang/NoSuchMethodError'{0x0000000084399378}: 'java.lang.Object java.lang.invoke.DirectMethodHandle$Holder.invokeSpecial(java.lang.Object, java.lang.Object, java.lang.Object, int, java.lang.Object, java.lang.Object)'> (0x0000000084399378) 
thrown [s\src\hotspot\share\interpreter\linkResolver.cpp, line 771]
Event: 3.244 Thread 0x000001d7fbb6ddc0 Exception <a 'java/lang/ClassNotFoundException'{0x000000008c4d2580}: sun/misc/SharedSecrets> (0x000000008c4d2580) 
thrown [s\src\hotspot\share\classfile\systemDictionary.cpp, line 256]
Event: 3.244 Thread 0x000001d7fbb6ddc0 Exception <a 'java/lang/ClassNotFoundException'{0x000000008c4d3b58}: org/gradle/api/internal/plugins/DefaultObjectConfigurationActionBeanInfo> (0x000000008c4d3b58) 
thrown [s\src\hotspot\share\classfile\systemDictionary.cpp, line 256]
Event: 3.245 Thread 0x000001d7fbb6ddc0 Exception <a 'java/lang/ClassNotFoundException'{0x000000008c4ea0b0}: org/gradle/api/internal/plugins/DefaultObjectConfigurationActionCustomizer> (0x000000008c4ea0b0) 
thrown [s\src\hotspot\share\classfile\systemDictionary.cpp, line 256]

VM Operations (20 events):
Event: 3.171 Executing VM operation: ICBufferFull done
Event: 3.214 Executing VM operation: G1TryInitiateConcMark
Event: 3.216 Executing VM operation: G1TryInitiateConcMark done
Event: 3.225 Executing VM operation: G1PauseRemark
Event: 3.226 Executing VM operation: G1PauseRemark done
Event: 3.232 Executing VM operation: G1PauseCleanup
Event: 3.232 Executing VM operation: G1PauseCleanup done
Event: 3.318 Executing VM operation: G1CollectForAllocation
Event: 3.321 Executing VM operation: G1CollectForAllocation done
Event: 3.325 Executing VM operation: G1CollectForAllocation
Event: 3.326 Executing VM operation: G1CollectForAllocation done
Event: 3.328 Executing VM operation: G1TryInitiateConcMark
Event: 3.329 Executing VM operation: G1TryInitiateConcMark done
Event: 3.344 Executing VM operation: G1PauseRemark
Event: 3.346 Executing VM operation: G1PauseRemark done
Event: 3.354 Executing VM operation: G1PauseCleanup
Event: 3.354 Executing VM operation: G1PauseCleanup done
Event: 3.395 Executing VM operation: G1CollectForAllocation
Event: 3.396 Executing VM operation: G1CollectForAllocation done
Event: 3.416 Executing VM operation: G1CollectForAllocation

Events (20 events):
Event: 3.062 Thread 0x000001d7ff04f170 Thread added: 0x000001d7ff04f170
Event: 3.063 Thread 0x000001d7ff04d820 Thread added: 0x000001d7ff04d820
Event: 3.064 Thread 0x000001d7ff04f680 Thread added: 0x000001d7ff04f680
Event: 3.064 Thread 0x000001d7ff04d310 Thread added: 0x000001d7ff04d310
Event: 3.065 Thread 0x000001d7ff04dd30 Thread added: 0x000001d7ff04dd30
Event: 3.067 Thread 0x000001d7ff04e750 Thread added: 0x000001d7ff04e750
Event: 3.068 Thread 0x000001d7ff050ac0 Thread added: 0x000001d7ff050ac0
Event: 3.070 Thread 0x000001d7ff04fb90 Thread added: 0x000001d7ff04fb90
Event: 3.143 loading class java/util/stream/SortedOps$RefSortingSink
Event: 3.143 loading class java/util/stream/SortedOps$RefSortingSink done
Event: 3.147 loading class java/time/Ser
Event: 3.147 loading class java/time/Ser done
Event: 3.200 loading class java/lang/ProcessBuilder
Event: 3.200 loading class java/lang/ProcessBuilder done
Event: 3.244 loading class sun/misc/SharedSecrets
Event: 3.244 loading class sun/misc/SharedSecrets done
Event: 3.246 loading class jdk/internal/reflect/UnsafeObjectFieldAccessorImpl
Event: 3.246 loading class jdk/internal/reflect/UnsafeObjectFieldAccessorImpl done
Event: 3.368 loading class java/util/regex/Pattern$1
Event: 3.368 loading class java/util/regex/Pattern$1 done


Dynamic libraries:
0x00007ff774c80000 - 0x00007ff774c8a000 	C:\Program Files\Android\Android Studio\jbr\bin\java.exe
0x00007ff943ed0000 - 0x00007ff9440c8000 	C:\Windows\SYSTEM32\ntdll.dll
0x00007ff943970000 - 0x00007ff943a32000 	C:\Windows\System32\KERNEL32.DLL
0x00007ff9419b0000 - 0x00007ff941caf000 	C:\Windows\System32\KERNELBASE.dll
0x00007ff941760000 - 0x00007ff941860000 	C:\Windows\System32\ucrtbase.dll
0x00007ff9251a0000 - 0x00007ff9251bb000 	C:\Program Files\Android\Android Studio\jbr\bin\VCRUNTIME140.dll
0x00007ff928c00000 - 0x00007ff928c17000 	C:\Program Files\Android\Android Studio\jbr\bin\jli.dll
0x00007ff943c10000 - 0x00007ff943dad000 	C:\Windows\System32\USER32.dll
0x00007ff941e60000 - 0x00007ff941e82000 	C:\Windows\System32\win32u.dll
0x00007ff941ee0000 - 0x00007ff941f0b000 	C:\Windows\System32\GDI32.dll
0x00007ff926ef0000 - 0x00007ff92718a000 	C:\Windows\WinSxS\amd64_microsoft.windows.common-controls_6595b64144ccf1df_6.0.19041.4355_none_60b8b9eb71f62e16\COMCTL32.dll
0x00007ff941860000 - 0x00007ff941977000 	C:\Windows\System32\gdi32full.dll
0x00007ff943b10000 - 0x00007ff943bae000 	C:\Windows\System32\msvcrt.dll
0x00007ff9416c0000 - 0x00007ff94175d000 	C:\Windows\System32\msvcp_win.dll
0x00007ff942fc0000 - 0x00007ff942fef000 	C:\Windows\System32\IMM32.DLL
0x00007ff924f50000 - 0x00007ff924f5c000 	C:\Program Files\Android\Android Studio\jbr\bin\vcruntime140_1.dll
0x00007ff91e550000 - 0x00007ff91e5dd000 	C:\Program Files\Android\Android Studio\jbr\bin\msvcp140.dll
0x00007ff8fe9e0000 - 0x00007ff8ff663000 	C:\Program Files\Android\Android Studio\jbr\bin\server\jvm.dll
0x00007ff942e20000 - 0x00007ff942ed1000 	C:\Windows\System32\ADVAPI32.dll
0x00007ff943820000 - 0x00007ff9438bf000 	C:\Windows\System32\sechost.dll
0x00007ff941f10000 - 0x00007ff942033000 	C:\Windows\System32\RPCRT4.dll
0x00007ff941980000 - 0x00007ff9419a7000 	C:\Windows\System32\bcrypt.dll
0x00007ff940af0000 - 0x00007ff940b3b000 	C:\Windows\SYSTEM32\POWRPROF.dll
0x00007ff8f7ee0000 - 0x00007ff8f7ee9000 	C:\Windows\SYSTEM32\WSOCK32.dll
0x00007ff9309e0000 - 0x00007ff930a07000 	C:\Windows\SYSTEM32\WINMM.dll
0x00007ff93c450000 - 0x00007ff93c45a000 	C:\Windows\SYSTEM32\VERSION.dll
0x00007ff943a40000 - 0x00007ff943aab000 	C:\Windows\System32\WS2_32.dll
0x00007ff940960000 - 0x00007ff940972000 	C:\Windows\SYSTEM32\UMPDC.dll
0x00007ff93f110000 - 0x00007ff93f122000 	C:\Windows\SYSTEM32\kernel.appcore.dll
0x00007ff93cf10000 - 0x00007ff93cf1a000 	C:\Program Files\Android\Android Studio\jbr\bin\jimage.dll
0x00007ff92e920000 - 0x00007ff92eb04000 	C:\Windows\SYSTEM32\DBGHELP.DLL
0x00007ff92e340000 - 0x00007ff92e374000 	C:\Windows\SYSTEM32\dbgcore.DLL
0x00007ff941cb0000 - 0x00007ff941d32000 	C:\Windows\System32\bcryptPrimitives.dll
0x00007ff92a8a0000 - 0x00007ff92a8ae000 	C:\Program Files\Android\Android Studio\jbr\bin\instrument.dll
0x00007ff92a870000 - 0x00007ff92a895000 	C:\Program Files\Android\Android Studio\jbr\bin\java.dll
0x00007ff93cef0000 - 0x00007ff93cf08000 	C:\Program Files\Android\Android Studio\jbr\bin\zip.dll
0x00007ff943000000 - 0x00007ff94376e000 	C:\Windows\System32\SHELL32.dll
0x00007ff93f310000 - 0x00007ff93fab4000 	C:\Windows\SYSTEM32\windows.storage.dll
0x00007ff942950000 - 0x00007ff942ca5000 	C:\Windows\System32\combase.dll
0x00007ff940f90000 - 0x00007ff940fbf000 	C:\Windows\SYSTEM32\Wldp.dll
0x00007ff942cb0000 - 0x00007ff942d7d000 	C:\Windows\System32\OLEAUT32.dll
0x00007ff9438c0000 - 0x00007ff94396d000 	C:\Windows\System32\SHCORE.dll
0x00007ff943bb0000 - 0x00007ff943c05000 	C:\Windows\System32\shlwapi.dll
0x00007ff941490000 - 0x00007ff9414b4000 	C:\Windows\SYSTEM32\profapi.dll
0x00007ff928de0000 - 0x00007ff928df9000 	C:\Program Files\Android\Android Studio\jbr\bin\net.dll
0x00007ff940520000 - 0x00007ff94062d000 	C:\Windows\SYSTEM32\WINHTTP.dll
0x00007ff940cf0000 - 0x00007ff940d5a000 	C:\Windows\system32\mswsock.dll
0x00007ff928d10000 - 0x00007ff928d26000 	C:\Program Files\Android\Android Studio\jbr\bin\nio.dll
0x00007ff928c60000 - 0x00007ff928c70000 	C:\Program Files\Android\Android Studio\jbr\bin\verify.dll
0x00007ff923840000 - 0x00007ff923867000 	C:\Users\VICTORHERNANIALBIOL\.gradle\native\c067742578af261105cb4f569cf0c3c89f3d7b1fecec35dd04571415982c5e48\windows-amd64\native-platform.dll
0x00007ff904500000 - 0x00007ff904644000 	C:\Users\VICTORHERNANIALBIOL\.gradle\native\38dada09dfb8b06ba9b0570ebf7e218e3eb74d4ef43ca46872605cf95ebc2f47\windows-amd64\native-platform-file-events.dll
0x00007ff92b1e0000 - 0x00007ff92b1e9000 	C:\Program Files\Android\Android Studio\jbr\bin\management.dll
0x00007ff928c70000 - 0x00007ff928c7b000 	C:\Program Files\Android\Android Studio\jbr\bin\management_ext.dll
0x00007ff942ff0000 - 0x00007ff942ff8000 	C:\Windows\System32\PSAPI.DLL
0x00007ff940ee0000 - 0x00007ff940ef8000 	C:\Windows\SYSTEM32\CRYPTSP.dll
0x00007ff940490000 - 0x00007ff9404c4000 	C:\Windows\system32\rsaenh.dll
0x00007ff941450000 - 0x00007ff94147e000 	C:\Windows\SYSTEM32\USERENV.dll
0x00007ff940f00000 - 0x00007ff940f0c000 	C:\Windows\SYSTEM32\CRYPTBASE.dll
0x00007ff940980000 - 0x00007ff9409bb000 	C:\Windows\SYSTEM32\IPHLPAPI.DLL
0x00007ff942940000 - 0x00007ff942948000 	C:\Windows\System32\NSI.dll
0x00007ff93b320000 - 0x00007ff93b337000 	C:\Windows\SYSTEM32\dhcpcsvc6.DLL
0x00007ff93bfc0000 - 0x00007ff93bfdd000 	C:\Windows\SYSTEM32\dhcpcsvc.DLL
0x00007ff9409c0000 - 0x00007ff940a8a000 	C:\Windows\SYSTEM32\DNSAPI.dll
0x00007ff939700000 - 0x00007ff939709000 	C:\Program Files\Android\Android Studio\jbr\bin\extnet.dll
0x00007ff93c380000 - 0x00007ff93c387000 	C:\Windows\system32\wshunix.dll

dbghelp: loaded successfully - version: 4.0.5 - missing functions: none
symbol engine: initialized successfully - sym options: 0x614 - pdb path: .;C:\Program Files\Android\Android Studio\jbr\bin;C:\Windows\SYSTEM32;C:\Windows\WinSxS\amd64_microsoft.windows.common-controls_6595b64144ccf1df_6.0.19041.4355_none_60b8b9eb71f62e16;C:\Program Files\Android\Android Studio\jbr\bin\server;C:\Users\VICTORHERNANIALBIOL\.gradle\native\c067742578af261105cb4f569cf0c3c89f3d7b1fecec35dd04571415982c5e48\windows-amd64;C:\Users\VICTORHERNANIALBIOL\.gradle\native\38dada09dfb8b06ba9b0570ebf7e218e3eb74d4ef43ca46872605cf95ebc2f47\windows-amd64

VM Arguments:
jvm_args: --add-opens=java.base/java.util=ALL-UNNAMED --add-opens=java.base/java.lang=ALL-UNNAMED --add-opens=java.base/java.lang.invoke=ALL-UNNAMED --add-opens=java.prefs/java.util.prefs=ALL-UNNAMED --add-opens=java.base/java.nio.charset=ALL-UNNAMED --add-opens=java.base/java.net=ALL-UNNAMED --add-opens=java.base/java.util.concurrent.atomic=ALL-UNNAMED -Xmx2048m -Dfile.encoding=UTF-8 -Duser.country=ES -Duser.language=es -Duser.variant -javaagent:C:\Users\VICTORHERNANIALBIOL\.gradle\wrapper\dists\gradle-8.7-bin\bhs2wmbdwecv87pi65oeuq5iu\gradle-8.7\lib\agents\gradle-instrumentation-agent-8.7.jar 
java_command: org.gradle.launcher.daemon.bootstrap.GradleDaemon 8.7
java_class_path (initial): C:\Users\VICTORHERNANIALBIOL\.gradle\wrapper\dists\gradle-8.7-bin\bhs2wmbdwecv87pi65oeuq5iu\gradle-8.7\lib\gradle-launcher-8.7.jar
Launcher Type: SUN_STANDARD

[Global flags]
     intx CICompilerCount                          = 4                                         {product} {ergonomic}
     uint ConcGCThreads                            = 3                                         {product} {ergonomic}
     uint G1ConcRefinementThreads                  = 10                                        {product} {ergonomic}
   size_t G1HeapRegionSize                         = 1048576                                   {product} {ergonomic}
    uintx GCDrainStackTargetSize                   = 64                                        {product} {ergonomic}
   size_t InitialHeapSize                          = 266338304                                 {product} {ergonomic}
   size_t MarkStackSize                            = 4194304                                   {product} {ergonomic}
   size_t MaxHeapSize                              = 2147483648                                {product} {command line}
   size_t MaxNewSize                               = 1287651328                                {product} {ergonomic}
   size_t MinHeapDeltaBytes                        = 1048576                                   {product} {ergonomic}
   size_t MinHeapSize                              = 8388608                                   {product} {ergonomic}
    uintx NonNMethodCodeHeapSize                   = 5839372                                {pd product} {ergonomic}
    uintx NonProfiledCodeHeapSize                  = 122909434                              {pd product} {ergonomic}
    uintx ProfiledCodeHeapSize                     = 122909434                              {pd product} {ergonomic}
    uintx ReservedCodeCacheSize                    = 251658240                              {pd product} {ergonomic}
     bool SegmentedCodeCache                       = true                                      {product} {ergonomic}
   size_t SoftMaxHeapSize                          = 2147483648                             {manageable} {ergonomic}
     bool UseCompressedClassPointers               = true                           {product lp64_product} {ergonomic}
     bool UseCompressedOops                        = true                           {product lp64_product} {ergonomic}
     bool UseG1GC                                  = true                                      {product} {ergonomic}
     bool UseLargePagesIndividualAllocation        = false                                  {pd product} {ergonomic}

Logging:
Log output configuration:
 #0: stdout all=warning uptime,level,tags
 #1: stderr all=off uptime,level,tags

Environment Variables:
PATH=C:\ProgramData\Oracle\Java\javapath;C:\Python312\Scripts\;C:\Python312\;C:\Windows\system32;C:\Windows;C:\Windows\System32\Wbem;C:\Windows\System32\WindowsPowerShell\v1.0\;C:\Windows\System32\OpenSSH\;C:\Program Files\nodejs\;C:\ProgramData\chocolatey\bin;C:\mongodb\bin;C:\Program Files\dotnet\;C:\Program Files (x86)\Windows Kits\10\Windows Performance Toolkit\;C:\Users\VICTORHERNANIALBIOL\AppData\Local\Microsoft\WindowsApps;C:\Users\VICTORHERNANIALBIOL\AppData\Local\Programs\Microsoft VS Code\bin;C:\Users\VICTORHERNANIALBIOL\AppData\Local\GitHubDesktop\bin
USERNAME=VICTORHERNANIALBIOL
OS=Windows_NT
PROCESSOR_IDENTIFIER=Intel64 Family 6 Model 167 Stepping 1, GenuineIntel
TMP=C:\Users\VICTOR~1\AppData\Local\Temp
TEMP=C:\Users\VICTOR~1\AppData\Local\Temp



Periodic native trim disabled

JNI global refs:
JNI global refs: 27, weak refs: 1

JNI global refs memory usage: 843, weak refs: 841

Process memory usage:
Resident Set Size: 300964K (1% of 16582264K total physical memory with 536244K free physical memory)

OOME stack traces (most recent first):
Classloader memory used:
Loader org.gradle.internal.classloader.VisitableURLClassLoader                         : 3501K
Loader bootstrap                                                                       : 2463K
Loader org.gradle.initialization.MixInLegacyTypesClassLoader                           : 1115K
Loader org.gradle.internal.classloader.VisitableURLClassLoader$InstrumentingVisitableURLClassLoader: 251K
Loader jdk.internal.loader.ClassLoaders$PlatformClassLoader                            : 67273B
Loader jdk.internal.loader.ClassLoaders$AppClassLoader                                 : 28714B
Loader jdk.internal.reflect.DelegatingClassLoader                                      : 22214B
Loader org.gradle.internal.classloader.VisitableURLClassLoader                         : 15488B

Classes loaded by more than one classloader:
Class Program                                                                         : loaded 4 times (x 72B)
Class com.google.common.collect.Iterators$MergingIterator                             : loaded 2 times (x 79B)
Class com.google.common.collect.SingletonImmutableList                                : loaded 2 times (x 167B)
Class org.gradle.internal.classpath.ClassPath                                         : loaded 2 times (x 68B)
Class org.gradle.api.internal.classpath.DefaultModuleRegistry                         : loaded 2 times (x 84B)
Class Settings_gradle$1$1                                                             : loaded 2 times (x 72B)
Class com.google.common.collect.ListMultimap                                          : loaded 2 times (x 68B)
Class com.google.common.base.CharMatcher$JavaDigit                                    : loaded 2 times (x 109B)
Class com.google.common.base.CharMatcher$Digit                                        : loaded 2 times (x 110B)
Class com.google.common.collect.AbstractMultimap                                      : loaded 2 times (x 121B)
Class org.gradle.api.Action                                                           : loaded 2 times (x 68B)
Class com.google.common.collect.ImmutableEntry                                        : loaded 2 times (x 80B)
Class com.google.common.collect.Lists$StringAsImmutableList                           : loaded 2 times (x 167B)
Class com.google.common.base.CharMatcher                                              : loaded 2 times (x 109B)
Class com.google.common.base.CharMatcher$IsNot                                        : loaded 2 times (x 109B)
Class com.google.common.base.Splitter                                                 : loaded 2 times (x 70B)
Class com.google.common.collect.Iterators$ArrayItr                                    : loaded 2 times (x 95B)
Class org.gradle.api.internal.DefaultClassPathProvider                                : loaded 2 times (x 74B)
Class org.gradle.internal.installation.GradleInstallation$1                           : loaded 2 times (x 73B)
Class com.google.common.base.CharMatcher$BitSetMatcher                                : loaded 2 times (x 110B)
Class com.google.common.collect.ImmutableMap$IteratorBasedImmutableMap                : loaded 2 times (x 123B)
Class com.google.common.collect.ImmutableMap                                          : loaded 2 times (x 118B)
Class com.google.common.base.Converter                                                : loaded 2 times (x 88B)
Class com.google.common.collect.ImmutableSet$EmptySetBuilderImpl                      : loaded 2 times (x 74B)
Class com.google.common.base.Predicate                                                : loaded 2 times (x 68B)
Class org.gradle.internal.classloader.FilteringClassLoader                            : loaded 2 times (x 103B)
Class com.google.common.collect.RegularImmutableSet                                   : loaded 2 times (x 146B)
Class org.gradle.internal.classpath.DefaultClassPath$ImmutableUniqueList$Builder      : loaded 2 times (x 73B)
Class com.google.common.collect.Maps$8                                                : loaded 2 times (x 80B)
Class com.google.common.base.PatternCompiler                                          : loaded 2 times (x 68B)
Class com.google.common.base.CharMatcher$InRange                                      : loaded 2 times (x 109B)
Class com.google.common.collect.BiMap                                                 : loaded 2 times (x 68B)
Class com.google.common.collect.Lists                                                 : loaded 2 times (x 69B)
Class com.google.common.math.IntMath$1                                                : loaded 2 times (x 69B)
Class org.gradle.internal.classloader.ClassLoaderVisitor                              : loaded 2 times (x 74B)
Class com.google.common.math.MathPreconditions                                        : loaded 2 times (x 69B)
Class org.gradle.internal.service.DefaultServiceLocator                               : loaded 2 times (x 81B)
Class org.gradle.internal.service.UnknownServiceException                             : loaded 2 times (x 81B)
Class com.google.common.collect.ArrayListMultimap                                     : loaded 2 times (x 170B)
Class com.google.common.base.Strings                                                  : loaded 2 times (x 69B)
Class org.gradle.internal.classloader.DefaultClassLoaderFactory                       : loaded 2 times (x 80B)
Class com.google.common.collect.UnmodifiableIterator                                  : loaded 2 times (x 78B)
Class com.google.common.base.Platform$JdkPatternCompiler                              : loaded 2 times (x 73B)
Class com.google.common.base.CharMatcher$SingleWidth                                  : loaded 2 times (x 110B)
Class com.google.common.collect.Hashing                                               : loaded 2 times (x 69B)
Class com.google.common.base.JdkPattern                                               : loaded 2 times (x 73B)
Class com.google.common.collect.Multimap                                              : loaded 2 times (x 68B)
Class org.gradle.internal.classloader.VisitableURLClassLoader$Spec                    : loaded 2 times (x 72B)
Class org.gradle.api.GradleException                                                  : loaded 2 times (x 80B)
Class com.google.common.base.CharMatcher$JavaLetterOrDigit                            : loaded 2 times (x 109B)
Class org.gradle.api.internal.classpath.ModuleRegistry                                : loaded 2 times (x 68B)
Class com.google.common.collect.ImmutableCollection                                   : loaded 2 times (x 123B)
Class org.gradle.api.internal.ClassPathProvider                                       : loaded 2 times (x 68B)
Class com.google.common.collect.RegularImmutableMap$Values                            : loaded 2 times (x 167B)
Class org.gradle.internal.classloader.ClasspathUtil$1                                 : loaded 2 times (x 74B)
Class com.google.common.collect.ImmutableEnumMap                                      : loaded 2 times (x 123B)
Class com.google.common.collect.ImmutableList$ReverseImmutableList                    : loaded 2 times (x 168B)
Class org.gradle.internal.classloader.ClassLoaderFactory                              : loaded 2 times (x 68B)
Class com.google.common.collect.ObjectArrays                                          : loaded 2 times (x 69B)
Class com.google.common.collect.Iterators$10                                          : loaded 2 times (x 79B)
Class com.google.common.collect.ImmutableList                                         : loaded 2 times (x 166B)
Class org.gradle.api.internal.classpath.ManifestUtil                                  : loaded 2 times (x 69B)
Class org.gradle.api.specs.Spec                                                       : loaded 2 times (x 68B)
Class com.google.common.base.CharMatcher$Whitespace                                   : loaded 2 times (x 110B)
Class com.google.common.collect.Iterators$1                                           : loaded 2 times (x 79B)
Class com.google.common.collect.Iterators$4                                           : loaded 2 times (x 80B)
Class com.google.common.collect.RegularImmutableMap$BucketOverflowException           : loaded 2 times (x 80B)
Class com.google.common.collect.Iterators$5                                           : loaded 2 times (x 80B)
Class com.google.common.base.Preconditions                                            : loaded 2 times (x 69B)
Class com.google.common.base.Function                                                 : loaded 2 times (x 68B)
Class com.google.common.collect.Iterators$9                                           : loaded 2 times (x 79B)
Class org.gradle.internal.IoActions                                                   : loaded 2 times (x 69B)
Class com.google.common.collect.RegularImmutableMap$KeySet                            : loaded 2 times (x 148B)
Class com.google.common.collect.CollectPreconditions                                  : loaded 2 times (x 69B)
Class com.google.common.collect.Maps                                                  : loaded 2 times (x 69B)
Class com.google.common.collect.RegularImmutableMap                                   : loaded 2 times (x 119B)
Class com.google.common.collect.AbstractIndexedListIterator                           : loaded 2 times (x 94B)
Class com.google.common.base.CharMatcher$None                                         : loaded 2 times (x 110B)
Class org.gradle.api.internal.classpath.EffectiveClassPath                            : loaded 2 times (x 88B)
Class com.google.common.collect.UnmodifiableListIterator                              : loaded 2 times (x 93B)
Class com.google.common.collect.ImmutableList$1                                       : loaded 2 times (x 95B)
Class com.google.common.base.Splitter$Strategy                                        : loaded 2 times (x 68B)
Class com.google.common.collect.ImmutableMapEntrySet$RegularEntrySet                  : loaded 2 times (x 149B)
Class org.gradle.internal.installation.CurrentGradleInstallation                      : loaded 2 times (x 71B)
Class org.gradle.internal.agents.InstrumentingClassLoader                             : loaded 2 times (x 68B)
Class org.gradle.internal.installation.CurrentGradleInstallationLocator               : loaded 2 times (x 69B)
Class org.gradle.api.internal.classpath.Module                                        : loaded 2 times (x 68B)
Class com.google.common.base.Splitter$1$1                                             : loaded 2 times (x 84B)
Class com.google.common.collect.ImmutableSet$JdkBackedSetBuilderImpl                  : loaded 2 times (x 74B)
Class com.google.common.collect.ImmutableSet$RegularSetBuilderImpl                    : loaded 2 times (x 75B)
Class org.gradle.internal.service.CachingServiceLocator                               : loaded 2 times (x 80B)
Class org.gradle.internal.classpath.DefaultClassPath                                  : loaded 2 times (x 88B)
Class com.google.common.base.Splitter$SplittingIterator                               : loaded 2 times (x 82B)
Class Build_gradle$1                                                                  : loaded 2 times (x 76B)
Class com.google.common.base.CharMatcher$Is                                           : loaded 2 times (x 109B)
Class com.google.common.base.Platform                                                 : loaded 2 times (x 69B)
Class com.google.common.collect.RegularImmutableAsList                                : loaded 2 times (x 176B)
Class com.google.common.collect.PeekingIterator                                       : loaded 2 times (x 68B)
Class com.google.common.collect.ImmutableMapEntrySet                                  : loaded 2 times (x 149B)
Class com.google.common.collect.ImmutableBiMapFauxverideShim                          : loaded 2 times (x 118B)
Class org.gradle.internal.classloader.SystemClassLoaderSpec                           : loaded 2 times (x 69B)
Class com.google.common.collect.SingletonImmutableSet                                 : loaded 2 times (x 144B)
Class [Lcom.google.common.base.AbstractIterator$State;                                : loaded 2 times (x 67B)
Class com.google.common.collect.ImmutableMap$Builder                                  : loaded 2 times (x 80B)
Class com.google.common.base.AbstractIterator                                         : loaded 2 times (x 78B)
Class com.google.common.base.AbstractIterator$1                                       : loaded 2 times (x 69B)
Class com.google.common.collect.Iterators                                             : loaded 2 times (x 69B)
Class com.google.common.base.CharMatcher$1                                            : loaded 2 times (x 111B)
Class com.google.common.base.CharMatcher$Ascii                                        : loaded 2 times (x 110B)
Class org.gradle.api.UncheckedIOException                                             : loaded 2 times (x 80B)
Class com.google.common.base.CharMatcher$And                                          : loaded 2 times (x 110B)
Class com.google.common.collect.IndexedImmutableSet                                   : loaded 2 times (x 148B)
Class com.google.common.collect.AbstractListMultimap                                  : loaded 2 times (x 170B)
Class com.google.common.base.CharMatcher$Any                                          : loaded 2 times (x 110B)
Class org.gradle.internal.installation.GradleInstallation                             : loaded 2 times (x 73B)
Class com.google.common.collect.ArrayListMultimapGwtSerializationDependencies         : loaded 2 times (x 170B)
Class com.google.common.base.CharMatcher$RangesMatcher                                : loaded 2 times (x 110B)
Class com.google.common.collect.ImmutableList$SubList                                 : loaded 2 times (x 168B)
Class org.gradle.internal.classloader.ClasspathUtil                                   : loaded 2 times (x 69B)
Class com.google.common.base.Splitter$1                                               : loaded 2 times (x 75B)
Class com.google.common.collect.Maps$BiMapConverter                                   : loaded 2 times (x 88B)
Class org.gradle.api.internal.DefaultClassPathRegistry                                : loaded 2 times (x 74B)
Class com.google.common.collect.ImmutableSet$SetBuilderImpl                           : loaded 2 times (x 74B)
Class org.gradle.api.internal.classpath.DefaultModuleRegistry$DefaultModule           : loaded 2 times (x 84B)
Class com.google.common.base.CharMatcher$JavaIsoControl                               : loaded 2 times (x 110B)
Class com.google.common.collect.ImmutableMap$1                                        : loaded 2 times (x 79B)
Class com.google.common.base.CharMatcher$Or                                           : loaded 2 times (x 110B)
Class org.gradle.kotlin.dsl.VersionCatalogAccessorsKt                                 : loaded 2 times (x 69B)
Class com.google.common.collect.Iterables                                             : loaded 2 times (x 69B)
Class com.google.common.base.CharMatcher$JavaLowerCase                                : loaded 2 times (x 109B)
Class org.gradle.api.internal.classpath.UnknownModuleException                        : loaded 2 times (x 80B)
Class com.google.common.collect.Maps$EntryTransformer                                 : loaded 2 times (x 68B)
Class com.google.common.collect.ImmutableCollection$Builder                           : loaded 2 times (x 74B)
Class com.google.common.base.CommonPattern                                            : loaded 2 times (x 72B)
Class org.gradle.internal.service.ServiceLookupException                              : loaded 2 times (x 80B)
Class org.gradle.cache.GlobalCache                                                    : loaded 2 times (x 68B)
Class com.google.common.base.CharMatcher$NegatedFastMatcher                           : loaded 2 times (x 111B)
Class [Lorg.gradle.api.internal.ClassPathProvider;                                    : loaded 2 times (x 67B)
Class org.gradle.util.internal.GUtil                                                  : loaded 2 times (x 69B)
Class com.google.common.math.IntMath                                                  : loaded 2 times (x 69B)
Class com.google.common.collect.AbstractIterator                                      : loaded 2 times (x 80B)
Class org.gradle.internal.classloader.ClassLoaderSpec                                 : loaded 2 times (x 69B)
Class com.google.common.base.NullnessCasts                                            : loaded 2 times (x 69B)
Class com.google.common.collect.AbstractMapEntry                                      : loaded 2 times (x 79B)
Class com.google.common.base.CharMatcher$Negated                                      : loaded 2 times (x 111B)
Class com.google.common.collect.ImmutableSet$Builder                                  : loaded 2 times (x 83B)
Class com.google.common.base.CharMatcher$ForPredicate                                 : loaded 2 times (x 110B)
Class com.google.common.collect.ImmutableMap$MapViewOfValuesAsSingletonSets           : loaded 2 times (x 123B)
Class com.google.common.collect.SortedMapDifference                                   : loaded 2 times (x 68B)
Class org.gradle.internal.classloader.VisitableURLClassLoader                         : loaded 2 times (x 115B)
Class com.google.common.collect.ImmutableBiMap                                        : loaded 2 times (x 141B)
Class org.gradle.internal.Cast                                                        : loaded 2 times (x 69B)
Class Build_gradle                                                                    : loaded 2 times (x 70B)
Class org.gradle.api.internal.ClassPathRegistry                                       : loaded 2 times (x 68B)
Class com.google.common.collect.ImmutableSet                                          : loaded 2 times (x 143B)
Class org.gradle.internal.classloader.VisitableURLClassLoader$InstrumentingVisitableURLClassLoader: loaded 2 times (x 121B)
Class org.gradle.internal.classloader.ClassLoaderHierarchy                            : loaded 2 times (x 68B)
Class com.google.common.base.AbstractIterator$State                                   : loaded 2 times (x 77B)
Class com.google.common.base.CharMatcher$NamedFastMatcher                             : loaded 2 times (x 110B)
Class org.gradle.internal.InternalTransformer                                         : loaded 2 times (x 68B)
Class org.gradle.internal.service.ServiceLocator                                      : loaded 2 times (x 68B)
Class Settings_gradle$1                                                               : loaded 2 times (x 72B)
Class com.google.common.collect.ImmutableMapEntry                                     : loaded 2 times (x 83B)
Class com.google.common.base.CharMatcher$Invisible                                    : loaded 2 times (x 110B)
Class com.google.common.base.CharMatcher$FastMatcher                                  : loaded 2 times (x 109B)
Class org.gradle.internal.classpath.DefaultClassPath$ImmutableUniqueList              : loaded 2 times (x 159B)
Class com.google.common.base.CharMatcher$JavaLetter                                   : loaded 2 times (x 109B)
Class org.gradle.internal.classpath.TransformedClassPath                              : loaded 2 times (x 94B)
Class com.google.common.collect.MapDifference                                         : loaded 2 times (x 68B)
Class Settings_gradle                                                                 : loaded 2 times (x 126B)
Class com.google.common.collect.Platform                                              : loaded 2 times (x 69B)
Class com.google.common.collect.ImmutableAsList                                       : loaded 2 times (x 169B)
Class com.google.common.base.CharMatcher$AnyOf                                        : loaded 2 times (x 110B)
Class com.google.common.base.CharMatcher$IsEither                                     : loaded 2 times (x 109B)
Class com.google.common.collect.RegularImmutableList                                  : loaded 2 times (x 172B)
Class com.google.common.base.CharMatcher$JavaUpperCase                                : loaded 2 times (x 109B)
Class com.google.common.collect.Multiset                                              : loaded 2 times (x 68B)
Class com.google.common.collect.ImmutableSet$CachingAsList                            : loaded 2 times (x 145B)
Class com.google.common.collect.ImmutableMapEntry$NonTerminalImmutableMapEntry        : loaded 2 times (x 83B)
Class com.google.common.collect.AbstractMapBasedMultimap                              : loaded 2 times (x 137B)


---------------  S Y S T E M  ---------------

OS:
 Windows 10 , 64 bit Build 19041 (10.0.19041.5198)
OS uptime: 0 days 1:33 hours

CPU: total 12 (initial active 12) (6 cores per cpu, 2 threads per core) family 6 model 167 stepping 1 microcode 0x5e, cx8, cmov, fxsr, ht, mmx, 3dnowpref, sse, sse2, sse3, ssse3, sse4.1, sse4.2, popcnt, lzcnt, tsc, tscinvbit, avx, avx2, aes, erms, clmul, bmi1, bmi2, adx, avx512f, avx512dq, avx512cd, avx512bw, avx512vl, sha, fma, vzeroupper, avx512_vpopcntdq, avx512_vpclmulqdq, avx512_vaes, avx512_vnni, clflush, clflushopt, avx512_vbmi2, avx512_vbmi
Processor Information for all 12 processors :
  Max Mhz: 2592, Current Mhz: 2592, Mhz Limit: 2592

Memory: 4k page, system-wide physical 16193M (523M free)
TotalPageFile size 16193M (AvailPageFile size 68M)
current process WorkingSet (physical memory assigned to process): 293M, peak: 293M
current process commit charge ("private bytes"): 350M, peak: 439M

vm_info: OpenJDK 64-Bit Server VM (17.0.11+0--11852314) for windows-amd64 JRE (17.0.11+0--11852314), built on May 16 2024 21:29:20 by "androidbuild" with MS VC++ 16.10 / 16.11 (VS2019)

END.
